WARNING 2016-10-13 10:22:18,565 Not Found: /scrape.php
WARNING 2016-10-13 10:22:18,565 Not Found: /scrape.php
WARNING 2016-10-13 10:22:24,109 Not Found: /announce.php
WARNING 2016-10-13 10:22:24,112 Not Found: /announce.php
WARNING 2016-10-13 10:22:24,114 Not Found: /announce.php
WARNING 2016-10-13 10:22:24,109 Not Found: /announce.php
WARNING 2016-10-13 10:22:24,112 Not Found: /announce.php
WARNING 2016-10-13 10:22:24,114 Not Found: /announce.php
WARNING 2016-10-13 10:22:27,044 Not Found: /announce.php
WARNING 2016-10-13 10:22:27,045 Not Found: /announce.php
WARNING 2016-10-13 10:22:27,044 Not Found: /announce.php
WARNING 2016-10-13 10:22:27,045 Not Found: /announce.php
WARNING 2016-10-13 10:22:29,053 Not Found: /announce.php
WARNING 2016-10-13 10:22:29,053 Not Found: /announce.php
WARNING 2016-10-13 10:24:27,035 Not Found: /announce.php
WARNING 2016-10-13 10:24:27,035 Not Found: /announce.php
WARNING 2016-10-13 10:24:27,036 Not Found: /announce.php
WARNING 2016-10-13 10:24:27,037 Not Found: /announce.php
WARNING 2016-10-13 10:24:27,035 Not Found: /announce.php
WARNING 2016-10-13 10:24:27,035 Not Found: /announce.php
WARNING 2016-10-13 10:24:27,036 Not Found: /announce.php
WARNING 2016-10-13 10:24:27,037 Not Found: /announce.php
WARNING 2016-10-13 10:25:36,065 Not Found: /announce.php
WARNING 2016-10-13 10:25:36,065 Not Found: /announce.php
WARNING 2016-10-13 10:26:18,076 Not Found: /announce.php
WARNING 2016-10-13 10:26:18,076 Not Found: /announce.php
WARNING 2016-10-13 10:26:48,073 Not Found: /announce.php
WARNING 2016-10-13 10:26:48,074 Not Found: /announce.php
WARNING 2016-10-13 10:26:48,073 Not Found: /announce.php
WARNING 2016-10-13 10:26:48,074 Not Found: /announce.php
WARNING 2016-10-13 10:26:48,074 Not Found: /announce.php
WARNING 2016-10-13 10:26:48,074 Not Found: /announce.php
WARNING 2016-10-13 10:26:57,089 Not Found: /announce.php
WARNING 2016-10-13 10:26:57,090 Not Found: /announce.php
WARNING 2016-10-13 10:26:57,089 Not Found: /announce.php
WARNING 2016-10-13 10:26:57,090 Not Found: /announce.php
WARNING 2016-10-13 10:27:57,055 Not Found: /announce.php
WARNING 2016-10-13 10:27:57,055 Not Found: /announce.php
WARNING 2016-10-13 10:28:36,068 Not Found: /announce.php
WARNING 2016-10-13 10:28:36,068 Not Found: /announce.php
WARNING 2016-10-13 10:29:06,083 Not Found: /announce.php
WARNING 2016-10-13 10:29:06,084 Not Found: /announce.php
WARNING 2016-10-13 10:29:06,085 Not Found: /announce.php
WARNING 2016-10-13 10:29:06,083 Not Found: /announce.php
WARNING 2016-10-13 10:29:06,084 Not Found: /announce.php
WARNING 2016-10-13 10:29:06,085 Not Found: /announce.php
WARNING 2016-10-13 10:29:18,061 Not Found: /announce.php
WARNING 2016-10-13 10:29:18,063 Not Found: /announce.php
WARNING 2016-10-13 10:29:18,061 Not Found: /announce.php
WARNING 2016-10-13 10:29:18,063 Not Found: /announce.php
WARNING 2016-10-13 10:29:57,043 Not Found: /announce.php
WARNING 2016-10-13 10:29:57,043 Not Found: /announce.php
WARNING 2016-10-13 10:30:18,054 Not Found: /announce.php
WARNING 2016-10-13 10:30:18,054 Not Found: /announce.php
WARNING 2016-10-13 10:30:57,037 Not Found: /announce.php
WARNING 2016-10-13 10:30:57,037 Not Found: /announce.php
WARNING 2016-10-13 10:31:27,066 Not Found: /announce.php
WARNING 2016-10-13 10:31:27,068 Not Found: /announce.php
WARNING 2016-10-13 10:31:27,066 Not Found: /announce.php
WARNING 2016-10-13 10:31:27,068 Not Found: /announce.php
WARNING 2016-10-13 10:52:27,046 Not Found: /announce.php
WARNING 2016-10-13 10:52:27,047 Not Found: /announce.php
WARNING 2016-10-13 10:52:27,048 Not Found: /announce.php
WARNING 2016-10-13 10:52:27,046 Not Found: /announce.php
WARNING 2016-10-13 10:52:27,047 Not Found: /announce.php
WARNING 2016-10-13 10:52:27,048 Not Found: /announce.php
WARNING 2016-10-13 10:52:30,054 Not Found: /announce.php
WARNING 2016-10-13 10:52:30,055 Not Found: /announce.php
WARNING 2016-10-13 10:52:30,054 Not Found: /announce.php
WARNING 2016-10-13 10:52:30,055 Not Found: /announce.php
WARNING 2016-10-13 10:52:32,055 Not Found: /announce.php
WARNING 2016-10-13 10:52:32,055 Not Found: /announce.php
WARNING 2016-10-13 10:54:30,040 Not Found: /announce.php
WARNING 2016-10-13 10:54:30,042 Not Found: /announce.php
WARNING 2016-10-13 10:54:30,044 Not Found: /announce.php
WARNING 2016-10-13 10:54:30,040 Not Found: /announce.php
WARNING 2016-10-13 10:54:30,045 Not Found: /announce.php
WARNING 2016-10-13 10:54:30,042 Not Found: /announce.php
WARNING 2016-10-13 10:54:30,044 Not Found: /announce.php
WARNING 2016-10-13 10:54:30,045 Not Found: /announce.php
WARNING 2016-10-13 10:55:39,079 Not Found: /announce.php
WARNING 2016-10-13 10:55:39,079 Not Found: /announce.php
WARNING 2016-10-13 10:56:21,055 Not Found: /announce.php
WARNING 2016-10-13 10:56:21,055 Not Found: /announce.php
WARNING 2016-10-13 10:56:51,057 Not Found: /announce.php
WARNING 2016-10-13 10:56:51,058 Not Found: /announce.php
WARNING 2016-10-13 10:56:51,058 Not Found: /announce.php
WARNING 2016-10-13 10:56:51,057 Not Found: /announce.php
WARNING 2016-10-13 10:56:51,058 Not Found: /announce.php
WARNING 2016-10-13 10:56:51,058 Not Found: /announce.php
WARNING 2016-10-13 10:57:00,041 Not Found: /announce.php
WARNING 2016-10-13 10:57:00,042 Not Found: /announce.php
WARNING 2016-10-13 10:57:00,041 Not Found: /announce.php
WARNING 2016-10-13 10:57:00,042 Not Found: /announce.php
WARNING 2016-10-13 10:58:00,071 Not Found: /announce.php
WARNING 2016-10-13 10:58:00,071 Not Found: /announce.php
WARNING 2016-10-13 10:58:39,052 Not Found: /announce.php
WARNING 2016-10-13 10:58:39,052 Not Found: /announce.php
WARNING 2016-10-13 10:59:09,055 Not Found: /announce.php
WARNING 2016-10-13 10:59:09,056 Not Found: /announce.php
WARNING 2016-10-13 10:59:09,057 Not Found: /announce.php
WARNING 2016-10-13 10:59:09,055 Not Found: /announce.php
WARNING 2016-10-13 10:59:09,056 Not Found: /announce.php
WARNING 2016-10-13 10:59:09,057 Not Found: /announce.php
WARNING 2016-10-13 10:59:21,082 Not Found: /announce.php
WARNING 2016-10-13 10:59:21,084 Not Found: /announce.php
WARNING 2016-10-13 10:59:21,082 Not Found: /announce.php
WARNING 2016-10-13 10:59:21,084 Not Found: /announce.php
WARNING 2016-10-13 11:00:00,041 Not Found: /announce.php
WARNING 2016-10-13 11:00:00,041 Not Found: /announce.php
WARNING 2016-10-13 11:00:21,041 Not Found: /announce.php
WARNING 2016-10-13 11:00:21,041 Not Found: /announce.php
WARNING 2016-10-13 11:01:00,067 Not Found: /announce.php
WARNING 2016-10-13 11:01:00,067 Not Found: /announce.php
WARNING 2016-10-13 11:01:30,077 Not Found: /announce.php
WARNING 2016-10-13 11:01:30,077 Not Found: /announce.php
WARNING 2016-10-13 11:01:30,080 Not Found: /announce.php
WARNING 2016-10-13 11:01:30,080 Not Found: /announce.php
WARNING 2016-10-13 11:04:24,577 Not Found: /favicon.ico
WARNING 2016-10-13 11:04:24,577 Not Found: /favicon.ico
ERROR 2016-10-13 11:09:14,145 Internal Server Error: /uav1
Traceback (most recent call last):
  File "C:\Python34\lib\site-packages\django\core\urlresolvers.py", line 106, in get_callable
    mod = import_module(mod_name)
  File "C:\Python34\lib\importlib\__init__.py", line 109, in import_module
    return _bootstrap._gcd_import(name[level:], package, level)
  File "<frozen importlib._bootstrap>", line 2254, in _gcd_import
  File "<frozen importlib._bootstrap>", line 2237, in _find_and_load
  File "<frozen importlib._bootstrap>", line 2224, in _find_and_load_unlocked
ImportError: No module named 'frontend.views.uav.frontend_uav_job_list'

During handling of the above exception, another exception occurred:

Traceback (most recent call last):
  File "C:\Python34\lib\site-packages\django\core\handlers\base.py", line 108, in get_response
    response = middleware_method(request)
  File "C:\Python34\lib\site-packages\django\middleware\common.py", line 75, in process_request
    urlresolvers.is_valid_path("%s/" % request.path_info, urlconf)):
  File "C:\Python34\lib\site-packages\django\core\urlresolvers.py", line 647, in is_valid_path
    resolve(path, urlconf)
  File "C:\Python34\lib\site-packages\django\core\urlresolvers.py", line 522, in resolve
    return get_resolver(urlconf).resolve(path)
  File "C:\Python34\lib\site-packages\django\core\urlresolvers.py", line 368, in resolve
    sub_match = pattern.resolve(new_path)
  File "C:\Python34\lib\site-packages\django\core\urlresolvers.py", line 240, in resolve
    return ResolverMatch(self.callback, args, kwargs, self.name)
  File "C:\Python34\lib\site-packages\django\core\urlresolvers.py", line 247, in callback
    self._callback = get_callable(self._callback_str)
  File "C:\Python34\lib\functools.py", line 448, in wrapper
    result = user_function(*args, **kwds)
  File "C:\Python34\lib\site-packages\django\core\urlresolvers.py", line 115, in get_callable
    (lookup_view, mod_name))
django.core.exceptions.ViewDoesNotExist: Could not import 'frontend.views.uav.frontend_uav_job_list.frontend_uav_job_list'. Parent module frontend.views.uav.frontend_uav_job_list does not exist.
ERROR 2016-10-13 11:09:14,145 Internal Server Error: /uav1
Traceback (most recent call last):
  File "C:\Python34\lib\site-packages\django\core\urlresolvers.py", line 106, in get_callable
    mod = import_module(mod_name)
  File "C:\Python34\lib\importlib\__init__.py", line 109, in import_module
    return _bootstrap._gcd_import(name[level:], package, level)
  File "<frozen importlib._bootstrap>", line 2254, in _gcd_import
  File "<frozen importlib._bootstrap>", line 2237, in _find_and_load
  File "<frozen importlib._bootstrap>", line 2224, in _find_and_load_unlocked
ImportError: No module named 'frontend.views.uav.frontend_uav_job_list'

During handling of the above exception, another exception occurred:

Traceback (most recent call last):
  File "C:\Python34\lib\site-packages\django\core\handlers\base.py", line 108, in get_response
    response = middleware_method(request)
  File "C:\Python34\lib\site-packages\django\middleware\common.py", line 75, in process_request
    urlresolvers.is_valid_path("%s/" % request.path_info, urlconf)):
  File "C:\Python34\lib\site-packages\django\core\urlresolvers.py", line 647, in is_valid_path
    resolve(path, urlconf)
  File "C:\Python34\lib\site-packages\django\core\urlresolvers.py", line 522, in resolve
    return get_resolver(urlconf).resolve(path)
  File "C:\Python34\lib\site-packages\django\core\urlresolvers.py", line 368, in resolve
    sub_match = pattern.resolve(new_path)
  File "C:\Python34\lib\site-packages\django\core\urlresolvers.py", line 240, in resolve
    return ResolverMatch(self.callback, args, kwargs, self.name)
  File "C:\Python34\lib\site-packages\django\core\urlresolvers.py", line 247, in callback
    self._callback = get_callable(self._callback_str)
  File "C:\Python34\lib\functools.py", line 448, in wrapper
    result = user_function(*args, **kwds)
  File "C:\Python34\lib\site-packages\django\core\urlresolvers.py", line 115, in get_callable
    (lookup_view, mod_name))
django.core.exceptions.ViewDoesNotExist: Could not import 'frontend.views.uav.frontend_uav_job_list.frontend_uav_job_list'. Parent module frontend.views.uav.frontend_uav_job_list does not exist.
WARNING 2016-10-13 11:17:48,377 Not Found: /uavjobselect/
WARNING 2016-10-13 11:17:48,377 Not Found: /uavjobselect/
WARNING 2016-10-13 11:22:30,087 Not Found: /announce.php
WARNING 2016-10-13 11:22:30,089 Not Found: /announce.php
WARNING 2016-10-13 11:22:30,092 Not Found: /announce.php
WARNING 2016-10-13 11:22:30,087 Not Found: /announce.php
WARNING 2016-10-13 11:22:30,089 Not Found: /announce.php
WARNING 2016-10-13 11:22:30,092 Not Found: /announce.php
WARNING 2016-10-13 11:22:33,041 Not Found: /announce.php
WARNING 2016-10-13 11:22:33,042 Not Found: /announce.php
WARNING 2016-10-13 11:22:33,041 Not Found: /announce.php
WARNING 2016-10-13 11:22:33,042 Not Found: /announce.php
WARNING 2016-10-13 11:22:35,053 Not Found: /announce.php
WARNING 2016-10-13 11:22:35,053 Not Found: /announce.php
WARNING 2016-10-13 11:24:33,088 Not Found: /announce.php
WARNING 2016-10-13 11:24:33,090 Not Found: /announce.php
WARNING 2016-10-13 11:24:33,092 Not Found: /announce.php
WARNING 2016-10-13 11:24:33,094 Not Found: /announce.php
WARNING 2016-10-13 11:24:33,088 Not Found: /announce.php
WARNING 2016-10-13 11:24:33,090 Not Found: /announce.php
WARNING 2016-10-13 11:24:33,092 Not Found: /announce.php
WARNING 2016-10-13 11:24:33,094 Not Found: /announce.php
WARNING 2016-10-13 11:25:42,081 Not Found: /announce.php
WARNING 2016-10-13 11:25:42,081 Not Found: /announce.php
WARNING 2016-10-13 11:26:24,050 Not Found: /announce.php
WARNING 2016-10-13 11:26:24,050 Not Found: /announce.php
WARNING 2016-10-13 11:26:54,065 Not Found: /announce.php
WARNING 2016-10-13 11:26:54,066 Not Found: /announce.php
WARNING 2016-10-13 11:26:54,067 Not Found: /announce.php
WARNING 2016-10-13 11:26:54,065 Not Found: /announce.php
WARNING 2016-10-13 11:26:54,066 Not Found: /announce.php
WARNING 2016-10-13 11:26:54,067 Not Found: /announce.php
WARNING 2016-10-13 11:27:03,072 Not Found: /announce.php
WARNING 2016-10-13 11:27:03,075 Not Found: /announce.php
WARNING 2016-10-13 11:27:03,072 Not Found: /announce.php
WARNING 2016-10-13 11:27:03,075 Not Found: /announce.php
WARNING 2016-10-13 11:28:03,074 Not Found: /announce.php
WARNING 2016-10-13 11:28:03,074 Not Found: /announce.php
WARNING 2016-10-13 11:28:42,066 Not Found: /announce.php
WARNING 2016-10-13 11:28:42,066 Not Found: /announce.php
WARNING 2016-10-13 11:29:12,049 Not Found: /announce.php
WARNING 2016-10-13 11:29:12,050 Not Found: /announce.php
WARNING 2016-10-13 11:29:12,050 Not Found: /announce.php
WARNING 2016-10-13 11:29:12,049 Not Found: /announce.php
WARNING 2016-10-13 11:29:12,050 Not Found: /announce.php
WARNING 2016-10-13 11:29:12,050 Not Found: /announce.php
WARNING 2016-10-13 11:29:24,073 Not Found: /announce.php
WARNING 2016-10-13 11:29:24,074 Not Found: /announce.php
WARNING 2016-10-13 11:29:24,073 Not Found: /announce.php
WARNING 2016-10-13 11:29:24,074 Not Found: /announce.php
WARNING 2016-10-13 11:30:03,059 Not Found: /announce.php
WARNING 2016-10-13 11:30:03,059 Not Found: /announce.php
WARNING 2016-10-13 11:30:24,078 Not Found: /announce.php
WARNING 2016-10-13 11:30:24,078 Not Found: /announce.php
WARNING 2016-10-13 11:31:03,034 Not Found: /announce.php
WARNING 2016-10-13 11:31:03,034 Not Found: /announce.php
WARNING 2016-10-13 11:31:33,073 Not Found: /announce.php
WARNING 2016-10-13 11:31:33,074 Not Found: /announce.php
WARNING 2016-10-13 11:31:33,073 Not Found: /announce.php
WARNING 2016-10-13 11:31:33,074 Not Found: /announce.php
WARNING 2016-10-13 11:35:02,359 Not Found: /uav1/
WARNING 2016-10-13 11:35:02,359 Not Found: /uav1/
ERROR 2016-10-13 11:45:44,574 Internal Server Error: /backend/index_ajax/
Traceback (most recent call last):
  File "C:\Python34\lib\site-packages\django\core\handlers\base.py", line 132, in get_response
    response = wrapped_callback(request, *callback_args, **callback_kwargs)
  File "C:\Python34\lib\site-packages\django\views\decorators\csrf.py", line 58, in wrapped_view
    return view_func(*args, **kwargs)
  File "C:\Python34\lib\site-packages\django\contrib\auth\decorators.py", line 22, in _wrapped_view
    return view_func(request, *args, **kwargs)
  File "C:\uav\backend\views\ajax\backend_index_ajax.py", line 116, in backend_index_ajax
    job = Job.objects.get(number=u.last_job)
  File "C:\Python34\lib\site-packages\django\db\models\manager.py", line 127, in manager_method
    return getattr(self.get_queryset(), name)(*args, **kwargs)
  File "C:\Python34\lib\site-packages\django\db\models\query.py", line 334, in get
    self.model._meta.object_name
model.models.DoesNotExist: Job matching query does not exist.
ERROR 2016-10-13 11:45:44,574 Internal Server Error: /backend/index_ajax/
Traceback (most recent call last):
  File "C:\Python34\lib\site-packages\django\core\handlers\base.py", line 132, in get_response
    response = wrapped_callback(request, *callback_args, **callback_kwargs)
  File "C:\Python34\lib\site-packages\django\views\decorators\csrf.py", line 58, in wrapped_view
    return view_func(*args, **kwargs)
  File "C:\Python34\lib\site-packages\django\contrib\auth\decorators.py", line 22, in _wrapped_view
    return view_func(request, *args, **kwargs)
  File "C:\uav\backend\views\ajax\backend_index_ajax.py", line 116, in backend_index_ajax
    job = Job.objects.get(number=u.last_job)
  File "C:\Python34\lib\site-packages\django\db\models\manager.py", line 127, in manager_method
    return getattr(self.get_queryset(), name)(*args, **kwargs)
  File "C:\Python34\lib\site-packages\django\db\models\query.py", line 334, in get
    self.model._meta.object_name
model.models.DoesNotExist: Job matching query does not exist.
ERROR 2016-10-13 11:45:48,021 Internal Server Error: /backend/index_ajax/
Traceback (most recent call last):
  File "C:\Python34\lib\site-packages\django\core\handlers\base.py", line 132, in get_response
    response = wrapped_callback(request, *callback_args, **callback_kwargs)
  File "C:\Python34\lib\site-packages\django\views\decorators\csrf.py", line 58, in wrapped_view
    return view_func(*args, **kwargs)
  File "C:\Python34\lib\site-packages\django\contrib\auth\decorators.py", line 22, in _wrapped_view
    return view_func(request, *args, **kwargs)
  File "C:\uav\backend\views\ajax\backend_index_ajax.py", line 116, in backend_index_ajax
    job = Job.objects.get(number=u.last_job)
  File "C:\Python34\lib\site-packages\django\db\models\manager.py", line 127, in manager_method
    return getattr(self.get_queryset(), name)(*args, **kwargs)
  File "C:\Python34\lib\site-packages\django\db\models\query.py", line 334, in get
    self.model._meta.object_name
model.models.DoesNotExist: Job matching query does not exist.
ERROR 2016-10-13 11:45:48,021 Internal Server Error: /backend/index_ajax/
Traceback (most recent call last):
  File "C:\Python34\lib\site-packages\django\core\handlers\base.py", line 132, in get_response
    response = wrapped_callback(request, *callback_args, **callback_kwargs)
  File "C:\Python34\lib\site-packages\django\views\decorators\csrf.py", line 58, in wrapped_view
    return view_func(*args, **kwargs)
  File "C:\Python34\lib\site-packages\django\contrib\auth\decorators.py", line 22, in _wrapped_view
    return view_func(request, *args, **kwargs)
  File "C:\uav\backend\views\ajax\backend_index_ajax.py", line 116, in backend_index_ajax
    job = Job.objects.get(number=u.last_job)
  File "C:\Python34\lib\site-packages\django\db\models\manager.py", line 127, in manager_method
    return getattr(self.get_queryset(), name)(*args, **kwargs)
  File "C:\Python34\lib\site-packages\django\db\models\query.py", line 334, in get
    self.model._meta.object_name
model.models.DoesNotExist: Job matching query does not exist.
ERROR 2016-10-13 11:45:57,652 Internal Server Error: /backend/index_ajax/
Traceback (most recent call last):
  File "C:\Python34\lib\site-packages\django\core\handlers\base.py", line 132, in get_response
    response = wrapped_callback(request, *callback_args, **callback_kwargs)
  File "C:\Python34\lib\site-packages\django\views\decorators\csrf.py", line 58, in wrapped_view
    return view_func(*args, **kwargs)
  File "C:\Python34\lib\site-packages\django\contrib\auth\decorators.py", line 22, in _wrapped_view
    return view_func(request, *args, **kwargs)
  File "C:\uav\backend\views\ajax\backend_index_ajax.py", line 116, in backend_index_ajax
    job = Job.objects.get(number=u.last_job)
  File "C:\Python34\lib\site-packages\django\db\models\manager.py", line 127, in manager_method
    return getattr(self.get_queryset(), name)(*args, **kwargs)
  File "C:\Python34\lib\site-packages\django\db\models\query.py", line 334, in get
    self.model._meta.object_name
model.models.DoesNotExist: Job matching query does not exist.
ERROR 2016-10-13 11:45:57,652 Internal Server Error: /backend/index_ajax/
Traceback (most recent call last):
  File "C:\Python34\lib\site-packages\django\core\handlers\base.py", line 132, in get_response
    response = wrapped_callback(request, *callback_args, **callback_kwargs)
  File "C:\Python34\lib\site-packages\django\views\decorators\csrf.py", line 58, in wrapped_view
    return view_func(*args, **kwargs)
  File "C:\Python34\lib\site-packages\django\contrib\auth\decorators.py", line 22, in _wrapped_view
    return view_func(request, *args, **kwargs)
  File "C:\uav\backend\views\ajax\backend_index_ajax.py", line 116, in backend_index_ajax
    job = Job.objects.get(number=u.last_job)
  File "C:\Python34\lib\site-packages\django\db\models\manager.py", line 127, in manager_method
    return getattr(self.get_queryset(), name)(*args, **kwargs)
  File "C:\Python34\lib\site-packages\django\db\models\query.py", line 334, in get
    self.model._meta.object_name
model.models.DoesNotExist: Job matching query does not exist.
WARNING 2016-10-13 11:46:02,253 Not Found: /get_job_border_ajax/
WARNING 2016-10-13 11:46:02,253 Not Found: /get_job_border_ajax/
WARNING 2016-10-13 11:52:33,076 Not Found: /announce.php
WARNING 2016-10-13 11:52:33,079 Not Found: /announce.php
WARNING 2016-10-13 11:52:33,081 Not Found: /announce.php
WARNING 2016-10-13 11:52:33,076 Not Found: /announce.php
WARNING 2016-10-13 11:52:33,079 Not Found: /announce.php
WARNING 2016-10-13 11:52:33,081 Not Found: /announce.php
WARNING 2016-10-13 11:52:36,057 Not Found: /announce.php
WARNING 2016-10-13 11:52:36,058 Not Found: /announce.php
WARNING 2016-10-13 11:52:36,057 Not Found: /announce.php
WARNING 2016-10-13 11:52:36,058 Not Found: /announce.php
WARNING 2016-10-13 11:52:38,078 Not Found: /announce.php
WARNING 2016-10-13 11:52:38,078 Not Found: /announce.php
WARNING 2016-10-13 11:54:36,066 Not Found: /announce.php
WARNING 2016-10-13 11:54:36,069 Not Found: /announce.php
WARNING 2016-10-13 11:54:36,072 Not Found: /announce.php
WARNING 2016-10-13 11:54:36,074 Not Found: /announce.php
WARNING 2016-10-13 11:54:36,066 Not Found: /announce.php
WARNING 2016-10-13 11:54:36,069 Not Found: /announce.php
WARNING 2016-10-13 11:54:36,072 Not Found: /announce.php
WARNING 2016-10-13 11:54:36,074 Not Found: /announce.php
WARNING 2016-10-13 11:55:45,074 Not Found: /announce.php
WARNING 2016-10-13 11:55:45,074 Not Found: /announce.php
WARNING 2016-10-13 11:56:27,074 Not Found: /announce.php
WARNING 2016-10-13 11:56:27,074 Not Found: /announce.php
WARNING 2016-10-13 11:56:57,081 Not Found: /announce.php
WARNING 2016-10-13 11:56:57,084 Not Found: /announce.php
WARNING 2016-10-13 11:56:57,086 Not Found: /announce.php
WARNING 2016-10-13 11:56:57,081 Not Found: /announce.php
WARNING 2016-10-13 11:56:57,084 Not Found: /announce.php
WARNING 2016-10-13 11:56:57,086 Not Found: /announce.php
WARNING 2016-10-13 11:57:06,044 Not Found: /announce.php
WARNING 2016-10-13 11:57:06,045 Not Found: /announce.php
WARNING 2016-10-13 11:57:06,044 Not Found: /announce.php
WARNING 2016-10-13 11:57:06,045 Not Found: /announce.php
WARNING 2016-10-13 11:58:06,069 Not Found: /announce.php
WARNING 2016-10-13 11:58:06,069 Not Found: /announce.php
WARNING 2016-10-13 11:58:45,052 Not Found: /announce.php
WARNING 2016-10-13 11:58:45,052 Not Found: /announce.php
WARNING 2016-10-13 11:59:15,066 Not Found: /announce.php
WARNING 2016-10-13 11:59:15,068 Not Found: /announce.php
WARNING 2016-10-13 11:59:15,071 Not Found: /announce.php
WARNING 2016-10-13 11:59:15,066 Not Found: /announce.php
WARNING 2016-10-13 11:59:15,068 Not Found: /announce.php
WARNING 2016-10-13 11:59:15,071 Not Found: /announce.php
WARNING 2016-10-13 11:59:27,080 Not Found: /announce.php
WARNING 2016-10-13 11:59:27,082 Not Found: /announce.php
WARNING 2016-10-13 11:59:27,080 Not Found: /announce.php
WARNING 2016-10-13 11:59:27,082 Not Found: /announce.php
WARNING 2016-10-13 12:00:06,062 Not Found: /announce.php
WARNING 2016-10-13 12:00:06,062 Not Found: /announce.php
WARNING 2016-10-13 12:00:27,062 Not Found: /announce.php
WARNING 2016-10-13 12:00:27,062 Not Found: /announce.php
WARNING 2016-10-13 12:01:06,083 Not Found: /announce.php
WARNING 2016-10-13 12:01:06,083 Not Found: /announce.php
WARNING 2016-10-13 12:01:36,067 Not Found: /announce.php
WARNING 2016-10-13 12:01:36,069 Not Found: /announce.php
WARNING 2016-10-13 12:01:36,067 Not Found: /announce.php
WARNING 2016-10-13 12:01:36,069 Not Found: /announce.php
WARNING 2016-10-13 12:22:36,052 Not Found: /announce.php
WARNING 2016-10-13 12:22:36,054 Not Found: /announce.php
WARNING 2016-10-13 12:22:36,056 Not Found: /announce.php
WARNING 2016-10-13 12:22:36,052 Not Found: /announce.php
WARNING 2016-10-13 12:22:36,054 Not Found: /announce.php
WARNING 2016-10-13 12:22:36,056 Not Found: /announce.php
WARNING 2016-10-13 12:22:39,087 Not Found: /announce.php
WARNING 2016-10-13 12:22:39,090 Not Found: /announce.php
WARNING 2016-10-13 12:22:39,087 Not Found: /announce.php
WARNING 2016-10-13 12:22:39,090 Not Found: /announce.php
WARNING 2016-10-13 12:22:41,077 Not Found: /announce.php
WARNING 2016-10-13 12:22:41,077 Not Found: /announce.php
WARNING 2016-10-13 12:24:39,052 Not Found: /announce.php
WARNING 2016-10-13 12:24:39,052 Not Found: /announce.php
WARNING 2016-10-13 12:24:39,053 Not Found: /announce.php
WARNING 2016-10-13 12:24:39,054 Not Found: /announce.php
WARNING 2016-10-13 12:24:39,052 Not Found: /announce.php
WARNING 2016-10-13 12:24:39,052 Not Found: /announce.php
WARNING 2016-10-13 12:24:39,053 Not Found: /announce.php
WARNING 2016-10-13 12:24:39,054 Not Found: /announce.php
WARNING 2016-10-13 12:25:48,063 Not Found: /announce.php
WARNING 2016-10-13 12:25:48,063 Not Found: /announce.php
WARNING 2016-10-13 12:26:30,069 Not Found: /announce.php
WARNING 2016-10-13 12:26:30,069 Not Found: /announce.php
WARNING 2016-10-13 12:27:00,068 Not Found: /announce.php
WARNING 2016-10-13 12:27:00,071 Not Found: /announce.php
WARNING 2016-10-13 12:27:00,073 Not Found: /announce.php
WARNING 2016-10-13 12:27:00,068 Not Found: /announce.php
WARNING 2016-10-13 12:27:00,071 Not Found: /announce.php
WARNING 2016-10-13 12:27:00,073 Not Found: /announce.php
WARNING 2016-10-13 12:27:09,072 Not Found: /announce.php
WARNING 2016-10-13 12:27:09,075 Not Found: /announce.php
WARNING 2016-10-13 12:27:09,072 Not Found: /announce.php
WARNING 2016-10-13 12:27:09,075 Not Found: /announce.php
WARNING 2016-10-13 12:28:09,068 Not Found: /announce.php
WARNING 2016-10-13 12:28:09,068 Not Found: /announce.php
WARNING 2016-10-13 12:28:48,067 Not Found: /announce.php
WARNING 2016-10-13 12:28:48,067 Not Found: /announce.php
WARNING 2016-10-13 12:29:18,055 Not Found: /announce.php
WARNING 2016-10-13 12:29:18,055 Not Found: /announce.php
WARNING 2016-10-13 12:29:18,056 Not Found: /announce.php
WARNING 2016-10-13 12:29:18,055 Not Found: /announce.php
WARNING 2016-10-13 12:29:18,055 Not Found: /announce.php
WARNING 2016-10-13 12:29:18,056 Not Found: /announce.php
WARNING 2016-10-13 12:29:30,061 Not Found: /announce.php
WARNING 2016-10-13 12:29:30,062 Not Found: /announce.php
WARNING 2016-10-13 12:29:30,061 Not Found: /announce.php
WARNING 2016-10-13 12:29:30,062 Not Found: /announce.php
WARNING 2016-10-13 12:30:09,045 Not Found: /announce.php
WARNING 2016-10-13 12:30:09,045 Not Found: /announce.php
WARNING 2016-10-13 12:30:30,077 Not Found: /announce.php
WARNING 2016-10-13 12:30:30,077 Not Found: /announce.php
WARNING 2016-10-13 12:31:09,067 Not Found: /announce.php
WARNING 2016-10-13 12:31:09,067 Not Found: /announce.php
WARNING 2016-10-13 12:31:39,072 Not Found: /announce.php
WARNING 2016-10-13 12:31:39,074 Not Found: /announce.php
WARNING 2016-10-13 12:31:39,072 Not Found: /announce.php
WARNING 2016-10-13 12:31:39,074 Not Found: /announce.php
WARNING 2016-10-13 12:52:39,075 Not Found: /announce.php
WARNING 2016-10-13 12:52:39,078 Not Found: /announce.php
WARNING 2016-10-13 12:52:39,080 Not Found: /announce.php
WARNING 2016-10-13 12:52:39,075 Not Found: /announce.php
WARNING 2016-10-13 12:52:39,078 Not Found: /announce.php
WARNING 2016-10-13 12:52:39,080 Not Found: /announce.php
WARNING 2016-10-13 12:52:42,078 Not Found: /announce.php
WARNING 2016-10-13 12:52:42,080 Not Found: /announce.php
WARNING 2016-10-13 12:52:42,078 Not Found: /announce.php
WARNING 2016-10-13 12:52:42,080 Not Found: /announce.php
WARNING 2016-10-13 12:52:44,077 Not Found: /announce.php
WARNING 2016-10-13 12:52:44,077 Not Found: /announce.php
WARNING 2016-10-13 12:54:42,074 Not Found: /announce.php
WARNING 2016-10-13 12:54:42,075 Not Found: /announce.php
WARNING 2016-10-13 12:54:42,076 Not Found: /announce.php
WARNING 2016-10-13 12:54:42,077 Not Found: /announce.php
WARNING 2016-10-13 12:54:42,074 Not Found: /announce.php
WARNING 2016-10-13 12:54:42,075 Not Found: /announce.php
WARNING 2016-10-13 12:54:42,076 Not Found: /announce.php
WARNING 2016-10-13 12:54:42,077 Not Found: /announce.php
WARNING 2016-10-13 12:55:51,074 Not Found: /announce.php
WARNING 2016-10-13 12:55:51,074 Not Found: /announce.php
WARNING 2016-10-13 12:56:33,067 Not Found: /announce.php
WARNING 2016-10-13 12:56:33,067 Not Found: /announce.php
WARNING 2016-10-13 12:57:03,066 Not Found: /announce.php
WARNING 2016-10-13 12:57:03,067 Not Found: /announce.php
WARNING 2016-10-13 12:57:03,067 Not Found: /announce.php
WARNING 2016-10-13 12:57:03,066 Not Found: /announce.php
WARNING 2016-10-13 12:57:03,067 Not Found: /announce.php
WARNING 2016-10-13 12:57:03,067 Not Found: /announce.php
WARNING 2016-10-13 12:57:12,067 Not Found: /announce.php
WARNING 2016-10-13 12:57:12,070 Not Found: /announce.php
WARNING 2016-10-13 12:57:12,067 Not Found: /announce.php
WARNING 2016-10-13 12:57:12,070 Not Found: /announce.php
WARNING 2016-10-13 12:58:12,094 Not Found: /announce.php
WARNING 2016-10-13 12:58:12,094 Not Found: /announce.php
WARNING 2016-10-13 12:58:51,071 Not Found: /announce.php
WARNING 2016-10-13 12:58:51,071 Not Found: /announce.php
WARNING 2016-10-13 12:59:21,061 Not Found: /announce.php
WARNING 2016-10-13 12:59:21,063 Not Found: /announce.php
WARNING 2016-10-13 12:59:21,064 Not Found: /announce.php
WARNING 2016-10-13 12:59:21,061 Not Found: /announce.php
WARNING 2016-10-13 12:59:21,063 Not Found: /announce.php
WARNING 2016-10-13 12:59:21,064 Not Found: /announce.php
WARNING 2016-10-13 12:59:33,058 Not Found: /announce.php
WARNING 2016-10-13 12:59:33,060 Not Found: /announce.php
WARNING 2016-10-13 12:59:33,058 Not Found: /announce.php
WARNING 2016-10-13 12:59:33,060 Not Found: /announce.php
WARNING 2016-10-13 13:00:12,045 Not Found: /announce.php
WARNING 2016-10-13 13:00:12,045 Not Found: /announce.php
WARNING 2016-10-13 13:00:33,076 Not Found: /announce.php
WARNING 2016-10-13 13:00:33,076 Not Found: /announce.php
WARNING 2016-10-13 13:01:12,062 Not Found: /announce.php
WARNING 2016-10-13 13:01:12,062 Not Found: /announce.php
WARNING 2016-10-13 13:01:42,071 Not Found: /announce.php
WARNING 2016-10-13 13:01:42,074 Not Found: /announce.php
WARNING 2016-10-13 13:01:42,071 Not Found: /announce.php
WARNING 2016-10-13 13:01:42,074 Not Found: /announce.php
WARNING 2016-10-13 13:22:42,086 Not Found: /announce.php
WARNING 2016-10-13 13:22:42,086 Not Found: /announce.php
WARNING 2016-10-13 13:22:42,094 Not Found: /announce.php
WARNING 2016-10-13 13:22:42,100 Not Found: /announce.php
WARNING 2016-10-13 13:22:42,094 Not Found: /announce.php
WARNING 2016-10-13 13:22:42,100 Not Found: /announce.php
WARNING 2016-10-13 13:22:45,056 Not Found: /announce.php
WARNING 2016-10-13 13:22:45,058 Not Found: /announce.php
WARNING 2016-10-13 13:22:45,056 Not Found: /announce.php
WARNING 2016-10-13 13:22:45,058 Not Found: /announce.php
WARNING 2016-10-13 13:22:47,061 Not Found: /announce.php
WARNING 2016-10-13 13:22:47,061 Not Found: /announce.php
WARNING 2016-10-13 13:24:45,043 Not Found: /announce.php
WARNING 2016-10-13 13:24:45,044 Not Found: /announce.php
WARNING 2016-10-13 13:24:45,044 Not Found: /announce.php
WARNING 2016-10-13 13:24:45,045 Not Found: /announce.php
WARNING 2016-10-13 13:24:45,043 Not Found: /announce.php
WARNING 2016-10-13 13:24:45,044 Not Found: /announce.php
WARNING 2016-10-13 13:24:45,044 Not Found: /announce.php
WARNING 2016-10-13 13:24:45,045 Not Found: /announce.php
WARNING 2016-10-13 13:25:54,056 Not Found: /announce.php
WARNING 2016-10-13 13:25:54,056 Not Found: /announce.php
WARNING 2016-10-13 13:26:36,087 Not Found: /announce.php
WARNING 2016-10-13 13:26:36,087 Not Found: /announce.php
WARNING 2016-10-13 13:27:06,050 Not Found: /announce.php
WARNING 2016-10-13 13:27:06,052 Not Found: /announce.php
WARNING 2016-10-13 13:27:06,054 Not Found: /announce.php
WARNING 2016-10-13 13:27:06,050 Not Found: /announce.php
WARNING 2016-10-13 13:27:06,052 Not Found: /announce.php
WARNING 2016-10-13 13:27:06,054 Not Found: /announce.php
WARNING 2016-10-13 13:27:15,071 Not Found: /announce.php
WARNING 2016-10-13 13:27:15,073 Not Found: /announce.php
WARNING 2016-10-13 13:27:15,071 Not Found: /announce.php
WARNING 2016-10-13 13:27:15,073 Not Found: /announce.php
WARNING 2016-10-13 13:28:15,103 Not Found: /announce.php
WARNING 2016-10-13 13:28:15,103 Not Found: /announce.php
WARNING 2016-10-13 13:28:54,052 Not Found: /announce.php
WARNING 2016-10-13 13:28:54,052 Not Found: /announce.php
WARNING 2016-10-13 13:29:24,060 Not Found: /announce.php
WARNING 2016-10-13 13:29:24,062 Not Found: /announce.php
WARNING 2016-10-13 13:29:24,065 Not Found: /announce.php
WARNING 2016-10-13 13:29:24,060 Not Found: /announce.php
WARNING 2016-10-13 13:29:24,062 Not Found: /announce.php
WARNING 2016-10-13 13:29:24,065 Not Found: /announce.php
WARNING 2016-10-13 13:29:36,064 Not Found: /announce.php
WARNING 2016-10-13 13:29:36,065 Not Found: /announce.php
WARNING 2016-10-13 13:29:36,064 Not Found: /announce.php
WARNING 2016-10-13 13:29:36,065 Not Found: /announce.php
WARNING 2016-10-13 13:30:15,074 Not Found: /announce.php
WARNING 2016-10-13 13:30:15,074 Not Found: /announce.php
WARNING 2016-10-13 13:30:36,061 Not Found: /announce.php
WARNING 2016-10-13 13:30:36,061 Not Found: /announce.php
WARNING 2016-10-13 13:31:15,060 Not Found: /announce.php
WARNING 2016-10-13 13:31:15,060 Not Found: /announce.php
WARNING 2016-10-13 13:31:45,050 Not Found: /announce.php
WARNING 2016-10-13 13:31:45,053 Not Found: /announce.php
WARNING 2016-10-13 13:31:45,050 Not Found: /announce.php
WARNING 2016-10-13 13:31:45,053 Not Found: /announce.php
WARNING 2016-10-13 13:52:45,066 Not Found: /announce.php
WARNING 2016-10-13 13:52:45,067 Not Found: /announce.php
WARNING 2016-10-13 13:52:45,068 Not Found: /announce.php
WARNING 2016-10-13 13:52:45,066 Not Found: /announce.php
WARNING 2016-10-13 13:52:45,067 Not Found: /announce.php
WARNING 2016-10-13 13:52:45,068 Not Found: /announce.php
WARNING 2016-10-13 13:52:48,050 Not Found: /announce.php
WARNING 2016-10-13 13:52:48,051 Not Found: /announce.php
WARNING 2016-10-13 13:52:48,050 Not Found: /announce.php
WARNING 2016-10-13 13:52:48,051 Not Found: /announce.php
WARNING 2016-10-13 13:52:50,066 Not Found: /announce.php
WARNING 2016-10-13 13:52:50,066 Not Found: /announce.php
WARNING 2016-10-13 13:54:48,096 Not Found: /announce.php
WARNING 2016-10-13 13:54:48,098 Not Found: /announce.php
WARNING 2016-10-13 13:54:48,101 Not Found: /announce.php
WARNING 2016-10-13 13:54:48,103 Not Found: /announce.php
WARNING 2016-10-13 13:54:48,096 Not Found: /announce.php
WARNING 2016-10-13 13:54:48,098 Not Found: /announce.php
WARNING 2016-10-13 13:54:48,101 Not Found: /announce.php
WARNING 2016-10-13 13:54:48,103 Not Found: /announce.php
WARNING 2016-10-13 13:55:57,068 Not Found: /announce.php
WARNING 2016-10-13 13:55:57,068 Not Found: /announce.php
WARNING 2016-10-13 13:56:39,070 Not Found: /announce.php
WARNING 2016-10-13 13:56:39,070 Not Found: /announce.php
WARNING 2016-10-13 13:57:09,076 Not Found: /announce.php
WARNING 2016-10-13 13:57:09,078 Not Found: /announce.php
WARNING 2016-10-13 13:57:09,081 Not Found: /announce.php
WARNING 2016-10-13 13:57:09,076 Not Found: /announce.php
WARNING 2016-10-13 13:57:09,078 Not Found: /announce.php
WARNING 2016-10-13 13:57:09,081 Not Found: /announce.php
WARNING 2016-10-13 13:57:18,071 Not Found: /announce.php
WARNING 2016-10-13 13:57:18,073 Not Found: /announce.php
WARNING 2016-10-13 13:57:18,071 Not Found: /announce.php
WARNING 2016-10-13 13:57:18,073 Not Found: /announce.php
WARNING 2016-10-13 13:58:18,081 Not Found: /announce.php
WARNING 2016-10-13 13:58:18,081 Not Found: /announce.php
WARNING 2016-10-13 13:58:57,081 Not Found: /announce.php
WARNING 2016-10-13 13:58:57,081 Not Found: /announce.php
WARNING 2016-10-13 13:59:27,074 Not Found: /announce.php
WARNING 2016-10-13 13:59:27,077 Not Found: /announce.php
WARNING 2016-10-13 13:59:27,079 Not Found: /announce.php
WARNING 2016-10-13 13:59:27,074 Not Found: /announce.php
WARNING 2016-10-13 13:59:27,077 Not Found: /announce.php
WARNING 2016-10-13 13:59:27,079 Not Found: /announce.php
WARNING 2016-10-13 13:59:39,062 Not Found: /announce.php
WARNING 2016-10-13 13:59:39,065 Not Found: /announce.php
WARNING 2016-10-13 13:59:39,062 Not Found: /announce.php
WARNING 2016-10-13 13:59:39,065 Not Found: /announce.php
WARNING 2016-10-13 14:00:18,049 Not Found: /announce.php
WARNING 2016-10-13 14:00:18,049 Not Found: /announce.php
WARNING 2016-10-13 14:00:39,053 Not Found: /announce.php
WARNING 2016-10-13 14:00:39,053 Not Found: /announce.php
WARNING 2016-10-13 14:01:18,058 Not Found: /announce.php
WARNING 2016-10-13 14:01:18,058 Not Found: /announce.php
WARNING 2016-10-13 14:01:48,069 Not Found: /announce.php
WARNING 2016-10-13 14:01:48,071 Not Found: /announce.php
WARNING 2016-10-13 14:01:48,069 Not Found: /announce.php
WARNING 2016-10-13 14:01:48,071 Not Found: /announce.php
WARNING 2016-10-13 14:22:48,055 Not Found: /announce.php
WARNING 2016-10-13 14:22:48,056 Not Found: /announce.php
WARNING 2016-10-13 14:22:48,056 Not Found: /announce.php
WARNING 2016-10-13 14:22:48,055 Not Found: /announce.php
WARNING 2016-10-13 14:22:48,056 Not Found: /announce.php
WARNING 2016-10-13 14:22:48,056 Not Found: /announce.php
WARNING 2016-10-13 14:22:51,037 Not Found: /announce.php
WARNING 2016-10-13 14:22:51,040 Not Found: /announce.php
WARNING 2016-10-13 14:22:51,037 Not Found: /announce.php
WARNING 2016-10-13 14:22:51,040 Not Found: /announce.php
WARNING 2016-10-13 14:22:53,087 Not Found: /announce.php
WARNING 2016-10-13 14:22:53,087 Not Found: /announce.php
WARNING 2016-10-13 14:24:51,053 Not Found: /announce.php
WARNING 2016-10-13 14:24:51,054 Not Found: /announce.php
WARNING 2016-10-13 14:24:51,053 Not Found: /announce.php
WARNING 2016-10-13 14:24:51,056 Not Found: /announce.php
WARNING 2016-10-13 14:24:51,055 Not Found: /announce.php
WARNING 2016-10-13 14:24:51,054 Not Found: /announce.php
WARNING 2016-10-13 14:24:51,056 Not Found: /announce.php
WARNING 2016-10-13 14:24:51,055 Not Found: /announce.php
WARNING 2016-10-13 14:26:00,064 Not Found: /announce.php
WARNING 2016-10-13 14:26:00,064 Not Found: /announce.php
WARNING 2016-10-13 14:26:42,076 Not Found: /announce.php
WARNING 2016-10-13 14:26:42,076 Not Found: /announce.php
WARNING 2016-10-13 14:27:12,077 Not Found: /announce.php
WARNING 2016-10-13 14:27:12,080 Not Found: /announce.php
WARNING 2016-10-13 14:27:12,083 Not Found: /announce.php
WARNING 2016-10-13 14:27:12,077 Not Found: /announce.php
WARNING 2016-10-13 14:27:12,080 Not Found: /announce.php
WARNING 2016-10-13 14:27:12,083 Not Found: /announce.php
WARNING 2016-10-13 14:27:21,067 Not Found: /announce.php
WARNING 2016-10-13 14:27:21,069 Not Found: /announce.php
WARNING 2016-10-13 14:27:21,067 Not Found: /announce.php
WARNING 2016-10-13 14:27:21,069 Not Found: /announce.php
WARNING 2016-10-13 14:28:21,036 Not Found: /announce.php
WARNING 2016-10-13 14:28:21,036 Not Found: /announce.php
WARNING 2016-10-13 14:29:00,058 Not Found: /announce.php
WARNING 2016-10-13 14:29:00,058 Not Found: /announce.php
WARNING 2016-10-13 14:29:30,055 Not Found: /announce.php
WARNING 2016-10-13 14:29:30,058 Not Found: /announce.php
WARNING 2016-10-13 14:29:30,061 Not Found: /announce.php
WARNING 2016-10-13 14:29:30,055 Not Found: /announce.php
WARNING 2016-10-13 14:29:30,058 Not Found: /announce.php
WARNING 2016-10-13 14:29:30,061 Not Found: /announce.php
WARNING 2016-10-13 14:29:42,038 Not Found: /announce.php
WARNING 2016-10-13 14:29:42,041 Not Found: /announce.php
WARNING 2016-10-13 14:29:42,038 Not Found: /announce.php
WARNING 2016-10-13 14:29:42,041 Not Found: /announce.php
WARNING 2016-10-13 14:30:21,052 Not Found: /announce.php
WARNING 2016-10-13 14:30:21,052 Not Found: /announce.php
WARNING 2016-10-13 14:30:42,061 Not Found: /announce.php
WARNING 2016-10-13 14:30:42,061 Not Found: /announce.php
WARNING 2016-10-13 14:31:21,054 Not Found: /announce.php
WARNING 2016-10-13 14:31:21,054 Not Found: /announce.php
WARNING 2016-10-13 14:31:51,059 Not Found: /announce.php
WARNING 2016-10-13 14:31:51,062 Not Found: /announce.php
WARNING 2016-10-13 14:31:51,059 Not Found: /announce.php
WARNING 2016-10-13 14:31:51,062 Not Found: /announce.php
WARNING 2016-10-13 14:52:51,074 Not Found: /announce.php
WARNING 2016-10-13 14:52:51,075 Not Found: /announce.php
WARNING 2016-10-13 14:52:51,076 Not Found: /announce.php
WARNING 2016-10-13 14:52:51,074 Not Found: /announce.php
WARNING 2016-10-13 14:52:51,075 Not Found: /announce.php
WARNING 2016-10-13 14:52:51,076 Not Found: /announce.php
WARNING 2016-10-13 14:52:54,073 Not Found: /announce.php
WARNING 2016-10-13 14:52:54,074 Not Found: /announce.php
WARNING 2016-10-13 14:52:54,073 Not Found: /announce.php
WARNING 2016-10-13 14:52:54,074 Not Found: /announce.php
WARNING 2016-10-13 14:52:56,049 Not Found: /announce.php
WARNING 2016-10-13 14:52:56,049 Not Found: /announce.php
WARNING 2016-10-13 14:54:54,094 Not Found: /announce.php
WARNING 2016-10-13 14:54:54,097 Not Found: /announce.php
WARNING 2016-10-13 14:54:54,100 Not Found: /announce.php
WARNING 2016-10-13 14:54:54,094 Not Found: /announce.php
WARNING 2016-10-13 14:54:54,103 Not Found: /announce.php
WARNING 2016-10-13 14:54:54,097 Not Found: /announce.php
WARNING 2016-10-13 14:54:54,100 Not Found: /announce.php
WARNING 2016-10-13 14:54:54,103 Not Found: /announce.php
WARNING 2016-10-13 14:56:03,065 Not Found: /announce.php
WARNING 2016-10-13 14:56:03,065 Not Found: /announce.php
WARNING 2016-10-13 14:56:45,062 Not Found: /announce.php
WARNING 2016-10-13 14:56:45,062 Not Found: /announce.php
WARNING 2016-10-13 14:57:15,078 Not Found: /announce.php
WARNING 2016-10-13 14:57:15,081 Not Found: /announce.php
WARNING 2016-10-13 14:57:15,083 Not Found: /announce.php
WARNING 2016-10-13 14:57:15,078 Not Found: /announce.php
WARNING 2016-10-13 14:57:15,081 Not Found: /announce.php
WARNING 2016-10-13 14:57:15,083 Not Found: /announce.php
WARNING 2016-10-13 14:57:24,070 Not Found: /announce.php
WARNING 2016-10-13 14:57:24,072 Not Found: /announce.php
WARNING 2016-10-13 14:57:24,070 Not Found: /announce.php
WARNING 2016-10-13 14:57:24,072 Not Found: /announce.php
WARNING 2016-10-13 14:58:24,063 Not Found: /announce.php
WARNING 2016-10-13 14:58:24,063 Not Found: /announce.php
WARNING 2016-10-13 14:59:03,067 Not Found: /announce.php
WARNING 2016-10-13 14:59:03,067 Not Found: /announce.php
WARNING 2016-10-13 14:59:33,079 Not Found: /announce.php
WARNING 2016-10-13 14:59:33,081 Not Found: /announce.php
WARNING 2016-10-13 14:59:33,083 Not Found: /announce.php
WARNING 2016-10-13 14:59:33,079 Not Found: /announce.php
WARNING 2016-10-13 14:59:33,081 Not Found: /announce.php
WARNING 2016-10-13 14:59:33,083 Not Found: /announce.php
WARNING 2016-10-13 14:59:45,098 Not Found: /announce.php
WARNING 2016-10-13 14:59:45,100 Not Found: /announce.php
WARNING 2016-10-13 14:59:45,098 Not Found: /announce.php
WARNING 2016-10-13 14:59:45,100 Not Found: /announce.php
WARNING 2016-10-13 15:00:24,059 Not Found: /announce.php
WARNING 2016-10-13 15:00:24,059 Not Found: /announce.php
WARNING 2016-10-13 15:00:45,070 Not Found: /announce.php
WARNING 2016-10-13 15:00:45,070 Not Found: /announce.php
WARNING 2016-10-13 15:01:24,063 Not Found: /announce.php
WARNING 2016-10-13 15:01:24,063 Not Found: /announce.php
WARNING 2016-10-13 15:01:54,067 Not Found: /announce.php
WARNING 2016-10-13 15:01:54,067 Not Found: /announce.php
WARNING 2016-10-13 15:01:54,067 Not Found: /announce.php
WARNING 2016-10-13 15:01:54,067 Not Found: /announce.php
WARNING 2016-10-13 15:22:54,115 Not Found: /announce.php
WARNING 2016-10-13 15:22:54,118 Not Found: /announce.php
WARNING 2016-10-13 15:22:54,120 Not Found: /announce.php
WARNING 2016-10-13 15:22:54,115 Not Found: /announce.php
WARNING 2016-10-13 15:22:54,118 Not Found: /announce.php
WARNING 2016-10-13 15:22:54,120 Not Found: /announce.php
WARNING 2016-10-13 15:22:57,045 Not Found: /announce.php
WARNING 2016-10-13 15:22:57,047 Not Found: /announce.php
WARNING 2016-10-13 15:22:57,045 Not Found: /announce.php
WARNING 2016-10-13 15:22:57,047 Not Found: /announce.php
WARNING 2016-10-13 15:22:59,056 Not Found: /announce.php
WARNING 2016-10-13 15:22:59,056 Not Found: /announce.php
WARNING 2016-10-13 15:24:57,070 Not Found: /announce.php
WARNING 2016-10-13 15:24:57,072 Not Found: /announce.php
WARNING 2016-10-13 15:24:57,074 Not Found: /announce.php
WARNING 2016-10-13 15:24:57,076 Not Found: /announce.php
WARNING 2016-10-13 15:24:57,070 Not Found: /announce.php
WARNING 2016-10-13 15:24:57,072 Not Found: /announce.php
WARNING 2016-10-13 15:24:57,074 Not Found: /announce.php
WARNING 2016-10-13 15:24:57,076 Not Found: /announce.php
WARNING 2016-10-13 15:26:06,058 Not Found: /announce.php
WARNING 2016-10-13 15:26:06,058 Not Found: /announce.php
WARNING 2016-10-13 15:26:48,056 Not Found: /announce.php
WARNING 2016-10-13 15:26:48,056 Not Found: /announce.php
WARNING 2016-10-13 15:27:18,088 Not Found: /announce.php
WARNING 2016-10-13 15:27:18,089 Not Found: /announce.php
WARNING 2016-10-13 15:27:18,090 Not Found: /announce.php
WARNING 2016-10-13 15:27:18,088 Not Found: /announce.php
WARNING 2016-10-13 15:27:18,089 Not Found: /announce.php
WARNING 2016-10-13 15:27:18,090 Not Found: /announce.php
WARNING 2016-10-13 15:27:27,054 Not Found: /announce.php
WARNING 2016-10-13 15:27:27,057 Not Found: /announce.php
WARNING 2016-10-13 15:27:27,054 Not Found: /announce.php
WARNING 2016-10-13 15:27:27,057 Not Found: /announce.php
WARNING 2016-10-13 15:28:27,061 Not Found: /announce.php
WARNING 2016-10-13 15:28:27,061 Not Found: /announce.php
WARNING 2016-10-13 15:29:06,058 Not Found: /announce.php
WARNING 2016-10-13 15:29:06,058 Not Found: /announce.php
WARNING 2016-10-13 15:29:36,073 Not Found: /announce.php
WARNING 2016-10-13 15:29:36,075 Not Found: /announce.php
WARNING 2016-10-13 15:29:36,076 Not Found: /announce.php
WARNING 2016-10-13 15:29:36,073 Not Found: /announce.php
WARNING 2016-10-13 15:29:36,075 Not Found: /announce.php
WARNING 2016-10-13 15:29:36,076 Not Found: /announce.php
WARNING 2016-10-13 15:29:48,068 Not Found: /announce.php
WARNING 2016-10-13 15:29:48,069 Not Found: /announce.php
WARNING 2016-10-13 15:29:48,068 Not Found: /announce.php
WARNING 2016-10-13 15:29:48,069 Not Found: /announce.php
WARNING 2016-10-13 15:30:27,060 Not Found: /announce.php
WARNING 2016-10-13 15:30:27,060 Not Found: /announce.php
WARNING 2016-10-13 15:30:48,070 Not Found: /announce.php
WARNING 2016-10-13 15:30:48,070 Not Found: /announce.php
WARNING 2016-10-13 15:31:27,044 Not Found: /announce.php
WARNING 2016-10-13 15:31:27,044 Not Found: /announce.php
WARNING 2016-10-13 15:31:57,055 Not Found: /announce.php
WARNING 2016-10-13 15:31:57,057 Not Found: /announce.php
WARNING 2016-10-13 15:31:57,055 Not Found: /announce.php
WARNING 2016-10-13 15:31:57,057 Not Found: /announce.php
ERROR 2016-10-13 15:45:13,143 Internal Server Error: /profileedit/
Traceback (most recent call last):
  File "C:\Python34\lib\site-packages\django\core\handlers\base.py", line 132, in get_response
    response = wrapped_callback(request, *callback_args, **callback_kwargs)
  File "C:\Python34\lib\site-packages\django\contrib\auth\decorators.py", line 22, in _wrapped_view
    return view_func(request, *args, **kwargs)
  File "C:\uav\frontend\views\profile\frontend_profile_edit.py", line 47, in frontend_profile_edit
    +',describe:'+original_describe+'}')
TypeError: Can't convert 'int' object to str implicitly
ERROR 2016-10-13 15:45:13,143 Internal Server Error: /profileedit/
Traceback (most recent call last):
  File "C:\Python34\lib\site-packages\django\core\handlers\base.py", line 132, in get_response
    response = wrapped_callback(request, *callback_args, **callback_kwargs)
  File "C:\Python34\lib\site-packages\django\contrib\auth\decorators.py", line 22, in _wrapped_view
    return view_func(request, *args, **kwargs)
  File "C:\uav\frontend\views\profile\frontend_profile_edit.py", line 47, in frontend_profile_edit
    +',describe:'+original_describe+'}')
TypeError: Can't convert 'int' object to str implicitly
ERROR 2016-10-13 15:50:35,136 Internal Server Error: /profileedit/
Traceback (most recent call last):
  File "C:\Python34\lib\site-packages\django\core\handlers\base.py", line 132, in get_response
    response = wrapped_callback(request, *callback_args, **callback_kwargs)
  File "C:\Python34\lib\site-packages\django\contrib\auth\decorators.py", line 22, in _wrapped_view
    return view_func(request, *args, **kwargs)
  File "C:\uav\frontend\views\profile\frontend_profile_edit.py", line 47, in frontend_profile_edit
    +',describe:'+str(original_describe)+'}')
TypeError: Can't convert 'int' object to str implicitly
ERROR 2016-10-13 15:50:35,136 Internal Server Error: /profileedit/
Traceback (most recent call last):
  File "C:\Python34\lib\site-packages\django\core\handlers\base.py", line 132, in get_response
    response = wrapped_callback(request, *callback_args, **callback_kwargs)
  File "C:\Python34\lib\site-packages\django\contrib\auth\decorators.py", line 22, in _wrapped_view
    return view_func(request, *args, **kwargs)
  File "C:\uav\frontend\views\profile\frontend_profile_edit.py", line 47, in frontend_profile_edit
    +',describe:'+str(original_describe)+'}')
TypeError: Can't convert 'int' object to str implicitly
ERROR 2016-10-13 15:51:01,385 Internal Server Error: /profileedit/
Traceback (most recent call last):
  File "C:\Python34\lib\site-packages\django\core\handlers\base.py", line 132, in get_response
    response = wrapped_callback(request, *callback_args, **callback_kwargs)
  File "C:\Python34\lib\site-packages\django\contrib\auth\decorators.py", line 22, in _wrapped_view
    return view_func(request, *args, **kwargs)
  File "C:\uav\frontend\views\profile\frontend_profile_edit.py", line 47, in frontend_profile_edit
    +',describe:'+str(original_describe)+'}')
TypeError: Can't convert 'int' object to str implicitly
ERROR 2016-10-13 15:51:01,385 Internal Server Error: /profileedit/
Traceback (most recent call last):
  File "C:\Python34\lib\site-packages\django\core\handlers\base.py", line 132, in get_response
    response = wrapped_callback(request, *callback_args, **callback_kwargs)
  File "C:\Python34\lib\site-packages\django\contrib\auth\decorators.py", line 22, in _wrapped_view
    return view_func(request, *args, **kwargs)
  File "C:\uav\frontend\views\profile\frontend_profile_edit.py", line 47, in frontend_profile_edit
    +',describe:'+str(original_describe)+'}')
TypeError: Can't convert 'int' object to str implicitly
ERROR 2016-10-13 15:51:09,944 Internal Server Error: /profileedit/
Traceback (most recent call last):
  File "C:\Python34\lib\site-packages\django\core\handlers\base.py", line 132, in get_response
    response = wrapped_callback(request, *callback_args, **callback_kwargs)
  File "C:\Python34\lib\site-packages\django\contrib\auth\decorators.py", line 22, in _wrapped_view
    return view_func(request, *args, **kwargs)
  File "C:\uav\frontend\views\profile\frontend_profile_edit.py", line 47, in frontend_profile_edit
    +',describe:'+str(original_describe)+'}')
TypeError: Can't convert 'int' object to str implicitly
ERROR 2016-10-13 15:51:09,944 Internal Server Error: /profileedit/
Traceback (most recent call last):
  File "C:\Python34\lib\site-packages\django\core\handlers\base.py", line 132, in get_response
    response = wrapped_callback(request, *callback_args, **callback_kwargs)
  File "C:\Python34\lib\site-packages\django\contrib\auth\decorators.py", line 22, in _wrapped_view
    return view_func(request, *args, **kwargs)
  File "C:\uav\frontend\views\profile\frontend_profile_edit.py", line 47, in frontend_profile_edit
    +',describe:'+str(original_describe)+'}')
TypeError: Can't convert 'int' object to str implicitly
ERROR 2016-10-13 15:51:34,889 Internal Server Error: /profileedit/
Traceback (most recent call last):
  File "C:\Python34\lib\site-packages\django\core\handlers\base.py", line 132, in get_response
    response = wrapped_callback(request, *callback_args, **callback_kwargs)
  File "C:\Python34\lib\site-packages\django\contrib\auth\decorators.py", line 22, in _wrapped_view
    return view_func(request, *args, **kwargs)
  File "C:\uav\frontend\views\profile\frontend_profile_edit.py", line 47, in frontend_profile_edit
    +',describe:'+str(original_describe)+'}')
TypeError: Can't convert 'int' object to str implicitly
ERROR 2016-10-13 15:51:34,889 Internal Server Error: /profileedit/
Traceback (most recent call last):
  File "C:\Python34\lib\site-packages\django\core\handlers\base.py", line 132, in get_response
    response = wrapped_callback(request, *callback_args, **callback_kwargs)
  File "C:\Python34\lib\site-packages\django\contrib\auth\decorators.py", line 22, in _wrapped_view
    return view_func(request, *args, **kwargs)
  File "C:\uav\frontend\views\profile\frontend_profile_edit.py", line 47, in frontend_profile_edit
    +',describe:'+str(original_describe)+'}')
TypeError: Can't convert 'int' object to str implicitly
ERROR 2016-10-13 15:51:52,150 Internal Server Error: /profileedit/
Traceback (most recent call last):
  File "C:\Python34\lib\site-packages\django\core\handlers\base.py", line 132, in get_response
    response = wrapped_callback(request, *callback_args, **callback_kwargs)
  File "C:\Python34\lib\site-packages\django\contrib\auth\decorators.py", line 22, in _wrapped_view
    return view_func(request, *args, **kwargs)
  File "C:\uav\frontend\views\profile\frontend_profile_edit.py", line 47, in frontend_profile_edit
    +',describe:'+str(original_describe)+'}')
TypeError: Can't convert 'int' object to str implicitly
ERROR 2016-10-13 15:51:52,150 Internal Server Error: /profileedit/
Traceback (most recent call last):
  File "C:\Python34\lib\site-packages\django\core\handlers\base.py", line 132, in get_response
    response = wrapped_callback(request, *callback_args, **callback_kwargs)
  File "C:\Python34\lib\site-packages\django\contrib\auth\decorators.py", line 22, in _wrapped_view
    return view_func(request, *args, **kwargs)
  File "C:\uav\frontend\views\profile\frontend_profile_edit.py", line 47, in frontend_profile_edit
    +',describe:'+str(original_describe)+'}')
TypeError: Can't convert 'int' object to str implicitly
ERROR 2016-10-13 15:51:55,976 Internal Server Error: /profileedit/
Traceback (most recent call last):
  File "C:\Python34\lib\site-packages\django\core\handlers\base.py", line 132, in get_response
    response = wrapped_callback(request, *callback_args, **callback_kwargs)
  File "C:\Python34\lib\site-packages\django\contrib\auth\decorators.py", line 22, in _wrapped_view
    return view_func(request, *args, **kwargs)
  File "C:\uav\frontend\views\profile\frontend_profile_edit.py", line 47, in frontend_profile_edit
    +',describe:'+str(original_describe)+'}')
TypeError: Can't convert 'int' object to str implicitly
ERROR 2016-10-13 15:51:55,976 Internal Server Error: /profileedit/
Traceback (most recent call last):
  File "C:\Python34\lib\site-packages\django\core\handlers\base.py", line 132, in get_response
    response = wrapped_callback(request, *callback_args, **callback_kwargs)
  File "C:\Python34\lib\site-packages\django\contrib\auth\decorators.py", line 22, in _wrapped_view
    return view_func(request, *args, **kwargs)
  File "C:\uav\frontend\views\profile\frontend_profile_edit.py", line 47, in frontend_profile_edit
    +',describe:'+str(original_describe)+'}')
TypeError: Can't convert 'int' object to str implicitly
ERROR 2016-10-13 15:52:06,797 Internal Server Error: /profileedit/
Traceback (most recent call last):
  File "C:\Python34\lib\site-packages\django\core\handlers\base.py", line 132, in get_response
    response = wrapped_callback(request, *callback_args, **callback_kwargs)
  File "C:\Python34\lib\site-packages\django\contrib\auth\decorators.py", line 22, in _wrapped_view
    return view_func(request, *args, **kwargs)
  File "C:\uav\frontend\views\profile\frontend_profile_edit.py", line 47, in frontend_profile_edit
    +',describe:'+original_describe+'}')
TypeError: Can't convert 'int' object to str implicitly
ERROR 2016-10-13 15:52:06,797 Internal Server Error: /profileedit/
Traceback (most recent call last):
  File "C:\Python34\lib\site-packages\django\core\handlers\base.py", line 132, in get_response
    response = wrapped_callback(request, *callback_args, **callback_kwargs)
  File "C:\Python34\lib\site-packages\django\contrib\auth\decorators.py", line 22, in _wrapped_view
    return view_func(request, *args, **kwargs)
  File "C:\uav\frontend\views\profile\frontend_profile_edit.py", line 47, in frontend_profile_edit
    +',describe:'+original_describe+'}')
TypeError: Can't convert 'int' object to str implicitly
WARNING 2016-10-13 15:52:57,061 Not Found: /announce.php
WARNING 2016-10-13 15:52:57,063 Not Found: /announce.php
WARNING 2016-10-13 15:52:57,064 Not Found: /announce.php
WARNING 2016-10-13 15:52:57,061 Not Found: /announce.php
WARNING 2016-10-13 15:52:57,063 Not Found: /announce.php
WARNING 2016-10-13 15:52:57,064 Not Found: /announce.php
WARNING 2016-10-13 15:53:00,040 Not Found: /announce.php
WARNING 2016-10-13 15:53:00,041 Not Found: /announce.php
WARNING 2016-10-13 15:53:00,040 Not Found: /announce.php
WARNING 2016-10-13 15:53:00,041 Not Found: /announce.php
WARNING 2016-10-13 15:53:02,049 Not Found: /announce.php
WARNING 2016-10-13 15:53:02,049 Not Found: /announce.php
WARNING 2016-10-13 15:55:00,059 Not Found: /announce.php
WARNING 2016-10-13 15:55:00,060 Not Found: /announce.php
WARNING 2016-10-13 15:55:00,061 Not Found: /announce.php
WARNING 2016-10-13 15:55:00,062 Not Found: /announce.php
WARNING 2016-10-13 15:55:00,059 Not Found: /announce.php
WARNING 2016-10-13 15:55:00,060 Not Found: /announce.php
WARNING 2016-10-13 15:55:00,061 Not Found: /announce.php
WARNING 2016-10-13 15:55:00,062 Not Found: /announce.php
ERROR 2016-10-13 15:55:01,403 Internal Server Error: /profileedit/
Traceback (most recent call last):
  File "C:\Python34\lib\site-packages\django\core\handlers\base.py", line 132, in get_response
    response = wrapped_callback(request, *callback_args, **callback_kwargs)
  File "C:\Python34\lib\site-packages\django\contrib\auth\decorators.py", line 22, in _wrapped_view
    return view_func(request, *args, **kwargs)
  File "C:\uav\frontend\views\profile\frontend_profile_edit.py", line 47, in frontend_profile_edit
    +',describe:'+original_describe+'}')
TypeError: Can't convert 'ImageFieldFile' object to str implicitly
ERROR 2016-10-13 15:55:01,403 Internal Server Error: /profileedit/
Traceback (most recent call last):
  File "C:\Python34\lib\site-packages\django\core\handlers\base.py", line 132, in get_response
    response = wrapped_callback(request, *callback_args, **callback_kwargs)
  File "C:\Python34\lib\site-packages\django\contrib\auth\decorators.py", line 22, in _wrapped_view
    return view_func(request, *args, **kwargs)
  File "C:\uav\frontend\views\profile\frontend_profile_edit.py", line 47, in frontend_profile_edit
    +',describe:'+original_describe+'}')
TypeError: Can't convert 'ImageFieldFile' object to str implicitly
WARNING 2016-10-13 15:56:09,046 Not Found: /announce.php
WARNING 2016-10-13 15:56:09,046 Not Found: /announce.php
WARNING 2016-10-13 15:56:51,071 Not Found: /announce.php
WARNING 2016-10-13 15:56:51,071 Not Found: /announce.php
WARNING 2016-10-13 15:57:21,065 Not Found: /announce.php
WARNING 2016-10-13 15:57:21,068 Not Found: /announce.php
WARNING 2016-10-13 15:57:21,071 Not Found: /announce.php
WARNING 2016-10-13 15:57:21,065 Not Found: /announce.php
WARNING 2016-10-13 15:57:21,068 Not Found: /announce.php
WARNING 2016-10-13 15:57:21,071 Not Found: /announce.php
WARNING 2016-10-13 15:57:30,051 Not Found: /announce.php
WARNING 2016-10-13 15:57:30,052 Not Found: /announce.php
WARNING 2016-10-13 15:57:30,051 Not Found: /announce.php
WARNING 2016-10-13 15:57:30,052 Not Found: /announce.php
WARNING 2016-10-13 15:58:30,091 Not Found: /announce.php
WARNING 2016-10-13 15:58:30,091 Not Found: /announce.php
WARNING 2016-10-13 15:59:09,065 Not Found: /announce.php
WARNING 2016-10-13 15:59:09,065 Not Found: /announce.php
WARNING 2016-10-13 15:59:39,062 Not Found: /announce.php
WARNING 2016-10-13 15:59:39,062 Not Found: /announce.php
WARNING 2016-10-13 15:59:39,068 Not Found: /announce.php
WARNING 2016-10-13 15:59:39,068 Not Found: /announce.php
WARNING 2016-10-13 15:59:39,068 Not Found: /announce.php
WARNING 2016-10-13 15:59:39,068 Not Found: /announce.php
WARNING 2016-10-13 15:59:51,051 Not Found: /announce.php
WARNING 2016-10-13 15:59:51,051 Not Found: /announce.php
WARNING 2016-10-13 15:59:51,057 Not Found: /announce.php
WARNING 2016-10-13 15:59:51,057 Not Found: /announce.php
WARNING 2016-10-13 16:00:30,051 Not Found: /announce.php
WARNING 2016-10-13 16:00:30,051 Not Found: /announce.php
WARNING 2016-10-13 16:00:51,051 Not Found: /announce.php
WARNING 2016-10-13 16:00:51,051 Not Found: /announce.php
WARNING 2016-10-13 16:01:30,060 Not Found: /announce.php
WARNING 2016-10-13 16:01:30,060 Not Found: /announce.php
WARNING 2016-10-13 16:02:00,049 Not Found: /announce.php
WARNING 2016-10-13 16:02:00,049 Not Found: /announce.php
WARNING 2016-10-13 16:02:00,049 Not Found: /announce.php
WARNING 2016-10-13 16:02:00,049 Not Found: /announce.php
WARNING 2016-10-13 16:19:38,521 Not Found: /dict/upt_cell_dict6.5.php
WARNING 2016-10-13 16:19:38,521 Not Found: /dict/upt_cell_dict6.5.php
WARNING 2016-10-13 16:23:00,147 Not Found: /announce.php
WARNING 2016-10-13 16:23:00,151 Not Found: /announce.php
WARNING 2016-10-13 16:23:00,154 Not Found: /announce.php
WARNING 2016-10-13 16:23:00,147 Not Found: /announce.php
WARNING 2016-10-13 16:23:00,151 Not Found: /announce.php
WARNING 2016-10-13 16:23:00,154 Not Found: /announce.php
WARNING 2016-10-13 16:23:03,040 Not Found: /announce.php
WARNING 2016-10-13 16:23:03,040 Not Found: /announce.php
WARNING 2016-10-13 16:23:03,040 Not Found: /announce.php
WARNING 2016-10-13 16:23:03,040 Not Found: /announce.php
WARNING 2016-10-13 16:23:05,048 Not Found: /announce.php
WARNING 2016-10-13 16:23:05,048 Not Found: /announce.php
WARNING 2016-10-13 16:25:03,077 Not Found: /announce.php
WARNING 2016-10-13 16:25:03,079 Not Found: /announce.php
WARNING 2016-10-13 16:25:03,081 Not Found: /announce.php
WARNING 2016-10-13 16:25:03,083 Not Found: /announce.php
WARNING 2016-10-13 16:25:03,077 Not Found: /announce.php
WARNING 2016-10-13 16:25:03,079 Not Found: /announce.php
WARNING 2016-10-13 16:25:03,081 Not Found: /announce.php
WARNING 2016-10-13 16:25:03,083 Not Found: /announce.php
WARNING 2016-10-13 16:26:12,048 Not Found: /announce.php
WARNING 2016-10-13 16:26:12,048 Not Found: /announce.php
WARNING 2016-10-13 16:26:54,061 Not Found: /announce.php
WARNING 2016-10-13 16:26:54,061 Not Found: /announce.php
WARNING 2016-10-13 16:27:24,064 Not Found: /announce.php
WARNING 2016-10-13 16:27:24,065 Not Found: /announce.php
WARNING 2016-10-13 16:27:24,066 Not Found: /announce.php
WARNING 2016-10-13 16:27:24,064 Not Found: /announce.php
WARNING 2016-10-13 16:27:24,065 Not Found: /announce.php
WARNING 2016-10-13 16:27:24,066 Not Found: /announce.php
WARNING 2016-10-13 16:27:33,045 Not Found: /announce.php
WARNING 2016-10-13 16:27:33,046 Not Found: /announce.php
WARNING 2016-10-13 16:27:33,045 Not Found: /announce.php
WARNING 2016-10-13 16:27:33,046 Not Found: /announce.php
WARNING 2016-10-13 16:28:33,048 Not Found: /announce.php
WARNING 2016-10-13 16:28:33,048 Not Found: /announce.php
WARNING 2016-10-13 16:29:12,064 Not Found: /announce.php
WARNING 2016-10-13 16:29:12,064 Not Found: /announce.php
WARNING 2016-10-13 16:29:42,060 Not Found: /announce.php
WARNING 2016-10-13 16:29:42,060 Not Found: /announce.php
WARNING 2016-10-13 16:29:42,061 Not Found: /announce.php
WARNING 2016-10-13 16:29:42,060 Not Found: /announce.php
WARNING 2016-10-13 16:29:42,060 Not Found: /announce.php
WARNING 2016-10-13 16:29:42,061 Not Found: /announce.php
WARNING 2016-10-13 16:29:54,058 Not Found: /announce.php
WARNING 2016-10-13 16:29:54,059 Not Found: /announce.php
WARNING 2016-10-13 16:29:54,058 Not Found: /announce.php
WARNING 2016-10-13 16:29:54,059 Not Found: /announce.php
WARNING 2016-10-13 16:30:33,034 Not Found: /announce.php
WARNING 2016-10-13 16:30:33,034 Not Found: /announce.php
WARNING 2016-10-13 16:30:54,033 Not Found: /announce.php
WARNING 2016-10-13 16:30:54,033 Not Found: /announce.php
WARNING 2016-10-13 16:31:33,042 Not Found: /announce.php
WARNING 2016-10-13 16:31:33,042 Not Found: /announce.php
WARNING 2016-10-13 16:32:03,044 Not Found: /announce.php
WARNING 2016-10-13 16:32:03,045 Not Found: /announce.php
WARNING 2016-10-13 16:32:03,044 Not Found: /announce.php
WARNING 2016-10-13 16:32:03,045 Not Found: /announce.php
WARNING 2016-10-13 16:53:03,074 Not Found: /announce.php
WARNING 2016-10-13 16:53:03,075 Not Found: /announce.php
WARNING 2016-10-13 16:53:03,076 Not Found: /announce.php
WARNING 2016-10-13 16:53:03,074 Not Found: /announce.php
WARNING 2016-10-13 16:53:03,075 Not Found: /announce.php
WARNING 2016-10-13 16:53:03,076 Not Found: /announce.php
WARNING 2016-10-13 16:53:06,057 Not Found: /announce.php
WARNING 2016-10-13 16:53:06,057 Not Found: /announce.php
WARNING 2016-10-13 16:53:06,057 Not Found: /announce.php
WARNING 2016-10-13 16:53:06,057 Not Found: /announce.php
WARNING 2016-10-13 16:53:08,075 Not Found: /announce.php
WARNING 2016-10-13 16:53:08,075 Not Found: /announce.php
WARNING 2016-10-13 16:55:06,071 Not Found: /announce.php
WARNING 2016-10-13 16:55:06,072 Not Found: /announce.php
WARNING 2016-10-13 16:55:06,071 Not Found: /announce.php
WARNING 2016-10-13 16:55:06,073 Not Found: /announce.php
WARNING 2016-10-13 16:55:06,073 Not Found: /announce.php
WARNING 2016-10-13 16:55:06,072 Not Found: /announce.php
WARNING 2016-10-13 16:55:06,074 Not Found: /announce.php
WARNING 2016-10-13 16:55:06,074 Not Found: /announce.php
WARNING 2016-10-13 16:56:15,084 Not Found: /announce.php
WARNING 2016-10-13 16:56:15,084 Not Found: /announce.php
WARNING 2016-10-13 16:56:57,060 Not Found: /announce.php
WARNING 2016-10-13 16:56:57,060 Not Found: /announce.php
WARNING 2016-10-13 16:57:27,061 Not Found: /announce.php
WARNING 2016-10-13 16:57:27,062 Not Found: /announce.php
WARNING 2016-10-13 16:57:27,063 Not Found: /announce.php
WARNING 2016-10-13 16:57:27,061 Not Found: /announce.php
WARNING 2016-10-13 16:57:27,062 Not Found: /announce.php
WARNING 2016-10-13 16:57:27,063 Not Found: /announce.php
WARNING 2016-10-13 16:57:36,042 Not Found: /announce.php
WARNING 2016-10-13 16:57:36,043 Not Found: /announce.php
WARNING 2016-10-13 16:57:36,042 Not Found: /announce.php
WARNING 2016-10-13 16:57:36,043 Not Found: /announce.php
WARNING 2016-10-13 16:58:36,077 Not Found: /announce.php
WARNING 2016-10-13 16:58:36,077 Not Found: /announce.php
WARNING 2016-10-13 16:59:15,065 Not Found: /announce.php
WARNING 2016-10-13 16:59:15,065 Not Found: /announce.php
WARNING 2016-10-13 16:59:45,068 Not Found: /announce.php
WARNING 2016-10-13 16:59:45,070 Not Found: /announce.php
WARNING 2016-10-13 16:59:45,071 Not Found: /announce.php
WARNING 2016-10-13 16:59:45,068 Not Found: /announce.php
WARNING 2016-10-13 16:59:45,070 Not Found: /announce.php
WARNING 2016-10-13 16:59:45,071 Not Found: /announce.php
WARNING 2016-10-13 16:59:57,047 Not Found: /announce.php
WARNING 2016-10-13 16:59:57,050 Not Found: /announce.php
WARNING 2016-10-13 16:59:57,047 Not Found: /announce.php
WARNING 2016-10-13 16:59:57,050 Not Found: /announce.php
WARNING 2016-10-13 17:00:36,034 Not Found: /announce.php
WARNING 2016-10-13 17:00:36,034 Not Found: /announce.php
WARNING 2016-10-13 17:00:57,065 Not Found: /announce.php
WARNING 2016-10-13 17:00:57,065 Not Found: /announce.php
WARNING 2016-10-13 17:01:36,072 Not Found: /announce.php
WARNING 2016-10-13 17:01:36,072 Not Found: /announce.php
WARNING 2016-10-13 17:02:06,069 Not Found: /announce.php
WARNING 2016-10-13 17:02:06,071 Not Found: /announce.php
WARNING 2016-10-13 17:02:06,069 Not Found: /announce.php
WARNING 2016-10-13 17:02:06,071 Not Found: /announce.php
ERROR 2016-10-13 17:02:39,747 Internal Server Error: /logout/
Traceback (most recent call last):
  File "C:\Python34\lib\site-packages\django\core\handlers\base.py", line 132, in get_response
    response = wrapped_callback(request, *callback_args, **callback_kwargs)
  File "C:\Python34\lib\site-packages\django\contrib\auth\decorators.py", line 22, in _wrapped_view
    return view_func(request, *args, **kwargs)
  File "C:\uav\common\views\logout.py", line 26, in logout
    login_time = myuser.last_login
AttributeError: 'AnonymousUser' object has no attribute 'last_login'
ERROR 2016-10-13 17:02:39,747 Internal Server Error: /logout/
Traceback (most recent call last):
  File "C:\Python34\lib\site-packages\django\core\handlers\base.py", line 132, in get_response
    response = wrapped_callback(request, *callback_args, **callback_kwargs)
  File "C:\Python34\lib\site-packages\django\contrib\auth\decorators.py", line 22, in _wrapped_view
    return view_func(request, *args, **kwargs)
  File "C:\uav\common\views\logout.py", line 26, in logout
    login_time = myuser.last_login
AttributeError: 'AnonymousUser' object has no attribute 'last_login'
ERROR 2016-10-13 17:04:46,844 Internal Server Error: /logout/
Traceback (most recent call last):
  File "C:\Python34\lib\site-packages\django\core\handlers\base.py", line 132, in get_response
    response = wrapped_callback(request, *callback_args, **callback_kwargs)
  File "C:\Python34\lib\site-packages\django\contrib\auth\decorators.py", line 22, in _wrapped_view
    return view_func(request, *args, **kwargs)
  File "C:\uav\common\views\logout.py", line 29, in logout
    +', Logout Success. Duration'+ login_time)
NameError: name 'user' is not defined
ERROR 2016-10-13 17:04:46,844 Internal Server Error: /logout/
Traceback (most recent call last):
  File "C:\Python34\lib\site-packages\django\core\handlers\base.py", line 132, in get_response
    response = wrapped_callback(request, *callback_args, **callback_kwargs)
  File "C:\Python34\lib\site-packages\django\contrib\auth\decorators.py", line 22, in _wrapped_view
    return view_func(request, *args, **kwargs)
  File "C:\uav\common\views\logout.py", line 29, in logout
    +', Logout Success. Duration'+ login_time)
NameError: name 'user' is not defined
ERROR 2016-10-13 17:15:19,913 Internal Server Error: /logout/
Traceback (most recent call last):
  File "C:\Python34\lib\site-packages\django\core\handlers\base.py", line 132, in get_response
    response = wrapped_callback(request, *callback_args, **callback_kwargs)
  File "C:\Python34\lib\site-packages\django\contrib\auth\decorators.py", line 22, in _wrapped_view
    return view_func(request, *args, **kwargs)
  File "C:\uav\common\views\logout.py", line 28, in logout
    +', Logout Success. Duration'+ login_time)
NameError: name 'user' is not defined
ERROR 2016-10-13 17:15:19,913 Internal Server Error: /logout/
Traceback (most recent call last):
  File "C:\Python34\lib\site-packages\django\core\handlers\base.py", line 132, in get_response
    response = wrapped_callback(request, *callback_args, **callback_kwargs)
  File "C:\Python34\lib\site-packages\django\contrib\auth\decorators.py", line 22, in _wrapped_view
    return view_func(request, *args, **kwargs)
  File "C:\uav\common\views\logout.py", line 28, in logout
    +', Logout Success. Duration'+ login_time)
NameError: name 'user' is not defined
ERROR 2016-10-13 17:15:35,400 Internal Server Error: /logout/
Traceback (most recent call last):
  File "C:\Python34\lib\site-packages\django\core\handlers\base.py", line 132, in get_response
    response = wrapped_callback(request, *callback_args, **callback_kwargs)
  File "C:\Python34\lib\site-packages\django\contrib\auth\decorators.py", line 22, in _wrapped_view
    return view_func(request, *args, **kwargs)
  File "C:\uav\common\views\logout.py", line 28, in logout
    +', Logout Success. Duration'+ login_time)
TypeError: Can't convert 'datetime.datetime' object to str implicitly
ERROR 2016-10-13 17:15:35,400 Internal Server Error: /logout/
Traceback (most recent call last):
  File "C:\Python34\lib\site-packages\django\core\handlers\base.py", line 132, in get_response
    response = wrapped_callback(request, *callback_args, **callback_kwargs)
  File "C:\Python34\lib\site-packages\django\contrib\auth\decorators.py", line 22, in _wrapped_view
    return view_func(request, *args, **kwargs)
  File "C:\uav\common\views\logout.py", line 28, in logout
    +', Logout Success. Duration'+ login_time)
TypeError: Can't convert 'datetime.datetime' object to str implicitly
ERROR 2016-10-13 17:15:48,861 Internal Server Error: /logout/
Traceback (most recent call last):
  File "C:\Python34\lib\site-packages\django\core\handlers\base.py", line 132, in get_response
    response = wrapped_callback(request, *callback_args, **callback_kwargs)
  File "C:\Python34\lib\site-packages\django\contrib\auth\decorators.py", line 22, in _wrapped_view
    return view_func(request, *args, **kwargs)
  File "C:\uav\common\views\logout.py", line 28, in logout
    +', Logout Success. Duration'+ login_time)
TypeError: Can't convert 'datetime.datetime' object to str implicitly
ERROR 2016-10-13 17:15:48,861 Internal Server Error: /logout/
Traceback (most recent call last):
  File "C:\Python34\lib\site-packages\django\core\handlers\base.py", line 132, in get_response
    response = wrapped_callback(request, *callback_args, **callback_kwargs)
  File "C:\Python34\lib\site-packages\django\contrib\auth\decorators.py", line 22, in _wrapped_view
    return view_func(request, *args, **kwargs)
  File "C:\uav\common\views\logout.py", line 28, in logout
    +', Logout Success. Duration'+ login_time)
TypeError: Can't convert 'datetime.datetime' object to str implicitly
WARNING 2016-10-13 17:23:06,129 Not Found: /announce.php
WARNING 2016-10-13 17:23:06,130 Not Found: /announce.php
WARNING 2016-10-13 17:23:06,131 Not Found: /announce.php
WARNING 2016-10-13 17:23:06,129 Not Found: /announce.php
WARNING 2016-10-13 17:23:06,130 Not Found: /announce.php
WARNING 2016-10-13 17:23:06,131 Not Found: /announce.php
WARNING 2016-10-13 17:23:09,085 Not Found: /announce.php
WARNING 2016-10-13 17:23:09,085 Not Found: /announce.php
WARNING 2016-10-13 17:23:09,085 Not Found: /announce.php
WARNING 2016-10-13 17:23:09,085 Not Found: /announce.php
ERROR 2016-10-13 17:23:10,936 Internal Server Error: /logout/
Traceback (most recent call last):
  File "C:\Python34\lib\site-packages\django\core\handlers\base.py", line 132, in get_response
    response = wrapped_callback(request, *callback_args, **callback_kwargs)
  File "C:\Python34\lib\site-packages\django\contrib\auth\decorators.py", line 22, in _wrapped_view
    return view_func(request, *args, **kwargs)
  File "C:\uav\common\views\logout.py", line 26, in logout
    login_time = datetime.datetime.strptime(myuser.last_login, "%Y-%m-%d %H:%M:%S").replace(tzinfo=utc)
TypeError: must be str, not datetime.datetime
ERROR 2016-10-13 17:23:10,936 Internal Server Error: /logout/
Traceback (most recent call last):
  File "C:\Python34\lib\site-packages\django\core\handlers\base.py", line 132, in get_response
    response = wrapped_callback(request, *callback_args, **callback_kwargs)
  File "C:\Python34\lib\site-packages\django\contrib\auth\decorators.py", line 22, in _wrapped_view
    return view_func(request, *args, **kwargs)
  File "C:\uav\common\views\logout.py", line 26, in logout
    login_time = datetime.datetime.strptime(myuser.last_login, "%Y-%m-%d %H:%M:%S").replace(tzinfo=utc)
TypeError: must be str, not datetime.datetime
WARNING 2016-10-13 17:23:11,051 Not Found: /announce.php
WARNING 2016-10-13 17:23:11,051 Not Found: /announce.php
ERROR 2016-10-13 17:23:41,449 Internal Server Error: /logout/
Traceback (most recent call last):
  File "C:\Python34\lib\site-packages\django\core\handlers\base.py", line 132, in get_response
    response = wrapped_callback(request, *callback_args, **callback_kwargs)
  File "C:\Python34\lib\site-packages\django\contrib\auth\decorators.py", line 22, in _wrapped_view
    return view_func(request, *args, **kwargs)
  File "C:\uav\common\views\logout.py", line 26, in logout
    login_time = datetime.datetime.strptime(str(myuser.last_login), "%Y-%m-%d %H:%M:%S").replace(tzinfo=utc)
  File "C:\Python34\lib\_strptime.py", line 500, in _strptime_datetime
    tt, fraction = _strptime(data_string, format)
  File "C:\Python34\lib\_strptime.py", line 340, in _strptime
    data_string[found.end():])
ValueError: unconverted data remains: +00:00
ERROR 2016-10-13 17:23:41,449 Internal Server Error: /logout/
Traceback (most recent call last):
  File "C:\Python34\lib\site-packages\django\core\handlers\base.py", line 132, in get_response
    response = wrapped_callback(request, *callback_args, **callback_kwargs)
  File "C:\Python34\lib\site-packages\django\contrib\auth\decorators.py", line 22, in _wrapped_view
    return view_func(request, *args, **kwargs)
  File "C:\uav\common\views\logout.py", line 26, in logout
    login_time = datetime.datetime.strptime(str(myuser.last_login), "%Y-%m-%d %H:%M:%S").replace(tzinfo=utc)
  File "C:\Python34\lib\_strptime.py", line 500, in _strptime_datetime
    tt, fraction = _strptime(data_string, format)
  File "C:\Python34\lib\_strptime.py", line 340, in _strptime
    data_string[found.end():])
ValueError: unconverted data remains: +00:00
WARNING 2016-10-13 17:25:09,042 Not Found: /announce.php
WARNING 2016-10-13 17:25:09,043 Not Found: /announce.php
WARNING 2016-10-13 17:25:09,044 Not Found: /announce.php
WARNING 2016-10-13 17:25:09,044 Not Found: /announce.php
WARNING 2016-10-13 17:25:09,042 Not Found: /announce.php
WARNING 2016-10-13 17:25:09,043 Not Found: /announce.php
WARNING 2016-10-13 17:25:09,044 Not Found: /announce.php
WARNING 2016-10-13 17:25:09,044 Not Found: /announce.php
WARNING 2016-10-13 17:26:18,082 Not Found: /announce.php
WARNING 2016-10-13 17:26:18,082 Not Found: /announce.php
WARNING 2016-10-13 17:27:00,056 Not Found: /announce.php
WARNING 2016-10-13 17:27:00,056 Not Found: /announce.php
WARNING 2016-10-13 17:27:30,046 Not Found: /announce.php
WARNING 2016-10-13 17:27:30,048 Not Found: /announce.php
WARNING 2016-10-13 17:27:30,048 Not Found: /announce.php
WARNING 2016-10-13 17:27:30,046 Not Found: /announce.php
WARNING 2016-10-13 17:27:30,048 Not Found: /announce.php
WARNING 2016-10-13 17:27:30,048 Not Found: /announce.php
WARNING 2016-10-13 17:27:39,034 Not Found: /announce.php
WARNING 2016-10-13 17:27:39,034 Not Found: /announce.php
WARNING 2016-10-13 17:27:39,034 Not Found: /announce.php
WARNING 2016-10-13 17:27:39,034 Not Found: /announce.php
WARNING 2016-10-13 17:28:39,044 Not Found: /announce.php
WARNING 2016-10-13 17:28:39,044 Not Found: /announce.php
WARNING 2016-10-13 17:29:18,043 Not Found: /announce.php
WARNING 2016-10-13 17:29:18,043 Not Found: /announce.php
ERROR 2016-10-13 17:29:40,302 Internal Server Error: /logout/
Traceback (most recent call last):
  File "C:\Python34\lib\site-packages\django\core\handlers\base.py", line 132, in get_response
    response = wrapped_callback(request, *callback_args, **callback_kwargs)
  File "C:\Python34\lib\site-packages\django\contrib\auth\decorators.py", line 22, in _wrapped_view
    return view_func(request, *args, **kwargs)
  File "C:\uav\common\views\logout.py", line 26, in logout
    login_time = datetime.datetime.strptime(str(myuser.last_login), "%Y-%m-%d %H:%M:%S+00:00").replace(tzinfo=utc)
NameError: name 'utc' is not defined
ERROR 2016-10-13 17:29:40,302 Internal Server Error: /logout/
Traceback (most recent call last):
  File "C:\Python34\lib\site-packages\django\core\handlers\base.py", line 132, in get_response
    response = wrapped_callback(request, *callback_args, **callback_kwargs)
  File "C:\Python34\lib\site-packages\django\contrib\auth\decorators.py", line 22, in _wrapped_view
    return view_func(request, *args, **kwargs)
  File "C:\uav\common\views\logout.py", line 26, in logout
    login_time = datetime.datetime.strptime(str(myuser.last_login), "%Y-%m-%d %H:%M:%S+00:00").replace(tzinfo=utc)
NameError: name 'utc' is not defined
WARNING 2016-10-13 17:29:48,043 Not Found: /announce.php
WARNING 2016-10-13 17:29:48,044 Not Found: /announce.php
WARNING 2016-10-13 17:29:48,046 Not Found: /announce.php
WARNING 2016-10-13 17:29:48,043 Not Found: /announce.php
WARNING 2016-10-13 17:29:48,044 Not Found: /announce.php
WARNING 2016-10-13 17:29:48,046 Not Found: /announce.php
WARNING 2016-10-13 17:30:00,068 Not Found: /announce.php
WARNING 2016-10-13 17:30:00,068 Not Found: /announce.php
WARNING 2016-10-13 17:30:00,075 Not Found: /announce.php
WARNING 2016-10-13 17:30:00,075 Not Found: /announce.php
WARNING 2016-10-13 17:30:39,081 Not Found: /announce.php
WARNING 2016-10-13 17:30:39,081 Not Found: /announce.php
WARNING 2016-10-13 17:31:00,051 Not Found: /announce.php
WARNING 2016-10-13 17:31:00,051 Not Found: /announce.php
WARNING 2016-10-13 17:31:39,051 Not Found: /announce.php
WARNING 2016-10-13 17:31:39,051 Not Found: /announce.php
WARNING 2016-10-13 17:32:09,072 Not Found: /announce.php
WARNING 2016-10-13 17:32:09,074 Not Found: /announce.php
WARNING 2016-10-13 17:32:09,072 Not Found: /announce.php
WARNING 2016-10-13 17:32:09,074 Not Found: /announce.php
ERROR 2016-10-13 17:37:19,157 Internal Server Error: /logout/
Traceback (most recent call last):
  File "C:\Python34\lib\site-packages\django\core\handlers\base.py", line 132, in get_response
    response = wrapped_callback(request, *callback_args, **callback_kwargs)
  File "C:\Python34\lib\site-packages\django\contrib\auth\decorators.py", line 22, in _wrapped_view
    return view_func(request, *args, **kwargs)
  File "C:\uav\common\views\logout.py", line 31, in logout
    +', Logout Success. Duration:'+ str(login_time)+'time_now: '+time_now)
TypeError: Can't convert 'datetime.datetime' object to str implicitly
ERROR 2016-10-13 17:37:19,157 Internal Server Error: /logout/
Traceback (most recent call last):
  File "C:\Python34\lib\site-packages\django\core\handlers\base.py", line 132, in get_response
    response = wrapped_callback(request, *callback_args, **callback_kwargs)
  File "C:\Python34\lib\site-packages\django\contrib\auth\decorators.py", line 22, in _wrapped_view
    return view_func(request, *args, **kwargs)
  File "C:\uav\common\views\logout.py", line 31, in logout
    +', Logout Success. Duration:'+ str(login_time)+'time_now: '+time_now)
TypeError: Can't convert 'datetime.datetime' object to str implicitly
WARNING 2016-10-13 17:53:09,074 Not Found: /announce.php
WARNING 2016-10-13 17:53:09,074 Not Found: /announce.php
WARNING 2016-10-13 17:53:09,076 Not Found: /announce.php
WARNING 2016-10-13 17:53:09,075 Not Found: /announce.php
WARNING 2016-10-13 17:53:09,076 Not Found: /announce.php
WARNING 2016-10-13 17:53:09,075 Not Found: /announce.php
WARNING 2016-10-13 17:53:12,066 Not Found: /announce.php
WARNING 2016-10-13 17:53:12,067 Not Found: /announce.php
WARNING 2016-10-13 17:53:12,066 Not Found: /announce.php
WARNING 2016-10-13 17:53:12,067 Not Found: /announce.php
WARNING 2016-10-13 17:53:14,069 Not Found: /announce.php
WARNING 2016-10-13 17:53:14,069 Not Found: /announce.php
WARNING 2016-10-13 17:55:12,056 Not Found: /announce.php
WARNING 2016-10-13 17:55:12,056 Not Found: /announce.php
WARNING 2016-10-13 17:55:12,057 Not Found: /announce.php
WARNING 2016-10-13 17:55:12,058 Not Found: /announce.php
WARNING 2016-10-13 17:55:12,056 Not Found: /announce.php
WARNING 2016-10-13 17:55:12,056 Not Found: /announce.php
WARNING 2016-10-13 17:55:12,057 Not Found: /announce.php
WARNING 2016-10-13 17:55:12,058 Not Found: /announce.php
WARNING 2016-10-13 17:56:21,070 Not Found: /announce.php
WARNING 2016-10-13 17:56:21,070 Not Found: /announce.php
WARNING 2016-10-13 17:57:03,040 Not Found: /announce.php
WARNING 2016-10-13 17:57:03,040 Not Found: /announce.php
WARNING 2016-10-13 17:57:33,048 Not Found: /announce.php
WARNING 2016-10-13 17:57:33,051 Not Found: /announce.php
WARNING 2016-10-13 17:57:33,053 Not Found: /announce.php
WARNING 2016-10-13 17:57:33,048 Not Found: /announce.php
WARNING 2016-10-13 17:57:33,051 Not Found: /announce.php
WARNING 2016-10-13 17:57:33,053 Not Found: /announce.php
WARNING 2016-10-13 17:57:42,066 Not Found: /announce.php
WARNING 2016-10-13 17:57:42,069 Not Found: /announce.php
WARNING 2016-10-13 17:57:42,066 Not Found: /announce.php
WARNING 2016-10-13 17:57:42,069 Not Found: /announce.php
WARNING 2016-10-13 17:58:42,069 Not Found: /announce.php
WARNING 2016-10-13 17:58:42,069 Not Found: /announce.php
WARNING 2016-10-13 17:59:21,060 Not Found: /announce.php
WARNING 2016-10-13 17:59:21,060 Not Found: /announce.php
WARNING 2016-10-13 17:59:51,078 Not Found: /announce.php
WARNING 2016-10-13 17:59:51,079 Not Found: /announce.php
WARNING 2016-10-13 17:59:51,080 Not Found: /announce.php
WARNING 2016-10-13 17:59:51,078 Not Found: /announce.php
WARNING 2016-10-13 17:59:51,079 Not Found: /announce.php
WARNING 2016-10-13 17:59:51,080 Not Found: /announce.php
WARNING 2016-10-13 18:00:03,066 Not Found: /announce.php
WARNING 2016-10-13 18:00:03,068 Not Found: /announce.php
WARNING 2016-10-13 18:00:03,066 Not Found: /announce.php
WARNING 2016-10-13 18:00:03,068 Not Found: /announce.php
WARNING 2016-10-13 18:00:42,084 Not Found: /announce.php
WARNING 2016-10-13 18:00:42,084 Not Found: /announce.php
WARNING 2016-10-13 18:01:03,069 Not Found: /announce.php
WARNING 2016-10-13 18:01:03,069 Not Found: /announce.php
WARNING 2016-10-13 18:01:42,071 Not Found: /announce.php
WARNING 2016-10-13 18:01:42,071 Not Found: /announce.php
WARNING 2016-10-13 18:02:12,056 Not Found: /announce.php
WARNING 2016-10-13 18:02:12,057 Not Found: /announce.php
WARNING 2016-10-13 18:02:12,056 Not Found: /announce.php
WARNING 2016-10-13 18:02:12,057 Not Found: /announce.php
WARNING 2016-10-13 18:23:12,080 Not Found: /announce.php
WARNING 2016-10-13 18:23:12,082 Not Found: /announce.php
WARNING 2016-10-13 18:23:12,084 Not Found: /announce.php
WARNING 2016-10-13 18:23:12,080 Not Found: /announce.php
WARNING 2016-10-13 18:23:12,082 Not Found: /announce.php
WARNING 2016-10-13 18:23:12,084 Not Found: /announce.php
WARNING 2016-10-13 18:23:15,064 Not Found: /announce.php
WARNING 2016-10-13 18:23:15,064 Not Found: /announce.php
WARNING 2016-10-13 18:23:15,064 Not Found: /announce.php
WARNING 2016-10-13 18:23:15,064 Not Found: /announce.php
WARNING 2016-10-13 18:23:17,042 Not Found: /announce.php
WARNING 2016-10-13 18:23:17,042 Not Found: /announce.php
WARNING 2016-10-13 18:25:15,044 Not Found: /announce.php
WARNING 2016-10-13 18:25:15,045 Not Found: /announce.php
WARNING 2016-10-13 18:25:15,046 Not Found: /announce.php
WARNING 2016-10-13 18:25:15,046 Not Found: /announce.php
WARNING 2016-10-13 18:25:15,045 Not Found: /announce.php
WARNING 2016-10-13 18:25:15,047 Not Found: /announce.php
WARNING 2016-10-13 18:25:15,047 Not Found: /announce.php
WARNING 2016-10-13 18:25:15,044 Not Found: /announce.php
WARNING 2016-10-13 18:26:24,034 Not Found: /announce.php
WARNING 2016-10-13 18:26:24,034 Not Found: /announce.php
WARNING 2016-10-13 18:27:06,051 Not Found: /announce.php
WARNING 2016-10-13 18:27:06,051 Not Found: /announce.php
WARNING 2016-10-13 18:27:36,047 Not Found: /announce.php
WARNING 2016-10-13 18:27:36,048 Not Found: /announce.php
WARNING 2016-10-13 18:27:36,047 Not Found: /announce.php
WARNING 2016-10-13 18:27:36,049 Not Found: /announce.php
WARNING 2016-10-13 18:27:36,048 Not Found: /announce.php
WARNING 2016-10-13 18:27:36,049 Not Found: /announce.php
WARNING 2016-10-13 18:27:45,057 Not Found: /announce.php
WARNING 2016-10-13 18:27:45,060 Not Found: /announce.php
WARNING 2016-10-13 18:27:45,057 Not Found: /announce.php
WARNING 2016-10-13 18:27:45,060 Not Found: /announce.php
WARNING 2016-10-13 18:28:45,071 Not Found: /announce.php
WARNING 2016-10-13 18:28:45,071 Not Found: /announce.php
WARNING 2016-10-13 18:29:24,053 Not Found: /announce.php
WARNING 2016-10-13 18:29:24,053 Not Found: /announce.php
WARNING 2016-10-13 18:29:54,052 Not Found: /announce.php
WARNING 2016-10-13 18:29:54,054 Not Found: /announce.php
WARNING 2016-10-13 18:29:54,057 Not Found: /announce.php
WARNING 2016-10-13 18:29:54,052 Not Found: /announce.php
WARNING 2016-10-13 18:29:54,054 Not Found: /announce.php
WARNING 2016-10-13 18:29:54,057 Not Found: /announce.php
WARNING 2016-10-13 18:30:06,044 Not Found: /announce.php
WARNING 2016-10-13 18:30:06,047 Not Found: /announce.php
WARNING 2016-10-13 18:30:06,044 Not Found: /announce.php
WARNING 2016-10-13 18:30:06,047 Not Found: /announce.php
WARNING 2016-10-13 18:30:45,055 Not Found: /announce.php
WARNING 2016-10-13 18:30:45,055 Not Found: /announce.php
WARNING 2016-10-13 18:31:06,058 Not Found: /announce.php
WARNING 2016-10-13 18:31:06,058 Not Found: /announce.php
WARNING 2016-10-13 18:31:45,070 Not Found: /announce.php
WARNING 2016-10-13 18:31:45,070 Not Found: /announce.php
