ERROR 2016-11-10 16:16:44,307 Internal Server Error: /jobdetail/uavjobdetail/confirm/
Traceback (most recent call last):
  File "C:\Python34\lib\site-packages\django\core\handlers\base.py", line 132, in get_response
    response = wrapped_callback(request, *callback_args, **callback_kwargs)
  File "C:\Python34\lib\site-packages\django\contrib\auth\decorators.py", line 22, in _wrapped_view
    return view_func(request, *args, **kwargs)
  File "C:\uav\frontend\views\job\frontend_uav_job_detail_confirm.py", line 25, in frontend_uav_job_detail_confirm
    jobdetail = UAV_Job_Detail.objects.get(id=id)
  File "C:\Python34\lib\site-packages\django\db\models\manager.py", line 127, in manager_method
    return getattr(self.get_queryset(), name)(*args, **kwargs)
  File "C:\Python34\lib\site-packages\django\db\models\query.py", line 334, in get
    self.model._meta.object_name
model.models.DoesNotExist: UAV_Job_Detail matching query does not exist.
ERROR 2016-11-10 16:16:44,307 Internal Server Error: /jobdetail/uavjobdetail/confirm/
Traceback (most recent call last):
  File "C:\Python34\lib\site-packages\django\core\handlers\base.py", line 132, in get_response
    response = wrapped_callback(request, *callback_args, **callback_kwargs)
  File "C:\Python34\lib\site-packages\django\contrib\auth\decorators.py", line 22, in _wrapped_view
    return view_func(request, *args, **kwargs)
  File "C:\uav\frontend\views\job\frontend_uav_job_detail_confirm.py", line 25, in frontend_uav_job_detail_confirm
    jobdetail = UAV_Job_Detail.objects.get(id=id)
  File "C:\Python34\lib\site-packages\django\db\models\manager.py", line 127, in manager_method
    return getattr(self.get_queryset(), name)(*args, **kwargs)
  File "C:\Python34\lib\site-packages\django\db\models\query.py", line 334, in get
    self.model._meta.object_name
model.models.DoesNotExist: UAV_Job_Detail matching query does not exist.
WARNING 2016-11-10 16:16:44,677 Not Found: /favicon.ico
WARNING 2016-11-10 16:16:44,677 Not Found: /favicon.ico
WARNING 2016-11-10 16:49:07,716 Not Found: /favicon.ico
WARNING 2016-11-10 16:49:07,716 Not Found: /favicon.ico
