WARNING 2017-03-13 11:06:08,897 Not Found: /test/profile.png
WARNING 2017-03-13 11:06:08,897 Not Found: /test/profile.png
WARNING 2017-03-13 11:06:08,939 Not Found: /test/cabin.png
WARNING 2017-03-13 11:06:08,941 Not Found: /test/cake.png
WARNING 2017-03-13 11:06:08,942 Not Found: /test/game.png
WARNING 2017-03-13 11:06:08,944 Not Found: /test/circus.png
WARNING 2017-03-13 11:06:08,939 Not Found: /test/cabin.png
WARNING 2017-03-13 11:06:08,941 Not Found: /test/cake.png
WARNING 2017-03-13 11:06:08,942 Not Found: /test/game.png
WARNING 2017-03-13 11:06:08,944 Not Found: /test/circus.png
WARNING 2017-03-13 11:06:09,246 Not Found: /test/user.png
WARNING 2017-03-13 11:06:09,246 Not Found: /test/user.png
WARNING 2017-03-13 11:06:53,888 Not Found: /test/profile.png
WARNING 2017-03-13 11:06:53,888 Not Found: /test/profile.png
WARNING 2017-03-13 11:06:53,900 Not Found: /test/cabin.png
WARNING 2017-03-13 11:06:53,911 Not Found: /test/cake.png
WARNING 2017-03-13 11:06:53,900 Not Found: /test/cabin.png
WARNING 2017-03-13 11:06:53,911 Not Found: /test/cake.png
WARNING 2017-03-13 11:06:53,922 Not Found: /test/game.png
WARNING 2017-03-13 11:06:53,922 Not Found: /test/game.png
WARNING 2017-03-13 11:06:53,929 Not Found: /test/circus.png
WARNING 2017-03-13 11:06:53,929 Not Found: /test/circus.png
WARNING 2017-03-13 11:06:54,224 Not Found: /test/user.png
WARNING 2017-03-13 11:06:54,224 Not Found: /test/user.png
WARNING 2017-03-13 11:08:07,628 Not Found: /test/profile.png
WARNING 2017-03-13 11:08:07,628 Not Found: /test/profile.png
WARNING 2017-03-13 11:08:07,644 Not Found: /test/cabin.png
WARNING 2017-03-13 11:08:07,644 Not Found: /test/cabin.png
WARNING 2017-03-13 11:08:07,657 Not Found: /test/cake.png
WARNING 2017-03-13 11:08:07,657 Not Found: /test/cake.png
WARNING 2017-03-13 11:08:07,664 Not Found: /test/game.png
WARNING 2017-03-13 11:08:07,668 Not Found: /test/circus.png
WARNING 2017-03-13 11:08:07,664 Not Found: /test/game.png
WARNING 2017-03-13 11:08:07,668 Not Found: /test/circus.png
WARNING 2017-03-13 11:08:07,964 Not Found: /test/user.png
WARNING 2017-03-13 11:08:07,964 Not Found: /test/user.png
WARNING 2017-03-13 11:09:48,254 Not Found: /test/profile.png
WARNING 2017-03-13 11:09:48,254 Not Found: /test/profile.png
WARNING 2017-03-13 11:09:48,268 Not Found: /test/cabin.png
WARNING 2017-03-13 11:09:48,268 Not Found: /test/cabin.png
WARNING 2017-03-13 11:09:48,281 Not Found: /test/cake.png
WARNING 2017-03-13 11:09:48,281 Not Found: /test/cake.png
WARNING 2017-03-13 11:09:48,288 Not Found: /test/game.png
WARNING 2017-03-13 11:09:48,290 Not Found: /test/circus.png
WARNING 2017-03-13 11:09:48,288 Not Found: /test/game.png
WARNING 2017-03-13 11:09:48,290 Not Found: /test/circus.png
WARNING 2017-03-13 11:09:48,589 Not Found: /test/user.png
WARNING 2017-03-13 11:09:48,589 Not Found: /test/user.png
WARNING 2017-03-13 11:12:18,185 Not Found: /test/profile.png
WARNING 2017-03-13 11:12:18,185 Not Found: /test/profile.png
WARNING 2017-03-13 11:12:18,198 Not Found: /test/cabin.png
WARNING 2017-03-13 11:12:18,198 Not Found: /test/cabin.png
WARNING 2017-03-13 11:12:18,213 Not Found: /test/cake.png
WARNING 2017-03-13 11:12:18,213 Not Found: /test/cake.png
WARNING 2017-03-13 11:12:18,220 Not Found: /test/game.png
WARNING 2017-03-13 11:12:18,220 Not Found: /test/game.png
WARNING 2017-03-13 11:12:18,224 Not Found: /test/circus.png
WARNING 2017-03-13 11:12:18,224 Not Found: /test/circus.png
WARNING 2017-03-13 11:12:18,528 Not Found: /test/user.png
WARNING 2017-03-13 11:12:18,528 Not Found: /test/user.png
WARNING 2017-03-13 11:12:25,192 Not Found: /test/profile.png
WARNING 2017-03-13 11:12:25,192 Not Found: /test/profile.png
WARNING 2017-03-13 11:12:25,207 Not Found: /test/cabin.png
WARNING 2017-03-13 11:12:25,207 Not Found: /test/cabin.png
WARNING 2017-03-13 11:12:25,218 Not Found: /test/cake.png
WARNING 2017-03-13 11:12:25,219 Not Found: /test/game.png
WARNING 2017-03-13 11:12:25,219 Not Found: /test/game.png
WARNING 2017-03-13 11:12:25,218 Not Found: /test/cake.png
WARNING 2017-03-13 11:12:25,223 Not Found: /test/circus.png
WARNING 2017-03-13 11:12:25,223 Not Found: /test/circus.png
WARNING 2017-03-13 11:12:25,520 Not Found: /test/user.png
WARNING 2017-03-13 11:12:25,520 Not Found: /test/user.png
WARNING 2017-03-13 11:12:27,121 Not Found: /test/profile.png
WARNING 2017-03-13 11:12:27,121 Not Found: /test/profile.png
WARNING 2017-03-13 11:12:27,145 Not Found: /test/cabin.png
WARNING 2017-03-13 11:12:27,149 Not Found: /test/cake.png
WARNING 2017-03-13 11:12:27,145 Not Found: /test/cabin.png
WARNING 2017-03-13 11:12:27,155 Not Found: /test/circus.png
WARNING 2017-03-13 11:12:27,155 Not Found: /test/game.png
WARNING 2017-03-13 11:12:27,155 Not Found: /test/game.png
WARNING 2017-03-13 11:12:27,155 Not Found: /test/circus.png
WARNING 2017-03-13 11:12:27,149 Not Found: /test/cake.png
WARNING 2017-03-13 11:12:27,458 Not Found: /test/user.png
WARNING 2017-03-13 11:12:27,458 Not Found: /test/user.png
WARNING 2017-03-13 11:12:29,973 Not Found: /test/profile.png
WARNING 2017-03-13 11:12:29,973 Not Found: /test/profile.png
WARNING 2017-03-13 11:12:29,985 Not Found: /test/cabin.png
WARNING 2017-03-13 11:12:29,985 Not Found: /test/cabin.png
WARNING 2017-03-13 11:12:30,001 Not Found: /test/cake.png
WARNING 2017-03-13 11:12:30,004 Not Found: /test/game.png
WARNING 2017-03-13 11:12:30,006 Not Found: /test/circus.png
WARNING 2017-03-13 11:12:30,001 Not Found: /test/cake.png
WARNING 2017-03-13 11:12:30,004 Not Found: /test/game.png
WARNING 2017-03-13 11:12:30,006 Not Found: /test/circus.png
WARNING 2017-03-13 11:12:30,307 Not Found: /test/user.png
WARNING 2017-03-13 11:12:30,307 Not Found: /test/user.png
WARNING 2017-03-13 11:12:44,083 Not Found: /test/profile.png
WARNING 2017-03-13 11:12:44,083 Not Found: /test/profile.png
WARNING 2017-03-13 11:12:44,098 Not Found: /test/cabin.png
WARNING 2017-03-13 11:12:44,098 Not Found: /test/cabin.png
WARNING 2017-03-13 11:12:44,108 Not Found: /test/game.png
WARNING 2017-03-13 11:12:44,108 Not Found: /test/game.png
WARNING 2017-03-13 11:12:44,115 Not Found: /test/circus.png
WARNING 2017-03-13 11:12:44,115 Not Found: /test/circus.png
WARNING 2017-03-13 11:12:44,117 Not Found: /test/cake.png
WARNING 2017-03-13 11:12:44,117 Not Found: /test/cake.png
WARNING 2017-03-13 11:12:44,421 Not Found: /test/user.png
WARNING 2017-03-13 11:12:44,421 Not Found: /test/user.png
WARNING 2017-03-13 11:13:37,131 Not Found: /test/profile.png
WARNING 2017-03-13 11:13:37,131 Not Found: /test/profile.png
WARNING 2017-03-13 11:13:37,151 Not Found: /test/cabin.png
WARNING 2017-03-13 11:13:37,151 Not Found: /test/cabin.png
WARNING 2017-03-13 11:13:37,160 Not Found: /test/cake.png
WARNING 2017-03-13 11:13:37,162 Not Found: /test/game.png
WARNING 2017-03-13 11:13:37,163 Not Found: /test/circus.png
WARNING 2017-03-13 11:13:37,163 Not Found: /test/circus.png
WARNING 2017-03-13 11:13:37,162 Not Found: /test/game.png
WARNING 2017-03-13 11:13:37,160 Not Found: /test/cake.png
WARNING 2017-03-13 11:13:37,463 Not Found: /test/user.png
WARNING 2017-03-13 11:13:37,463 Not Found: /test/user.png
WARNING 2017-03-13 11:14:36,172 Not Found: /test/profile.png
WARNING 2017-03-13 11:14:36,172 Not Found: /test/profile.png
WARNING 2017-03-13 11:14:36,187 Not Found: /test/cabin.png
WARNING 2017-03-13 11:14:36,187 Not Found: /test/cabin.png
WARNING 2017-03-13 11:14:36,199 Not Found: /test/cake.png
WARNING 2017-03-13 11:14:36,199 Not Found: /test/cake.png
WARNING 2017-03-13 11:14:36,205 Not Found: /test/game.png
WARNING 2017-03-13 11:14:36,207 Not Found: /test/circus.png
WARNING 2017-03-13 11:14:36,205 Not Found: /test/game.png
WARNING 2017-03-13 11:14:36,207 Not Found: /test/circus.png
WARNING 2017-03-13 11:14:36,514 Not Found: /test/user.png
WARNING 2017-03-13 11:14:36,514 Not Found: /test/user.png
WARNING 2017-03-13 11:14:46,928 Not Found: /test/profile.png
WARNING 2017-03-13 11:14:46,928 Not Found: /test/profile.png
WARNING 2017-03-13 11:14:46,944 Not Found: /test/cabin.png
WARNING 2017-03-13 11:14:46,944 Not Found: /test/cabin.png
WARNING 2017-03-13 11:14:46,973 Not Found: /test/cake.png
WARNING 2017-03-13 11:14:46,973 Not Found: /test/cake.png
WARNING 2017-03-13 11:14:46,975 Not Found: /test/game.png
WARNING 2017-03-13 11:14:46,977 Not Found: /test/circus.png
WARNING 2017-03-13 11:14:46,977 Not Found: /test/circus.png
WARNING 2017-03-13 11:14:46,975 Not Found: /test/game.png
WARNING 2017-03-13 11:14:47,280 Not Found: /test/user.png
WARNING 2017-03-13 11:14:47,280 Not Found: /test/user.png
WARNING 2017-03-13 11:14:52,077 Not Found: /test/profile.png
WARNING 2017-03-13 11:14:52,077 Not Found: /test/profile.png
WARNING 2017-03-13 11:14:52,098 Not Found: /test/cabin.png
WARNING 2017-03-13 11:14:52,098 Not Found: /test/cabin.png
WARNING 2017-03-13 11:14:52,106 Not Found: /test/game.png
WARNING 2017-03-13 11:14:52,107 Not Found: /test/circus.png
WARNING 2017-03-13 11:14:52,109 Not Found: /test/cake.png
WARNING 2017-03-13 11:14:52,109 Not Found: /test/cake.png
WARNING 2017-03-13 11:14:52,106 Not Found: /test/game.png
WARNING 2017-03-13 11:14:52,107 Not Found: /test/circus.png
WARNING 2017-03-13 11:14:52,407 Not Found: /test/user.png
WARNING 2017-03-13 11:14:52,407 Not Found: /test/user.png
WARNING 2017-03-13 11:15:01,681 Not Found: /test/profile.png
WARNING 2017-03-13 11:15:01,681 Not Found: /test/profile.png
WARNING 2017-03-13 11:15:01,695 Not Found: /test/cabin.png
WARNING 2017-03-13 11:15:01,695 Not Found: /test/cabin.png
WARNING 2017-03-13 11:15:01,711 Not Found: /test/cake.png
WARNING 2017-03-13 11:15:01,711 Not Found: /test/cake.png
WARNING 2017-03-13 11:15:01,716 Not Found: /test/game.png
WARNING 2017-03-13 11:15:01,718 Not Found: /test/circus.png
WARNING 2017-03-13 11:15:01,716 Not Found: /test/game.png
WARNING 2017-03-13 11:15:01,718 Not Found: /test/circus.png
WARNING 2017-03-13 11:15:02,018 Not Found: /test/user.png
WARNING 2017-03-13 11:15:02,018 Not Found: /test/user.png
WARNING 2017-03-13 22:06:25,745 Not Found: /test/profile.png
WARNING 2017-03-13 22:06:25,745 Not Found: /test/profile.png
WARNING 2017-03-13 22:06:25,754 Not Found: /test/cabin.png
WARNING 2017-03-13 22:06:25,756 Not Found: /test/cake.png
WARNING 2017-03-13 22:06:25,757 Not Found: /test/game.png
WARNING 2017-03-13 22:06:25,758 Not Found: /test/circus.png
WARNING 2017-03-13 22:06:25,758 Not Found: /test/circus.png
WARNING 2017-03-13 22:06:25,756 Not Found: /test/cake.png
WARNING 2017-03-13 22:06:25,757 Not Found: /test/game.png
WARNING 2017-03-13 22:06:25,754 Not Found: /test/cabin.png
WARNING 2017-03-13 22:06:26,057 Not Found: /test/user.png
WARNING 2017-03-13 22:06:26,057 Not Found: /test/user.png
WARNING 2017-03-13 22:06:43,924 Not Found: /test/profile.png
WARNING 2017-03-13 22:06:43,924 Not Found: /test/profile.png
WARNING 2017-03-13 22:06:43,936 Not Found: /test/cabin.png
WARNING 2017-03-13 22:06:43,936 Not Found: /test/cabin.png
WARNING 2017-03-13 22:06:43,947 Not Found: /test/cake.png
WARNING 2017-03-13 22:06:43,947 Not Found: /test/cake.png
WARNING 2017-03-13 22:06:43,949 Not Found: /test/game.png
WARNING 2017-03-13 22:06:43,950 Not Found: /test/circus.png
WARNING 2017-03-13 22:06:43,949 Not Found: /test/game.png
WARNING 2017-03-13 22:06:43,950 Not Found: /test/circus.png
WARNING 2017-03-13 22:06:44,252 Not Found: /test/user.png
WARNING 2017-03-13 22:06:44,252 Not Found: /test/user.png
WARNING 2017-03-13 22:07:01,890 Not Found: /test/profile.png
WARNING 2017-03-13 22:07:01,890 Not Found: /test/profile.png
WARNING 2017-03-13 22:07:01,906 Not Found: /test/cabin.png
WARNING 2017-03-13 22:07:01,906 Not Found: /test/cabin.png
WARNING 2017-03-13 22:07:01,915 Not Found: /test/cake.png
WARNING 2017-03-13 22:07:01,916 Not Found: /test/game.png
WARNING 2017-03-13 22:07:01,915 Not Found: /test/cake.png
WARNING 2017-03-13 22:07:01,916 Not Found: /test/game.png
WARNING 2017-03-13 22:07:01,928 Not Found: /test/circus.png
WARNING 2017-03-13 22:07:01,928 Not Found: /test/circus.png
WARNING 2017-03-13 22:07:02,225 Not Found: /test/user.png
WARNING 2017-03-13 22:07:02,225 Not Found: /test/user.png
WARNING 2017-03-13 22:07:04,641 Not Found: /test/profile.png
WARNING 2017-03-13 22:07:04,641 Not Found: /test/profile.png
WARNING 2017-03-13 22:07:04,648 Not Found: /test/cabin.png
WARNING 2017-03-13 22:07:04,648 Not Found: /test/cabin.png
WARNING 2017-03-13 22:07:04,655 Not Found: /test/cake.png
WARNING 2017-03-13 22:07:04,658 Not Found: /test/game.png
WARNING 2017-03-13 22:07:04,660 Not Found: /test/circus.png
WARNING 2017-03-13 22:07:04,655 Not Found: /test/cake.png
WARNING 2017-03-13 22:07:04,658 Not Found: /test/game.png
WARNING 2017-03-13 22:07:04,660 Not Found: /test/circus.png
WARNING 2017-03-13 22:07:04,963 Not Found: /test/user.png
WARNING 2017-03-13 22:07:04,963 Not Found: /test/user.png
WARNING 2017-03-13 22:07:06,340 Not Found: /test/profile.png
WARNING 2017-03-13 22:07:06,340 Not Found: /test/profile.png
WARNING 2017-03-13 22:07:06,347 Not Found: /test/cabin.png
WARNING 2017-03-13 22:07:06,347 Not Found: /test/cabin.png
WARNING 2017-03-13 22:07:06,357 Not Found: /test/cake.png
WARNING 2017-03-13 22:07:06,362 Not Found: /test/game.png
WARNING 2017-03-13 22:07:06,363 Not Found: /test/circus.png
WARNING 2017-03-13 22:07:06,357 Not Found: /test/cake.png
WARNING 2017-03-13 22:07:06,362 Not Found: /test/game.png
WARNING 2017-03-13 22:07:06,363 Not Found: /test/circus.png
WARNING 2017-03-13 22:07:06,661 Not Found: /test/user.png
WARNING 2017-03-13 22:07:06,661 Not Found: /test/user.png
WARNING 2017-03-13 22:07:19,724 Not Found: /test/profile.png
WARNING 2017-03-13 22:07:19,724 Not Found: /test/profile.png
WARNING 2017-03-13 22:07:19,744 Not Found: /test/cabin.png
WARNING 2017-03-13 22:07:19,744 Not Found: /test/cabin.png
WARNING 2017-03-13 22:07:19,754 Not Found: /test/cake.png
WARNING 2017-03-13 22:07:19,754 Not Found: /test/cake.png
WARNING 2017-03-13 22:07:19,756 Not Found: /test/circus.png
WARNING 2017-03-13 22:07:19,757 Not Found: /test/game.png
WARNING 2017-03-13 22:07:19,756 Not Found: /test/circus.png
WARNING 2017-03-13 22:07:19,757 Not Found: /test/game.png
WARNING 2017-03-13 22:07:20,058 Not Found: /test/user.png
WARNING 2017-03-13 22:07:20,058 Not Found: /test/user.png
WARNING 2017-03-13 22:07:28,130 Not Found: /test/profile.png
WARNING 2017-03-13 22:07:28,130 Not Found: /test/profile.png
WARNING 2017-03-13 22:07:28,146 Not Found: /test/cabin.png
WARNING 2017-03-13 22:07:28,146 Not Found: /test/cabin.png
WARNING 2017-03-13 22:07:28,154 Not Found: /test/game.png
WARNING 2017-03-13 22:07:28,156 Not Found: /test/cake.png
WARNING 2017-03-13 22:07:28,156 Not Found: /test/cake.png
WARNING 2017-03-13 22:07:28,154 Not Found: /test/game.png
WARNING 2017-03-13 22:07:28,157 Not Found: /test/circus.png
WARNING 2017-03-13 22:07:28,157 Not Found: /test/circus.png
WARNING 2017-03-13 22:07:28,456 Not Found: /test/user.png
WARNING 2017-03-13 22:07:28,456 Not Found: /test/user.png
WARNING 2017-03-13 22:09:11,028 Not Found: /test/profile.png
WARNING 2017-03-13 22:09:11,028 Not Found: /test/profile.png
WARNING 2017-03-13 22:09:11,041 Not Found: /test/cabin.png
WARNING 2017-03-13 22:09:11,041 Not Found: /test/cabin.png
WARNING 2017-03-13 22:09:11,052 Not Found: /test/cake.png
WARNING 2017-03-13 22:09:11,052 Not Found: /test/cake.png
WARNING 2017-03-13 22:09:11,059 Not Found: /test/game.png
WARNING 2017-03-13 22:09:11,059 Not Found: /test/game.png
WARNING 2017-03-13 22:09:11,066 Not Found: /test/circus.png
WARNING 2017-03-13 22:09:11,066 Not Found: /test/circus.png
WARNING 2017-03-13 22:09:11,360 Not Found: /test/user.png
WARNING 2017-03-13 22:09:11,360 Not Found: /test/user.png
WARNING 2017-03-13 22:09:41,936 Not Found: /test/profile.png
WARNING 2017-03-13 22:09:41,936 Not Found: /test/profile.png
WARNING 2017-03-13 22:09:41,950 Not Found: /test/cabin.png
WARNING 2017-03-13 22:09:41,950 Not Found: /test/cabin.png
WARNING 2017-03-13 22:09:41,966 Not Found: /test/game.png
WARNING 2017-03-13 22:09:41,968 Not Found: /test/cake.png
WARNING 2017-03-13 22:09:41,969 Not Found: /test/circus.png
WARNING 2017-03-13 22:09:41,966 Not Found: /test/game.png
WARNING 2017-03-13 22:09:41,968 Not Found: /test/cake.png
WARNING 2017-03-13 22:09:41,969 Not Found: /test/circus.png
WARNING 2017-03-13 22:09:42,270 Not Found: /test/user.png
WARNING 2017-03-13 22:09:42,270 Not Found: /test/user.png
WARNING 2017-03-13 22:09:47,596 Not Found: /test/profile.png
WARNING 2017-03-13 22:09:47,596 Not Found: /test/profile.png
WARNING 2017-03-13 22:09:47,615 Not Found: /test/cabin.png
WARNING 2017-03-13 22:09:47,616 Not Found: /test/cake.png
WARNING 2017-03-13 22:09:47,618 Not Found: /test/circus.png
WARNING 2017-03-13 22:09:47,619 Not Found: /test/game.png
WARNING 2017-03-13 22:09:47,619 Not Found: /test/game.png
WARNING 2017-03-13 22:09:47,616 Not Found: /test/cake.png
WARNING 2017-03-13 22:09:47,618 Not Found: /test/circus.png
WARNING 2017-03-13 22:09:47,615 Not Found: /test/cabin.png
WARNING 2017-03-13 22:09:47,922 Not Found: /test/user.png
WARNING 2017-03-13 22:09:47,922 Not Found: /test/user.png
WARNING 2017-03-13 22:11:31,471 Not Found: /test/profile.png
WARNING 2017-03-13 22:11:31,471 Not Found: /test/profile.png
WARNING 2017-03-13 22:11:31,484 Not Found: /test/cabin.png
WARNING 2017-03-13 22:11:31,484 Not Found: /test/cabin.png
WARNING 2017-03-13 22:11:31,498 Not Found: /test/cake.png
WARNING 2017-03-13 22:11:31,498 Not Found: /test/cake.png
WARNING 2017-03-13 22:11:31,505 Not Found: /test/circus.png
WARNING 2017-03-13 22:11:31,505 Not Found: /test/circus.png
WARNING 2017-03-13 22:11:31,512 Not Found: /test/game.png
WARNING 2017-03-13 22:11:31,512 Not Found: /test/game.png
WARNING 2017-03-13 22:11:31,804 Not Found: /test/user.png
WARNING 2017-03-13 22:11:31,804 Not Found: /test/user.png
WARNING 2017-03-13 22:11:39,772 Not Found: /test/profile.png
WARNING 2017-03-13 22:11:39,772 Not Found: /test/profile.png
WARNING 2017-03-13 22:11:39,792 Not Found: /test/cabin.png
WARNING 2017-03-13 22:11:39,794 Not Found: /test/cake.png
WARNING 2017-03-13 22:11:39,796 Not Found: /test/circus.png
WARNING 2017-03-13 22:11:39,797 Not Found: /test/game.png
WARNING 2017-03-13 22:11:39,792 Not Found: /test/cabin.png
WARNING 2017-03-13 22:11:39,794 Not Found: /test/cake.png
WARNING 2017-03-13 22:11:39,796 Not Found: /test/circus.png
WARNING 2017-03-13 22:11:39,797 Not Found: /test/game.png
WARNING 2017-03-13 22:11:40,099 Not Found: /test/user.png
WARNING 2017-03-13 22:11:40,099 Not Found: /test/user.png
WARNING 2017-03-13 22:11:54,091 Not Found: /test/profile.png
WARNING 2017-03-13 22:11:54,091 Not Found: /test/profile.png
WARNING 2017-03-13 22:11:54,105 Not Found: /test/cabin.png
WARNING 2017-03-13 22:11:54,105 Not Found: /test/cabin.png
WARNING 2017-03-13 22:11:54,115 Not Found: /test/cake.png
WARNING 2017-03-13 22:11:54,116 Not Found: /test/game.png
WARNING 2017-03-13 22:11:54,115 Not Found: /test/cake.png
WARNING 2017-03-13 22:11:54,116 Not Found: /test/game.png
WARNING 2017-03-13 22:11:54,118 Not Found: /test/circus.png
WARNING 2017-03-13 22:11:54,118 Not Found: /test/circus.png
WARNING 2017-03-13 22:11:54,422 Not Found: /test/user.png
WARNING 2017-03-13 22:11:54,422 Not Found: /test/user.png
WARNING 2017-03-13 22:11:59,077 Not Found: /test/profile.png
WARNING 2017-03-13 22:11:59,077 Not Found: /test/profile.png
WARNING 2017-03-13 22:11:59,092 Not Found: /test/cabin.png
WARNING 2017-03-13 22:11:59,093 Not Found: /test/cake.png
WARNING 2017-03-13 22:11:59,092 Not Found: /test/cabin.png
WARNING 2017-03-13 22:11:59,096 Not Found: /test/game.png
WARNING 2017-03-13 22:11:59,096 Not Found: /test/game.png
WARNING 2017-03-13 22:11:59,093 Not Found: /test/cake.png
WARNING 2017-03-13 22:11:59,097 Not Found: /test/circus.png
WARNING 2017-03-13 22:11:59,097 Not Found: /test/circus.png
WARNING 2017-03-13 22:11:59,399 Not Found: /test/user.png
WARNING 2017-03-13 22:11:59,399 Not Found: /test/user.png
WARNING 2017-03-13 22:12:01,346 Not Found: /test/profile.png
WARNING 2017-03-13 22:12:01,346 Not Found: /test/profile.png
WARNING 2017-03-13 22:12:01,365 Not Found: /test/cabin.png
WARNING 2017-03-13 22:12:01,365 Not Found: /test/cabin.png
WARNING 2017-03-13 22:12:01,376 Not Found: /test/circus.png
WARNING 2017-03-13 22:12:01,378 Not Found: /test/game.png
WARNING 2017-03-13 22:12:01,380 Not Found: /test/cake.png
WARNING 2017-03-13 22:12:01,376 Not Found: /test/circus.png
WARNING 2017-03-13 22:12:01,378 Not Found: /test/game.png
WARNING 2017-03-13 22:12:01,380 Not Found: /test/cake.png
WARNING 2017-03-13 22:12:01,675 Not Found: /test/user.png
WARNING 2017-03-13 22:12:01,675 Not Found: /test/user.png
WARNING 2017-03-13 22:12:04,210 Not Found: /test/profile.png
WARNING 2017-03-13 22:12:04,210 Not Found: /test/profile.png
WARNING 2017-03-13 22:12:04,225 Not Found: /test/cabin.png
WARNING 2017-03-13 22:12:04,225 Not Found: /test/cabin.png
WARNING 2017-03-13 22:12:04,233 Not Found: /test/cake.png
WARNING 2017-03-13 22:12:04,234 Not Found: /test/game.png
WARNING 2017-03-13 22:12:04,240 Not Found: /test/circus.png
WARNING 2017-03-13 22:12:04,240 Not Found: /test/circus.png
WARNING 2017-03-13 22:12:04,234 Not Found: /test/game.png
WARNING 2017-03-13 22:12:04,233 Not Found: /test/cake.png
WARNING 2017-03-13 22:12:04,535 Not Found: /test/user.png
WARNING 2017-03-13 22:12:04,535 Not Found: /test/user.png
WARNING 2017-03-13 22:13:42,650 Not Found: /test/profile.png
WARNING 2017-03-13 22:13:42,650 Not Found: /test/profile.png
WARNING 2017-03-13 22:13:42,662 Not Found: /test/cabin.png
WARNING 2017-03-13 22:13:42,662 Not Found: /test/cabin.png
WARNING 2017-03-13 22:13:42,678 Not Found: /test/cake.png
WARNING 2017-03-13 22:13:42,678 Not Found: /test/cake.png
WARNING 2017-03-13 22:13:42,684 Not Found: /test/circus.png
WARNING 2017-03-13 22:13:42,684 Not Found: /test/circus.png
WARNING 2017-03-13 22:13:42,686 Not Found: /test/game.png
WARNING 2017-03-13 22:13:42,686 Not Found: /test/game.png
WARNING 2017-03-13 22:13:42,983 Not Found: /test/user.png
WARNING 2017-03-13 22:13:42,983 Not Found: /test/user.png
WARNING 2017-03-13 22:24:07,391 Not Found: /test/profile.png
WARNING 2017-03-13 22:24:07,391 Not Found: /test/profile.png
WARNING 2017-03-13 22:24:07,405 Not Found: /test/cabin.png
WARNING 2017-03-13 22:24:07,405 Not Found: /test/cabin.png
WARNING 2017-03-13 22:24:07,420 Not Found: /test/cake.png
WARNING 2017-03-13 22:24:07,420 Not Found: /test/cake.png
WARNING 2017-03-13 22:24:07,428 Not Found: /test/game.png
WARNING 2017-03-13 22:24:07,430 Not Found: /test/circus.png
WARNING 2017-03-13 22:24:07,428 Not Found: /test/game.png
WARNING 2017-03-13 22:24:07,430 Not Found: /test/circus.png
WARNING 2017-03-13 22:24:07,726 Not Found: /test/user.png
WARNING 2017-03-13 22:24:07,726 Not Found: /test/user.png
WARNING 2017-03-13 22:24:20,593 Not Found: /test/profile.png
WARNING 2017-03-13 22:24:20,593 Not Found: /test/profile.png
WARNING 2017-03-13 22:24:20,608 Not Found: /test/cabin.png
WARNING 2017-03-13 22:24:20,608 Not Found: /test/cabin.png
WARNING 2017-03-13 22:24:20,620 Not Found: /test/cake.png
WARNING 2017-03-13 22:24:20,620 Not Found: /test/cake.png
WARNING 2017-03-13 22:24:20,628 Not Found: /test/game.png
WARNING 2017-03-13 22:24:20,628 Not Found: /test/game.png
WARNING 2017-03-13 22:24:20,634 Not Found: /test/circus.png
WARNING 2017-03-13 22:24:20,634 Not Found: /test/circus.png
WARNING 2017-03-13 22:24:20,932 Not Found: /test/user.png
WARNING 2017-03-13 22:24:20,932 Not Found: /test/user.png
WARNING 2017-03-13 22:24:48,774 Not Found: /test/profile.png
WARNING 2017-03-13 22:24:48,774 Not Found: /test/profile.png
WARNING 2017-03-13 22:24:48,788 Not Found: /test/cabin.png
WARNING 2017-03-13 22:24:48,788 Not Found: /test/cabin.png
WARNING 2017-03-13 22:24:48,800 Not Found: /test/cake.png
WARNING 2017-03-13 22:24:48,800 Not Found: /test/cake.png
WARNING 2017-03-13 22:24:48,807 Not Found: /test/game.png
WARNING 2017-03-13 22:24:48,807 Not Found: /test/game.png
WARNING 2017-03-13 22:24:48,815 Not Found: /test/circus.png
WARNING 2017-03-13 22:24:48,815 Not Found: /test/circus.png
WARNING 2017-03-13 22:24:49,113 Not Found: /test/user.png
WARNING 2017-03-13 22:24:49,113 Not Found: /test/user.png
WARNING 2017-03-13 22:25:06,985 Not Found: /test/profile.png
WARNING 2017-03-13 22:25:06,985 Not Found: /test/profile.png
WARNING 2017-03-13 22:25:06,995 Not Found: /test/cabin.png
WARNING 2017-03-13 22:25:06,995 Not Found: /test/cabin.png
WARNING 2017-03-13 22:25:07,009 Not Found: /test/cake.png
WARNING 2017-03-13 22:25:07,009 Not Found: /test/cake.png
WARNING 2017-03-13 22:25:07,015 Not Found: /test/circus.png
WARNING 2017-03-13 22:25:07,015 Not Found: /test/circus.png
WARNING 2017-03-13 22:25:07,017 Not Found: /test/game.png
WARNING 2017-03-13 22:25:07,017 Not Found: /test/game.png
WARNING 2017-03-13 22:25:07,316 Not Found: /test/user.png
WARNING 2017-03-13 22:25:07,316 Not Found: /test/user.png
WARNING 2017-03-13 22:27:15,823 Not Found: /test/profile.png
WARNING 2017-03-13 22:27:15,823 Not Found: /test/profile.png
WARNING 2017-03-13 22:27:15,838 Not Found: /test/cabin.png
WARNING 2017-03-13 22:27:15,838 Not Found: /test/cabin.png
WARNING 2017-03-13 22:27:15,853 Not Found: /test/cake.png
WARNING 2017-03-13 22:27:15,853 Not Found: /test/cake.png
WARNING 2017-03-13 22:27:15,861 Not Found: /test/circus.png
WARNING 2017-03-13 22:27:15,862 Not Found: /test/game.png
WARNING 2017-03-13 22:27:15,861 Not Found: /test/circus.png
WARNING 2017-03-13 22:27:15,862 Not Found: /test/game.png
WARNING 2017-03-13 22:27:16,159 Not Found: /test/user.png
WARNING 2017-03-13 22:27:16,159 Not Found: /test/user.png
WARNING 2017-03-13 22:28:53,999 Not Found: /test/profile.png
WARNING 2017-03-13 22:28:53,999 Not Found: /test/profile.png
WARNING 2017-03-13 22:28:54,011 Not Found: /test/cabin.png
WARNING 2017-03-13 22:28:54,011 Not Found: /test/cabin.png
WARNING 2017-03-13 22:28:54,018 Not Found: /test/cake.png
WARNING 2017-03-13 22:28:54,018 Not Found: /test/cake.png
WARNING 2017-03-13 22:28:54,032 Not Found: /test/game.png
WARNING 2017-03-13 22:28:54,034 Not Found: /test/circus.png
WARNING 2017-03-13 22:28:54,034 Not Found: /test/circus.png
WARNING 2017-03-13 22:28:54,032 Not Found: /test/game.png
WARNING 2017-03-13 22:28:54,333 Not Found: /test/user.png
WARNING 2017-03-13 22:28:54,333 Not Found: /test/user.png
WARNING 2017-03-13 22:32:33,826 Not Found: /test/profile.png
WARNING 2017-03-13 22:32:33,826 Not Found: /test/profile.png
WARNING 2017-03-13 22:32:33,843 Not Found: /test/cabin.png
WARNING 2017-03-13 22:32:33,843 Not Found: /test/cabin.png
WARNING 2017-03-13 22:32:33,859 Not Found: /test/cake.png
WARNING 2017-03-13 22:32:33,859 Not Found: /test/cake.png
WARNING 2017-03-13 22:32:33,869 Not Found: /test/game.png
WARNING 2017-03-13 22:32:33,869 Not Found: /test/game.png
WARNING 2017-03-13 22:32:33,870 Not Found: /test/circus.png
WARNING 2017-03-13 22:32:33,870 Not Found: /test/circus.png
WARNING 2017-03-13 22:32:34,177 Not Found: /test/user.png
WARNING 2017-03-13 22:32:34,177 Not Found: /test/user.png
WARNING 2017-03-13 22:33:42,896 Not Found: /test/profile.png
WARNING 2017-03-13 22:33:42,896 Not Found: /test/profile.png
WARNING 2017-03-13 22:33:42,913 Not Found: /test/cabin.png
WARNING 2017-03-13 22:33:42,913 Not Found: /test/cabin.png
WARNING 2017-03-13 22:33:42,923 Not Found: /test/cake.png
WARNING 2017-03-13 22:33:42,925 Not Found: /test/game.png
WARNING 2017-03-13 22:33:42,925 Not Found: /test/game.png
WARNING 2017-03-13 22:33:42,923 Not Found: /test/cake.png
WARNING 2017-03-13 22:33:42,927 Not Found: /test/circus.png
WARNING 2017-03-13 22:33:42,927 Not Found: /test/circus.png
WARNING 2017-03-13 22:33:43,231 Not Found: /test/user.png
WARNING 2017-03-13 22:33:43,231 Not Found: /test/user.png
WARNING 2017-03-13 22:33:50,917 Not Found: /test/profile.png
WARNING 2017-03-13 22:33:50,917 Not Found: /test/profile.png
WARNING 2017-03-13 22:33:50,932 Not Found: /test/cabin.png
WARNING 2017-03-13 22:33:50,932 Not Found: /test/cabin.png
WARNING 2017-03-13 22:33:50,940 Not Found: /test/circus.png
WARNING 2017-03-13 22:33:50,940 Not Found: /test/circus.png
WARNING 2017-03-13 22:33:50,946 Not Found: /test/game.png
WARNING 2017-03-13 22:33:50,952 Not Found: /test/cake.png
WARNING 2017-03-13 22:33:50,952 Not Found: /test/cake.png
WARNING 2017-03-13 22:33:50,946 Not Found: /test/game.png
WARNING 2017-03-13 22:33:51,242 Not Found: /test/user.png
WARNING 2017-03-13 22:33:51,242 Not Found: /test/user.png
WARNING 2017-03-13 22:34:34,357 Not Found: /test/profile.png
WARNING 2017-03-13 22:34:34,357 Not Found: /test/profile.png
WARNING 2017-03-13 22:34:34,370 Not Found: /test/cabin.png
WARNING 2017-03-13 22:34:34,370 Not Found: /test/cabin.png
WARNING 2017-03-13 22:34:34,380 Not Found: /test/cake.png
WARNING 2017-03-13 22:34:34,380 Not Found: /test/cake.png
WARNING 2017-03-13 22:34:34,387 Not Found: /test/circus.png
WARNING 2017-03-13 22:34:34,388 Not Found: /test/game.png
WARNING 2017-03-13 22:34:34,387 Not Found: /test/circus.png
WARNING 2017-03-13 22:34:34,388 Not Found: /test/game.png
WARNING 2017-03-13 22:34:34,689 Not Found: /test/user.png
WARNING 2017-03-13 22:34:34,689 Not Found: /test/user.png
WARNING 2017-03-13 22:34:40,686 Not Found: /test/profile.png
WARNING 2017-03-13 22:34:40,686 Not Found: /test/profile.png
WARNING 2017-03-13 22:34:40,703 Not Found: /test/cabin.png
WARNING 2017-03-13 22:34:40,704 Not Found: /test/cake.png
WARNING 2017-03-13 22:34:40,703 Not Found: /test/cabin.png
WARNING 2017-03-13 22:34:40,704 Not Found: /test/cake.png
WARNING 2017-03-13 22:34:40,710 Not Found: /test/game.png
WARNING 2017-03-13 22:34:40,719 Not Found: /test/circus.png
WARNING 2017-03-13 22:34:40,710 Not Found: /test/game.png
WARNING 2017-03-13 22:34:40,719 Not Found: /test/circus.png
WARNING 2017-03-13 22:34:41,016 Not Found: /test/user.png
WARNING 2017-03-13 22:34:41,016 Not Found: /test/user.png
WARNING 2017-03-13 22:35:27,836 Not Found: /test/profile.png
WARNING 2017-03-13 22:35:27,836 Not Found: /test/profile.png
WARNING 2017-03-13 22:35:27,848 Not Found: /test/cabin.png
WARNING 2017-03-13 22:35:27,848 Not Found: /test/cabin.png
WARNING 2017-03-13 22:35:27,859 Not Found: /test/cake.png
WARNING 2017-03-13 22:35:27,859 Not Found: /test/cake.png
WARNING 2017-03-13 22:35:27,867 Not Found: /test/circus.png
WARNING 2017-03-13 22:35:27,868 Not Found: /test/game.png
WARNING 2017-03-13 22:35:27,867 Not Found: /test/circus.png
WARNING 2017-03-13 22:35:27,868 Not Found: /test/game.png
WARNING 2017-03-13 22:35:28,167 Not Found: /test/user.png
WARNING 2017-03-13 22:35:28,167 Not Found: /test/user.png
WARNING 2017-03-13 22:35:53,134 Not Found: /test/profile.png
WARNING 2017-03-13 22:35:53,134 Not Found: /test/profile.png
WARNING 2017-03-13 22:35:53,152 Not Found: /test/cabin.png
WARNING 2017-03-13 22:35:53,152 Not Found: /test/cabin.png
WARNING 2017-03-13 22:35:53,170 Not Found: /test/cake.png
WARNING 2017-03-13 22:35:53,170 Not Found: /test/cake.png
WARNING 2017-03-13 22:35:53,178 Not Found: /test/circus.png
WARNING 2017-03-13 22:35:53,179 Not Found: /test/game.png
WARNING 2017-03-13 22:35:53,178 Not Found: /test/circus.png
WARNING 2017-03-13 22:35:53,179 Not Found: /test/game.png
WARNING 2017-03-13 22:35:53,476 Not Found: /test/user.png
WARNING 2017-03-13 22:35:53,476 Not Found: /test/user.png
WARNING 2017-03-13 22:36:23,491 Not Found: /test/profile.png
WARNING 2017-03-13 22:36:23,491 Not Found: /test/profile.png
WARNING 2017-03-13 22:36:23,511 Not Found: /test/cabin.png
WARNING 2017-03-13 22:36:23,511 Not Found: /test/cabin.png
WARNING 2017-03-13 22:36:23,523 Not Found: /test/cake.png
WARNING 2017-03-13 22:36:23,525 Not Found: /test/game.png
WARNING 2017-03-13 22:36:23,525 Not Found: /test/game.png
WARNING 2017-03-13 22:36:23,523 Not Found: /test/cake.png
WARNING 2017-03-13 22:36:23,527 Not Found: /test/circus.png
WARNING 2017-03-13 22:36:23,527 Not Found: /test/circus.png
WARNING 2017-03-13 22:36:23,830 Not Found: /test/user.png
WARNING 2017-03-13 22:36:23,830 Not Found: /test/user.png
WARNING 2017-03-13 22:36:35,860 Not Found: /test/profile.png
WARNING 2017-03-13 22:36:35,860 Not Found: /test/profile.png
WARNING 2017-03-13 22:36:35,873 Not Found: /test/cabin.png
WARNING 2017-03-13 22:36:35,873 Not Found: /test/cabin.png
WARNING 2017-03-13 22:36:35,890 Not Found: /test/cake.png
WARNING 2017-03-13 22:36:35,890 Not Found: /test/cake.png
WARNING 2017-03-13 22:36:35,891 Not Found: /test/circus.png
WARNING 2017-03-13 22:36:35,893 Not Found: /test/game.png
WARNING 2017-03-13 22:36:35,891 Not Found: /test/circus.png
WARNING 2017-03-13 22:36:35,893 Not Found: /test/game.png
WARNING 2017-03-13 22:36:36,193 Not Found: /test/user.png
WARNING 2017-03-13 22:36:36,193 Not Found: /test/user.png
WARNING 2017-03-13 22:38:08,820 Not Found: /test/profile.png
WARNING 2017-03-13 22:38:08,820 Not Found: /test/profile.png
WARNING 2017-03-13 22:38:08,834 Not Found: /test/cabin.png
WARNING 2017-03-13 22:38:08,834 Not Found: /test/cabin.png
WARNING 2017-03-13 22:38:08,847 Not Found: /test/cake.png
WARNING 2017-03-13 22:38:08,847 Not Found: /test/cake.png
WARNING 2017-03-13 22:38:08,849 Not Found: /test/game.png
WARNING 2017-03-13 22:38:08,856 Not Found: /test/circus.png
WARNING 2017-03-13 22:38:08,849 Not Found: /test/game.png
WARNING 2017-03-13 22:38:08,856 Not Found: /test/circus.png
WARNING 2017-03-13 22:38:09,154 Not Found: /test/user.png
WARNING 2017-03-13 22:38:09,154 Not Found: /test/user.png
WARNING 2017-03-13 22:39:37,946 Not Found: /test/profile.png
WARNING 2017-03-13 22:39:37,946 Not Found: /test/profile.png
WARNING 2017-03-13 22:39:37,957 Not Found: /test/cabin.png
WARNING 2017-03-13 22:39:37,957 Not Found: /test/cabin.png
WARNING 2017-03-13 22:39:37,970 Not Found: /test/cake.png
WARNING 2017-03-13 22:39:37,970 Not Found: /test/cake.png
WARNING 2017-03-13 22:39:37,972 Not Found: /test/game.png
WARNING 2017-03-13 22:39:37,978 Not Found: /test/circus.png
WARNING 2017-03-13 22:39:37,972 Not Found: /test/game.png
WARNING 2017-03-13 22:39:37,978 Not Found: /test/circus.png
WARNING 2017-03-13 22:39:38,279 Not Found: /test/user.png
WARNING 2017-03-13 22:39:38,279 Not Found: /test/user.png
WARNING 2017-03-13 22:39:42,038 Not Found: /test/profile.png
WARNING 2017-03-13 22:39:42,038 Not Found: /test/profile.png
WARNING 2017-03-13 22:39:42,056 Not Found: /test/cabin.png
WARNING 2017-03-13 22:39:42,056 Not Found: /test/cabin.png
WARNING 2017-03-13 22:39:42,063 Not Found: /test/game.png
WARNING 2017-03-13 22:39:42,063 Not Found: /test/game.png
WARNING 2017-03-13 22:39:42,066 Not Found: /test/circus.png
WARNING 2017-03-13 22:39:42,065 Not Found: /test/cake.png
WARNING 2017-03-13 22:39:42,066 Not Found: /test/circus.png
WARNING 2017-03-13 22:39:42,065 Not Found: /test/cake.png
WARNING 2017-03-13 22:39:42,365 Not Found: /test/user.png
WARNING 2017-03-13 22:39:42,365 Not Found: /test/user.png
WARNING 2017-03-13 22:43:04,479 Not Found: /test/profile.png
WARNING 2017-03-13 22:43:04,479 Not Found: /test/profile.png
WARNING 2017-03-13 22:43:04,494 Not Found: /test/cabin.png
WARNING 2017-03-13 22:43:04,494 Not Found: /test/cabin.png
WARNING 2017-03-13 22:43:04,507 Not Found: /test/cake.png
WARNING 2017-03-13 22:43:04,507 Not Found: /test/cake.png
WARNING 2017-03-13 22:43:04,514 Not Found: /test/circus.png
WARNING 2017-03-13 22:43:04,515 Not Found: /test/game.png
WARNING 2017-03-13 22:43:04,514 Not Found: /test/circus.png
WARNING 2017-03-13 22:43:04,515 Not Found: /test/game.png
WARNING 2017-03-13 22:43:04,816 Not Found: /test/user.png
WARNING 2017-03-13 22:43:04,816 Not Found: /test/user.png
WARNING 2017-03-13 22:43:11,590 Not Found: /test/profile.png
WARNING 2017-03-13 22:43:11,590 Not Found: /test/profile.png
WARNING 2017-03-13 22:43:11,607 Not Found: /test/cabin.png
WARNING 2017-03-13 22:43:11,609 Not Found: /test/cake.png
WARNING 2017-03-13 22:43:11,609 Not Found: /test/cake.png
WARNING 2017-03-13 22:43:11,611 Not Found: /test/game.png
WARNING 2017-03-13 22:43:11,612 Not Found: /test/circus.png
WARNING 2017-03-13 22:43:11,607 Not Found: /test/cabin.png
WARNING 2017-03-13 22:43:11,611 Not Found: /test/game.png
WARNING 2017-03-13 22:43:11,612 Not Found: /test/circus.png
WARNING 2017-03-13 22:43:11,921 Not Found: /test/user.png
WARNING 2017-03-13 22:43:11,921 Not Found: /test/user.png
WARNING 2017-03-13 22:43:12,734 Not Found: /test/profile.png
WARNING 2017-03-13 22:43:12,734 Not Found: /test/profile.png
WARNING 2017-03-13 22:43:12,745 Not Found: /test/cabin.png
WARNING 2017-03-13 22:43:12,746 Not Found: /test/cake.png
WARNING 2017-03-13 22:43:12,748 Not Found: /test/game.png
WARNING 2017-03-13 22:43:12,746 Not Found: /test/cake.png
WARNING 2017-03-13 22:43:12,745 Not Found: /test/cabin.png
WARNING 2017-03-13 22:43:12,749 Not Found: /test/circus.png
WARNING 2017-03-13 22:43:12,748 Not Found: /test/game.png
WARNING 2017-03-13 22:43:12,749 Not Found: /test/circus.png
WARNING 2017-03-13 22:43:13,048 Not Found: /test/user.png
WARNING 2017-03-13 22:43:13,048 Not Found: /test/user.png
WARNING 2017-03-13 22:43:13,562 Not Found: /test/profile.png
WARNING 2017-03-13 22:43:13,562 Not Found: /test/profile.png
WARNING 2017-03-13 22:43:13,579 Not Found: /test/cabin.png
WARNING 2017-03-13 22:43:13,579 Not Found: /test/cabin.png
WARNING 2017-03-13 22:43:13,582 Not Found: /test/cake.png
WARNING 2017-03-13 22:43:13,585 Not Found: /test/circus.png
WARNING 2017-03-13 22:43:13,586 Not Found: /test/game.png
WARNING 2017-03-13 22:43:13,582 Not Found: /test/cake.png
WARNING 2017-03-13 22:43:13,585 Not Found: /test/circus.png
WARNING 2017-03-13 22:43:13,586 Not Found: /test/game.png
WARNING 2017-03-13 22:43:13,894 Not Found: /test/user.png
WARNING 2017-03-13 22:43:13,894 Not Found: /test/user.png
WARNING 2017-03-13 22:43:14,282 Not Found: /test/profile.png
WARNING 2017-03-13 22:43:14,282 Not Found: /test/profile.png
WARNING 2017-03-13 22:43:14,306 Not Found: /test/cabin.png
WARNING 2017-03-13 22:43:14,306 Not Found: /test/cabin.png
WARNING 2017-03-13 22:43:14,307 Not Found: /test/cake.png
WARNING 2017-03-13 22:43:14,314 Not Found: /test/circus.png
WARNING 2017-03-13 22:43:14,317 Not Found: /test/game.png
WARNING 2017-03-13 22:43:14,307 Not Found: /test/cake.png
WARNING 2017-03-13 22:43:14,314 Not Found: /test/circus.png
WARNING 2017-03-13 22:43:14,317 Not Found: /test/game.png
WARNING 2017-03-13 22:43:14,866 Not Found: /test/cabin.png
WARNING 2017-03-13 22:43:14,867 Not Found: /test/cake.png
WARNING 2017-03-13 22:43:14,868 Not Found: /test/game.png
WARNING 2017-03-13 22:43:14,869 Not Found: /test/profile.png
WARNING 2017-03-13 22:43:14,870 Not Found: /test/circus.png
WARNING 2017-03-13 22:43:14,870 Not Found: /test/circus.png
WARNING 2017-03-13 22:43:14,867 Not Found: /test/cake.png
WARNING 2017-03-13 22:43:14,868 Not Found: /test/game.png
WARNING 2017-03-13 22:43:14,869 Not Found: /test/profile.png
WARNING 2017-03-13 22:43:14,866 Not Found: /test/cabin.png
WARNING 2017-03-13 22:43:14,969 Not Found: /test/user.png
WARNING 2017-03-13 22:43:14,969 Not Found: /test/user.png
WARNING 2017-03-13 22:43:15,427 Not Found: /test/profile.png
WARNING 2017-03-13 22:43:15,427 Not Found: /test/profile.png
WARNING 2017-03-13 22:43:15,447 Not Found: /test/cabin.png
WARNING 2017-03-13 22:43:15,447 Not Found: /test/cabin.png
WARNING 2017-03-13 22:43:15,456 Not Found: /test/game.png
WARNING 2017-03-13 22:43:15,457 Not Found: /test/circus.png
WARNING 2017-03-13 22:43:15,458 Not Found: /test/cake.png
WARNING 2017-03-13 22:43:15,456 Not Found: /test/game.png
WARNING 2017-03-13 22:43:15,457 Not Found: /test/circus.png
WARNING 2017-03-13 22:43:15,458 Not Found: /test/cake.png
WARNING 2017-03-13 22:43:15,766 Not Found: /test/profile.png
WARNING 2017-03-13 22:43:15,766 Not Found: /test/profile.png
WARNING 2017-03-13 22:43:16,008 Not Found: /test/cabin.png
WARNING 2017-03-13 22:43:16,008 Not Found: /test/cabin.png
WARNING 2017-03-13 22:43:16,014 Not Found: /test/cake.png
WARNING 2017-03-13 22:43:16,012 Not Found: /test/game.png
WARNING 2017-03-13 22:43:16,014 Not Found: /test/cake.png
WARNING 2017-03-13 22:43:16,012 Not Found: /test/game.png
WARNING 2017-03-13 22:43:16,089 Not Found: /test/cabin.png
WARNING 2017-03-13 22:43:16,090 Not Found: /test/cake.png
WARNING 2017-03-13 22:43:16,089 Not Found: /test/cabin.png
WARNING 2017-03-13 22:43:16,090 Not Found: /test/cake.png
WARNING 2017-03-13 22:43:16,386 Not Found: /test/profile.png
WARNING 2017-03-13 22:43:16,386 Not Found: /test/profile.png
WARNING 2017-03-13 22:43:16,402 Not Found: /test/cabin.png
WARNING 2017-03-13 22:43:16,402 Not Found: /test/cabin.png
WARNING 2017-03-13 22:43:16,413 Not Found: /test/cake.png
WARNING 2017-03-13 22:43:16,413 Not Found: /test/cake.png
WARNING 2017-03-13 22:43:16,479 Not Found: /test/game.png
WARNING 2017-03-13 22:43:16,479 Not Found: /test/game.png
WARNING 2017-03-13 22:43:16,712 Not Found: /test/cabin.png
WARNING 2017-03-13 22:43:16,713 Not Found: /test/cake.png
WARNING 2017-03-13 22:43:16,712 Not Found: /test/cabin.png
WARNING 2017-03-13 22:43:16,713 Not Found: /test/cake.png
WARNING 2017-03-13 22:43:16,753 Not Found: /test/game.png
WARNING 2017-03-13 22:43:16,754 Not Found: /test/profile.png
WARNING 2017-03-13 22:43:16,753 Not Found: /test/game.png
WARNING 2017-03-13 22:43:16,754 Not Found: /test/profile.png
WARNING 2017-03-13 22:43:16,821 Not Found: /test/circus.png
WARNING 2017-03-13 22:43:16,821 Not Found: /test/circus.png
WARNING 2017-03-13 22:43:16,828 Not Found: /test/user.png
WARNING 2017-03-13 22:43:16,828 Not Found: /test/user.png
WARNING 2017-03-13 22:48:18,450 Not Found: /test/profile.png
WARNING 2017-03-13 22:48:18,450 Not Found: /test/profile.png
WARNING 2017-03-13 22:48:18,468 Not Found: /test/cabin.png
WARNING 2017-03-13 22:48:18,468 Not Found: /test/cabin.png
WARNING 2017-03-13 22:48:18,482 Not Found: /test/cake.png
WARNING 2017-03-13 22:48:18,483 Not Found: /test/game.png
WARNING 2017-03-13 22:48:18,486 Not Found: /test/circus.png
WARNING 2017-03-13 22:48:18,482 Not Found: /test/cake.png
WARNING 2017-03-13 22:48:18,483 Not Found: /test/game.png
WARNING 2017-03-13 22:48:18,486 Not Found: /test/circus.png
WARNING 2017-03-13 22:48:18,787 Not Found: /test/user.png
WARNING 2017-03-13 22:48:18,787 Not Found: /test/user.png
WARNING 2017-03-13 22:49:48,019 Not Found: /test/profile.png
WARNING 2017-03-13 22:49:48,019 Not Found: /test/profile.png
WARNING 2017-03-13 22:49:48,038 Not Found: /test/cabin.png
WARNING 2017-03-13 22:49:48,040 Not Found: /test/cake.png
WARNING 2017-03-13 22:49:48,038 Not Found: /test/cabin.png
WARNING 2017-03-13 22:49:48,040 Not Found: /test/cake.png
WARNING 2017-03-13 22:49:48,047 Not Found: /test/game.png
WARNING 2017-03-13 22:49:48,048 Not Found: /test/circus.png
WARNING 2017-03-13 22:49:48,047 Not Found: /test/game.png
WARNING 2017-03-13 22:49:48,048 Not Found: /test/circus.png
WARNING 2017-03-13 22:49:48,352 Not Found: /test/user.png
WARNING 2017-03-13 22:49:48,352 Not Found: /test/user.png
WARNING 2017-03-13 22:49:51,430 Not Found: /test/profile.png
WARNING 2017-03-13 22:49:51,430 Not Found: /test/profile.png
WARNING 2017-03-13 22:49:51,455 Not Found: /test/cabin.png
WARNING 2017-03-13 22:49:51,456 Not Found: /test/cake.png
WARNING 2017-03-13 22:49:51,455 Not Found: /test/cabin.png
WARNING 2017-03-13 22:49:51,456 Not Found: /test/cake.png
WARNING 2017-03-13 22:49:51,463 Not Found: /test/circus.png
WARNING 2017-03-13 22:49:51,464 Not Found: /test/game.png
WARNING 2017-03-13 22:49:51,463 Not Found: /test/circus.png
WARNING 2017-03-13 22:49:51,464 Not Found: /test/game.png
WARNING 2017-03-13 22:49:51,764 Not Found: /test/user.png
WARNING 2017-03-13 22:49:51,764 Not Found: /test/user.png
WARNING 2017-03-13 22:49:54,833 Not Found: /test/profile.png
WARNING 2017-03-13 22:49:54,833 Not Found: /test/profile.png
WARNING 2017-03-13 22:49:54,853 Not Found: /test/cabin.png
WARNING 2017-03-13 22:49:54,853 Not Found: /test/cabin.png
WARNING 2017-03-13 22:49:54,861 Not Found: /test/game.png
WARNING 2017-03-13 22:49:54,863 Not Found: /test/circus.png
WARNING 2017-03-13 22:49:54,864 Not Found: /test/cake.png
WARNING 2017-03-13 22:49:54,861 Not Found: /test/game.png
WARNING 2017-03-13 22:49:54,864 Not Found: /test/cake.png
WARNING 2017-03-13 22:49:54,863 Not Found: /test/circus.png
WARNING 2017-03-13 22:49:55,165 Not Found: /test/user.png
WARNING 2017-03-13 22:49:55,165 Not Found: /test/user.png
WARNING 2017-03-13 22:50:29,216 Not Found: /test/profile.png
WARNING 2017-03-13 22:50:29,216 Not Found: /test/profile.png
WARNING 2017-03-13 22:50:29,227 Not Found: /test/cabin.png
WARNING 2017-03-13 22:50:29,227 Not Found: /test/cabin.png
WARNING 2017-03-13 22:50:29,238 Not Found: /test/cake.png
WARNING 2017-03-13 22:50:29,240 Not Found: /test/game.png
WARNING 2017-03-13 22:50:29,238 Not Found: /test/cake.png
WARNING 2017-03-13 22:50:29,242 Not Found: /test/circus.png
WARNING 2017-03-13 22:50:29,240 Not Found: /test/game.png
WARNING 2017-03-13 22:50:29,242 Not Found: /test/circus.png
WARNING 2017-03-13 22:50:29,545 Not Found: /test/user.png
WARNING 2017-03-13 22:50:29,545 Not Found: /test/user.png
WARNING 2017-03-13 22:50:32,036 Not Found: /test/profile.png
WARNING 2017-03-13 22:50:32,036 Not Found: /test/profile.png
WARNING 2017-03-13 22:50:32,058 Not Found: /test/cabin.png
WARNING 2017-03-13 22:50:32,058 Not Found: /test/cabin.png
WARNING 2017-03-13 22:50:32,065 Not Found: /test/cake.png
WARNING 2017-03-13 22:50:32,069 Not Found: /test/circus.png
WARNING 2017-03-13 22:50:32,065 Not Found: /test/cake.png
WARNING 2017-03-13 22:50:32,071 Not Found: /test/game.png
WARNING 2017-03-13 22:50:32,069 Not Found: /test/circus.png
WARNING 2017-03-13 22:50:32,071 Not Found: /test/game.png
WARNING 2017-03-13 22:50:32,371 Not Found: /test/user.png
WARNING 2017-03-13 22:50:32,371 Not Found: /test/user.png
WARNING 2017-03-13 22:50:35,030 Not Found: /test/profile.png
WARNING 2017-03-13 22:50:35,030 Not Found: /test/profile.png
WARNING 2017-03-13 22:50:35,049 Not Found: /test/cabin.png
WARNING 2017-03-13 22:50:35,049 Not Found: /test/cabin.png
WARNING 2017-03-13 22:50:35,057 Not Found: /test/cake.png
WARNING 2017-03-13 22:50:35,062 Not Found: /test/game.png
WARNING 2017-03-13 22:50:35,063 Not Found: /test/circus.png
WARNING 2017-03-13 22:50:35,057 Not Found: /test/cake.png
WARNING 2017-03-13 22:50:35,062 Not Found: /test/game.png
WARNING 2017-03-13 22:50:35,063 Not Found: /test/circus.png
WARNING 2017-03-13 22:50:35,364 Not Found: /test/user.png
WARNING 2017-03-13 22:50:35,364 Not Found: /test/user.png
WARNING 2017-03-13 22:51:13,777 Not Found: /test/profile.png
WARNING 2017-03-13 22:51:13,777 Not Found: /test/profile.png
WARNING 2017-03-13 22:51:13,790 Not Found: /test/cabin.png
WARNING 2017-03-13 22:51:13,790 Not Found: /test/cabin.png
WARNING 2017-03-13 22:51:13,802 Not Found: /test/cake.png
WARNING 2017-03-13 22:51:13,802 Not Found: /test/cake.png
WARNING 2017-03-13 22:51:13,808 Not Found: /test/circus.png
WARNING 2017-03-13 22:51:13,811 Not Found: /test/game.png
WARNING 2017-03-13 22:51:13,811 Not Found: /test/game.png
WARNING 2017-03-13 22:51:13,808 Not Found: /test/circus.png
WARNING 2017-03-13 22:51:14,113 Not Found: /test/user.png
WARNING 2017-03-13 22:51:14,113 Not Found: /test/user.png
WARNING 2017-03-13 22:51:29,315 Not Found: /test/profile.png
WARNING 2017-03-13 22:51:29,315 Not Found: /test/profile.png
WARNING 2017-03-13 22:51:29,332 Not Found: /test/cabin.png
WARNING 2017-03-13 22:51:29,332 Not Found: /test/cabin.png
WARNING 2017-03-13 22:51:29,344 Not Found: /test/cake.png
WARNING 2017-03-13 22:51:29,344 Not Found: /test/cake.png
WARNING 2017-03-13 22:51:29,351 Not Found: /test/circus.png
WARNING 2017-03-13 22:51:29,352 Not Found: /test/game.png
WARNING 2017-03-13 22:51:29,351 Not Found: /test/circus.png
WARNING 2017-03-13 22:51:29,352 Not Found: /test/game.png
WARNING 2017-03-13 22:51:29,654 Not Found: /test/user.png
WARNING 2017-03-13 22:51:29,654 Not Found: /test/user.png
WARNING 2017-03-13 22:51:30,686 Not Found: /test/profile.png
WARNING 2017-03-13 22:51:30,686 Not Found: /test/profile.png
WARNING 2017-03-13 22:51:30,703 Not Found: /test/cabin.png
WARNING 2017-03-13 22:51:30,705 Not Found: /test/cake.png
WARNING 2017-03-13 22:51:30,703 Not Found: /test/cabin.png
WARNING 2017-03-13 22:51:30,706 Not Found: /test/game.png
WARNING 2017-03-13 22:51:30,710 Not Found: /test/circus.png
WARNING 2017-03-13 22:51:30,705 Not Found: /test/cake.png
WARNING 2017-03-13 22:51:30,706 Not Found: /test/game.png
WARNING 2017-03-13 22:51:30,710 Not Found: /test/circus.png
WARNING 2017-03-13 22:51:31,009 Not Found: /test/user.png
WARNING 2017-03-13 22:51:31,009 Not Found: /test/user.png
WARNING 2017-03-13 22:51:31,374 Not Found: /test/profile.png
WARNING 2017-03-13 22:51:31,374 Not Found: /test/profile.png
WARNING 2017-03-13 22:51:31,393 Not Found: /test/cabin.png
WARNING 2017-03-13 22:51:31,395 Not Found: /test/cake.png
WARNING 2017-03-13 22:51:31,397 Not Found: /test/game.png
WARNING 2017-03-13 22:51:31,393 Not Found: /test/cabin.png
WARNING 2017-03-13 22:51:31,395 Not Found: /test/cake.png
WARNING 2017-03-13 22:51:31,397 Not Found: /test/game.png
WARNING 2017-03-13 22:51:31,704 Not Found: /test/circus.png
WARNING 2017-03-13 22:51:31,706 Not Found: /test/user.png
WARNING 2017-03-13 22:51:31,704 Not Found: /test/circus.png
WARNING 2017-03-13 22:51:31,706 Not Found: /test/user.png
WARNING 2017-03-13 22:51:56,336 Not Found: /test/profile.png
WARNING 2017-03-13 22:51:56,336 Not Found: /test/profile.png
WARNING 2017-03-13 22:51:56,352 Not Found: /test/cabin.png
WARNING 2017-03-13 22:51:56,352 Not Found: /test/cabin.png
WARNING 2017-03-13 22:51:56,364 Not Found: /test/cake.png
WARNING 2017-03-13 22:51:56,364 Not Found: /test/cake.png
WARNING 2017-03-13 22:51:56,371 Not Found: /test/circus.png
WARNING 2017-03-13 22:51:56,371 Not Found: /test/circus.png
WARNING 2017-03-13 22:51:56,372 Not Found: /test/game.png
WARNING 2017-03-13 22:51:56,372 Not Found: /test/game.png
WARNING 2017-03-13 22:51:56,674 Not Found: /test/user.png
WARNING 2017-03-13 22:51:56,674 Not Found: /test/user.png
WARNING 2017-03-13 22:52:02,749 Not Found: /test/profile.png
WARNING 2017-03-13 22:52:02,749 Not Found: /test/profile.png
WARNING 2017-03-13 22:52:02,764 Not Found: /test/cabin.png
WARNING 2017-03-13 22:52:02,765 Not Found: /test/cake.png
WARNING 2017-03-13 22:52:02,764 Not Found: /test/cabin.png
WARNING 2017-03-13 22:52:02,765 Not Found: /test/cake.png
WARNING 2017-03-13 22:52:02,773 Not Found: /test/circus.png
WARNING 2017-03-13 22:52:02,776 Not Found: /test/game.png
WARNING 2017-03-13 22:52:02,773 Not Found: /test/circus.png
WARNING 2017-03-13 22:52:02,776 Not Found: /test/game.png
WARNING 2017-03-13 22:52:03,077 Not Found: /test/user.png
WARNING 2017-03-13 22:52:03,077 Not Found: /test/user.png
WARNING 2017-03-13 22:53:14,425 Not Found: /test/profile.png
WARNING 2017-03-13 22:53:14,425 Not Found: /test/profile.png
WARNING 2017-03-13 22:53:14,443 Not Found: /test/cabin.png
WARNING 2017-03-13 22:53:14,443 Not Found: /test/cabin.png
WARNING 2017-03-13 22:53:14,457 Not Found: /test/cake.png
WARNING 2017-03-13 22:53:14,458 Not Found: /test/game.png
WARNING 2017-03-13 22:53:14,457 Not Found: /test/cake.png
WARNING 2017-03-13 22:53:14,460 Not Found: /test/circus.png
WARNING 2017-03-13 22:53:14,458 Not Found: /test/game.png
WARNING 2017-03-13 22:53:14,460 Not Found: /test/circus.png
WARNING 2017-03-13 22:53:14,766 Not Found: /test/user.png
WARNING 2017-03-13 22:53:14,766 Not Found: /test/user.png
WARNING 2017-03-13 22:54:50,959 Not Found: /test/profile.png
WARNING 2017-03-13 22:54:50,959 Not Found: /test/profile.png
WARNING 2017-03-13 22:54:50,975 Not Found: /test/cabin.png
WARNING 2017-03-13 22:54:50,975 Not Found: /test/cabin.png
WARNING 2017-03-13 22:54:50,988 Not Found: /test/cake.png
WARNING 2017-03-13 22:54:50,989 Not Found: /test/game.png
WARNING 2017-03-13 22:54:50,989 Not Found: /test/game.png
WARNING 2017-03-13 22:54:50,988 Not Found: /test/cake.png
WARNING 2017-03-13 22:54:50,991 Not Found: /test/circus.png
WARNING 2017-03-13 22:54:50,991 Not Found: /test/circus.png
WARNING 2017-03-13 22:54:51,296 Not Found: /test/user.png
WARNING 2017-03-13 22:54:51,296 Not Found: /test/user.png
WARNING 2017-03-13 22:54:57,225 Not Found: /test/profile.png
WARNING 2017-03-13 22:54:57,225 Not Found: /test/profile.png
WARNING 2017-03-13 22:54:57,241 Not Found: /test/cabin.png
WARNING 2017-03-13 22:54:57,241 Not Found: /test/cabin.png
WARNING 2017-03-13 22:54:57,247 Not Found: /test/cake.png
WARNING 2017-03-13 22:54:57,249 Not Found: /test/game.png
WARNING 2017-03-13 22:54:57,247 Not Found: /test/cake.png
WARNING 2017-03-13 22:54:57,251 Not Found: /test/circus.png
WARNING 2017-03-13 22:54:57,249 Not Found: /test/game.png
WARNING 2017-03-13 22:54:57,251 Not Found: /test/circus.png
WARNING 2017-03-13 22:54:57,553 Not Found: /test/user.png
WARNING 2017-03-13 22:54:57,553 Not Found: /test/user.png
WARNING 2017-03-13 22:56:24,054 Not Found: /test/profile.png
WARNING 2017-03-13 22:56:24,054 Not Found: /test/profile.png
WARNING 2017-03-13 22:56:24,068 Not Found: /test/cabin.png
WARNING 2017-03-13 22:56:24,068 Not Found: /test/cabin.png
WARNING 2017-03-13 22:56:24,079 Not Found: /test/cake.png
WARNING 2017-03-13 22:56:24,079 Not Found: /test/cake.png
WARNING 2017-03-13 22:56:24,085 Not Found: /test/game.png
WARNING 2017-03-13 22:56:24,086 Not Found: /test/circus.png
WARNING 2017-03-13 22:56:24,085 Not Found: /test/game.png
WARNING 2017-03-13 22:56:24,086 Not Found: /test/circus.png
WARNING 2017-03-13 22:56:24,388 Not Found: /test/user.png
WARNING 2017-03-13 22:56:24,388 Not Found: /test/user.png
WARNING 2017-03-13 22:56:41,954 Not Found: /test/profile.png
WARNING 2017-03-13 22:56:41,954 Not Found: /test/profile.png
WARNING 2017-03-13 22:56:41,965 Not Found: /test/cabin.png
WARNING 2017-03-13 22:56:41,965 Not Found: /test/cabin.png
WARNING 2017-03-13 22:56:41,983 Not Found: /test/cake.png
WARNING 2017-03-13 22:56:41,983 Not Found: /test/cake.png
WARNING 2017-03-13 22:56:41,998 Not Found: /test/circus.png
WARNING 2017-03-13 22:56:41,998 Not Found: /test/circus.png
WARNING 2017-03-13 22:56:42,004 Not Found: /test/game.png
WARNING 2017-03-13 22:56:42,004 Not Found: /test/game.png
WARNING 2017-03-13 22:56:42,299 Not Found: /test/user.png
WARNING 2017-03-13 22:56:42,299 Not Found: /test/user.png
WARNING 2017-03-13 23:00:08,287 Not Found: /test/profile.png
WARNING 2017-03-13 23:00:08,287 Not Found: /test/profile.png
WARNING 2017-03-13 23:00:08,299 Not Found: /test/cabin.png
WARNING 2017-03-13 23:00:08,299 Not Found: /test/cabin.png
WARNING 2017-03-13 23:00:08,310 Not Found: /test/cake.png
WARNING 2017-03-13 23:00:08,312 Not Found: /test/game.png
WARNING 2017-03-13 23:00:08,312 Not Found: /test/game.png
WARNING 2017-03-13 23:00:08,310 Not Found: /test/cake.png
WARNING 2017-03-13 23:00:08,313 Not Found: /test/circus.png
WARNING 2017-03-13 23:00:08,313 Not Found: /test/circus.png
WARNING 2017-03-13 23:00:08,617 Not Found: /test/user.png
WARNING 2017-03-13 23:00:08,617 Not Found: /test/user.png
WARNING 2017-03-13 23:01:28,800 Not Found: /test/profile.png
WARNING 2017-03-13 23:01:28,800 Not Found: /test/profile.png
WARNING 2017-03-13 23:01:28,823 Not Found: /test/cabin.png
WARNING 2017-03-13 23:01:28,823 Not Found: /test/cabin.png
WARNING 2017-03-13 23:01:28,837 Not Found: /test/cake.png
WARNING 2017-03-13 23:01:28,837 Not Found: /test/cake.png
WARNING 2017-03-13 23:01:28,844 Not Found: /test/circus.png
WARNING 2017-03-13 23:01:28,844 Not Found: /test/circus.png
WARNING 2017-03-13 23:01:28,845 Not Found: /test/game.png
WARNING 2017-03-13 23:01:28,845 Not Found: /test/game.png
WARNING 2017-03-13 23:01:29,144 Not Found: /test/user.png
WARNING 2017-03-13 23:01:29,144 Not Found: /test/user.png
WARNING 2017-03-13 23:02:39,286 Not Found: /test/profile.png
WARNING 2017-03-13 23:02:39,286 Not Found: /test/profile.png
WARNING 2017-03-13 23:02:39,303 Not Found: /test/cabin.png
WARNING 2017-03-13 23:02:39,303 Not Found: /test/cabin.png
WARNING 2017-03-13 23:02:39,313 Not Found: /test/cake.png
WARNING 2017-03-13 23:02:39,315 Not Found: /test/circus.png
WARNING 2017-03-13 23:02:39,313 Not Found: /test/cake.png
WARNING 2017-03-13 23:02:39,317 Not Found: /test/game.png
WARNING 2017-03-13 23:02:39,315 Not Found: /test/circus.png
WARNING 2017-03-13 23:02:39,317 Not Found: /test/game.png
WARNING 2017-03-13 23:02:39,615 Not Found: /test/user.png
WARNING 2017-03-13 23:02:39,615 Not Found: /test/user.png
WARNING 2017-03-13 23:03:17,303 Not Found: /test/profile.png
WARNING 2017-03-13 23:03:17,303 Not Found: /test/profile.png
WARNING 2017-03-13 23:03:17,317 Not Found: /test/cabin.png
WARNING 2017-03-13 23:03:17,317 Not Found: /test/cabin.png
WARNING 2017-03-13 23:03:17,329 Not Found: /test/cake.png
WARNING 2017-03-13 23:03:17,330 Not Found: /test/game.png
WARNING 2017-03-13 23:03:17,331 Not Found: /test/circus.png
WARNING 2017-03-13 23:03:17,329 Not Found: /test/cake.png
WARNING 2017-03-13 23:03:17,330 Not Found: /test/game.png
WARNING 2017-03-13 23:03:17,331 Not Found: /test/circus.png
WARNING 2017-03-13 23:03:17,634 Not Found: /test/user.png
WARNING 2017-03-13 23:03:17,634 Not Found: /test/user.png
WARNING 2017-03-13 23:05:33,994 Not Found: /test/profile.png
WARNING 2017-03-13 23:05:33,994 Not Found: /test/profile.png
WARNING 2017-03-13 23:05:34,006 Not Found: /test/cabin.png
WARNING 2017-03-13 23:05:34,006 Not Found: /test/cabin.png
WARNING 2017-03-13 23:05:34,014 Not Found: /test/cake.png
WARNING 2017-03-13 23:05:34,015 Not Found: /test/game.png
WARNING 2017-03-13 23:05:34,016 Not Found: /test/circus.png
WARNING 2017-03-13 23:05:34,014 Not Found: /test/cake.png
WARNING 2017-03-13 23:05:34,015 Not Found: /test/game.png
WARNING 2017-03-13 23:05:34,016 Not Found: /test/circus.png
WARNING 2017-03-13 23:05:34,316 Not Found: /test/user.png
WARNING 2017-03-13 23:05:34,316 Not Found: /test/user.png
WARNING 2017-03-13 23:05:55,118 Not Found: /test/profile.png
WARNING 2017-03-13 23:05:55,118 Not Found: /test/profile.png
WARNING 2017-03-13 23:05:55,132 Not Found: /test/cabin.png
WARNING 2017-03-13 23:05:55,132 Not Found: /test/cabin.png
WARNING 2017-03-13 23:05:55,148 Not Found: /test/cake.png
WARNING 2017-03-13 23:05:55,148 Not Found: /test/cake.png
WARNING 2017-03-13 23:05:55,155 Not Found: /test/circus.png
WARNING 2017-03-13 23:05:55,157 Not Found: /test/game.png
WARNING 2017-03-13 23:05:55,155 Not Found: /test/circus.png
WARNING 2017-03-13 23:05:55,157 Not Found: /test/game.png
WARNING 2017-03-13 23:05:55,458 Not Found: /test/user.png
WARNING 2017-03-13 23:05:55,458 Not Found: /test/user.png
WARNING 2017-03-13 23:06:21,907 Not Found: /test/profile.png
WARNING 2017-03-13 23:06:21,907 Not Found: /test/profile.png
WARNING 2017-03-13 23:06:21,927 Not Found: /test/cabin.png
WARNING 2017-03-13 23:06:21,927 Not Found: /test/cabin.png
WARNING 2017-03-13 23:06:21,929 Not Found: /test/cake.png
WARNING 2017-03-13 23:06:21,931 Not Found: /test/game.png
WARNING 2017-03-13 23:06:21,932 Not Found: /test/circus.png
WARNING 2017-03-13 23:06:21,929 Not Found: /test/cake.png
WARNING 2017-03-13 23:06:21,931 Not Found: /test/game.png
WARNING 2017-03-13 23:06:21,932 Not Found: /test/circus.png
WARNING 2017-03-13 23:06:22,235 Not Found: /test/user.png
WARNING 2017-03-13 23:06:22,235 Not Found: /test/user.png
WARNING 2017-03-13 23:13:24,308 Not Found: /test/profile.png
WARNING 2017-03-13 23:13:24,308 Not Found: /test/profile.png
WARNING 2017-03-13 23:13:24,328 Not Found: /test/cabin.png
WARNING 2017-03-13 23:13:24,328 Not Found: /test/cabin.png
WARNING 2017-03-13 23:13:24,339 Not Found: /test/cake.png
WARNING 2017-03-13 23:13:24,341 Not Found: /test/game.png
WARNING 2017-03-13 23:13:24,341 Not Found: /test/game.png
WARNING 2017-03-13 23:13:24,339 Not Found: /test/cake.png
WARNING 2017-03-13 23:13:24,347 Not Found: /test/circus.png
WARNING 2017-03-13 23:13:24,347 Not Found: /test/circus.png
WARNING 2017-03-13 23:13:24,646 Not Found: /test/user.png
WARNING 2017-03-13 23:13:24,646 Not Found: /test/user.png
WARNING 2017-03-13 23:14:15,507 Not Found: /test/profile.png
WARNING 2017-03-13 23:14:15,507 Not Found: /test/profile.png
WARNING 2017-03-13 23:14:15,518 Not Found: /test/cabin.png
WARNING 2017-03-13 23:14:15,518 Not Found: /test/cabin.png
WARNING 2017-03-13 23:14:15,530 Not Found: /test/cake.png
WARNING 2017-03-13 23:14:15,530 Not Found: /test/cake.png
WARNING 2017-03-13 23:14:15,538 Not Found: /test/circus.png
WARNING 2017-03-13 23:14:15,538 Not Found: /test/circus.png
WARNING 2017-03-13 23:14:15,540 Not Found: /test/game.png
WARNING 2017-03-13 23:14:15,540 Not Found: /test/game.png
WARNING 2017-03-13 23:14:15,836 Not Found: /test/user.png
WARNING 2017-03-13 23:14:15,836 Not Found: /test/user.png
WARNING 2017-03-13 23:14:54,317 Not Found: /test/profile.png
WARNING 2017-03-13 23:14:54,317 Not Found: /test/profile.png
WARNING 2017-03-13 23:14:54,336 Not Found: /test/cabin.png
WARNING 2017-03-13 23:14:54,336 Not Found: /test/cabin.png
WARNING 2017-03-13 23:14:54,346 Not Found: /test/cake.png
WARNING 2017-03-13 23:14:54,346 Not Found: /test/cake.png
WARNING 2017-03-13 23:14:54,355 Not Found: /test/game.png
WARNING 2017-03-13 23:14:54,355 Not Found: /test/game.png
WARNING 2017-03-13 23:14:54,362 Not Found: /test/circus.png
WARNING 2017-03-13 23:14:54,362 Not Found: /test/circus.png
WARNING 2017-03-13 23:14:54,662 Not Found: /test/user.png
WARNING 2017-03-13 23:14:54,662 Not Found: /test/user.png
WARNING 2017-03-13 23:15:10,550 Not Found: /test/profile.png
WARNING 2017-03-13 23:15:10,550 Not Found: /test/profile.png
WARNING 2017-03-13 23:15:10,568 Not Found: /test/cabin.png
WARNING 2017-03-13 23:15:10,568 Not Found: /test/cabin.png
WARNING 2017-03-13 23:15:10,581 Not Found: /test/cake.png
WARNING 2017-03-13 23:15:10,581 Not Found: /test/cake.png
WARNING 2017-03-13 23:15:10,588 Not Found: /test/game.png
WARNING 2017-03-13 23:15:10,588 Not Found: /test/game.png
WARNING 2017-03-13 23:15:10,595 Not Found: /test/circus.png
WARNING 2017-03-13 23:15:10,595 Not Found: /test/circus.png
WARNING 2017-03-13 23:15:10,892 Not Found: /test/user.png
WARNING 2017-03-13 23:15:10,892 Not Found: /test/user.png
WARNING 2017-03-13 23:15:38,335 Not Found: /test/profile.png
WARNING 2017-03-13 23:15:38,335 Not Found: /test/profile.png
WARNING 2017-03-13 23:15:38,355 Not Found: /test/cabin.png
WARNING 2017-03-13 23:15:38,355 Not Found: /test/cabin.png
WARNING 2017-03-13 23:15:38,368 Not Found: /test/cake.png
WARNING 2017-03-13 23:15:38,368 Not Found: /test/cake.png
WARNING 2017-03-13 23:15:38,376 Not Found: /test/circus.png
WARNING 2017-03-13 23:15:38,376 Not Found: /test/circus.png
WARNING 2017-03-13 23:15:38,384 Not Found: /test/game.png
WARNING 2017-03-13 23:15:38,384 Not Found: /test/game.png
WARNING 2017-03-13 23:15:38,678 Not Found: /test/user.png
WARNING 2017-03-13 23:15:38,678 Not Found: /test/user.png
WARNING 2017-03-13 23:15:45,654 Not Found: /test/profile.png
WARNING 2017-03-13 23:15:45,654 Not Found: /test/profile.png
WARNING 2017-03-13 23:15:45,669 Not Found: /test/cabin.png
WARNING 2017-03-13 23:15:45,669 Not Found: /test/cabin.png
WARNING 2017-03-13 23:15:45,682 Not Found: /test/cake.png
WARNING 2017-03-13 23:15:45,682 Not Found: /test/cake.png
WARNING 2017-03-13 23:15:45,689 Not Found: /test/circus.png
WARNING 2017-03-13 23:15:45,690 Not Found: /test/game.png
WARNING 2017-03-13 23:15:45,689 Not Found: /test/circus.png
WARNING 2017-03-13 23:15:45,690 Not Found: /test/game.png
WARNING 2017-03-13 23:15:45,991 Not Found: /test/user.png
WARNING 2017-03-13 23:15:45,991 Not Found: /test/user.png
WARNING 2017-03-13 23:15:49,131 Not Found: /test/profile.png
WARNING 2017-03-13 23:15:49,131 Not Found: /test/profile.png
WARNING 2017-03-13 23:15:49,150 Not Found: /test/cabin.png
WARNING 2017-03-13 23:15:49,150 Not Found: /test/cabin.png
WARNING 2017-03-13 23:15:49,159 Not Found: /test/cake.png
WARNING 2017-03-13 23:15:49,159 Not Found: /test/cake.png
WARNING 2017-03-13 23:15:49,167 Not Found: /test/circus.png
WARNING 2017-03-13 23:15:49,168 Not Found: /test/game.png
WARNING 2017-03-13 23:15:49,168 Not Found: /test/game.png
WARNING 2017-03-13 23:15:49,167 Not Found: /test/circus.png
WARNING 2017-03-13 23:15:49,466 Not Found: /test/user.png
WARNING 2017-03-13 23:15:49,466 Not Found: /test/user.png
WARNING 2017-03-13 23:15:55,945 Not Found: /test/profile.png
WARNING 2017-03-13 23:15:55,945 Not Found: /test/profile.png
WARNING 2017-03-13 23:15:55,960 Not Found: /test/cabin.png
WARNING 2017-03-13 23:15:55,962 Not Found: /test/cake.png
WARNING 2017-03-13 23:15:55,965 Not Found: /test/circus.png
WARNING 2017-03-13 23:15:55,965 Not Found: /test/circus.png
WARNING 2017-03-13 23:15:55,962 Not Found: /test/cake.png
WARNING 2017-03-13 23:15:55,960 Not Found: /test/cabin.png
WARNING 2017-03-13 23:15:55,963 Not Found: /test/game.png
WARNING 2017-03-13 23:15:55,963 Not Found: /test/game.png
WARNING 2017-03-13 23:15:56,266 Not Found: /test/user.png
WARNING 2017-03-13 23:15:56,266 Not Found: /test/user.png
WARNING 2017-03-13 23:16:19,086 Not Found: /test/profile.png
WARNING 2017-03-13 23:16:19,086 Not Found: /test/profile.png
WARNING 2017-03-13 23:16:19,100 Not Found: /test/cabin.png
WARNING 2017-03-13 23:16:19,100 Not Found: /test/cabin.png
WARNING 2017-03-13 23:16:19,113 Not Found: /test/cake.png
WARNING 2017-03-13 23:16:19,113 Not Found: /test/cake.png
WARNING 2017-03-13 23:16:19,119 Not Found: /test/game.png
WARNING 2017-03-13 23:16:19,120 Not Found: /test/circus.png
WARNING 2017-03-13 23:16:19,120 Not Found: /test/circus.png
WARNING 2017-03-13 23:16:19,119 Not Found: /test/game.png
WARNING 2017-03-13 23:16:19,421 Not Found: /test/user.png
WARNING 2017-03-13 23:16:19,421 Not Found: /test/user.png
WARNING 2017-03-13 23:21:45,586 Not Found: /test/profile.png
WARNING 2017-03-13 23:21:45,586 Not Found: /test/profile.png
WARNING 2017-03-13 23:21:45,605 Not Found: /test/cabin.png
WARNING 2017-03-13 23:21:45,605 Not Found: /test/cabin.png
WARNING 2017-03-13 23:21:45,617 Not Found: /test/cake.png
WARNING 2017-03-13 23:21:45,617 Not Found: /test/cake.png
WARNING 2017-03-13 23:21:45,624 Not Found: /test/circus.png
WARNING 2017-03-13 23:21:45,625 Not Found: /test/game.png
WARNING 2017-03-13 23:21:45,624 Not Found: /test/circus.png
WARNING 2017-03-13 23:21:45,625 Not Found: /test/game.png
WARNING 2017-03-13 23:21:45,932 Not Found: /test/user.png
WARNING 2017-03-13 23:21:45,932 Not Found: /test/user.png
WARNING 2017-03-13 23:22:04,336 Not Found: /test/profile.png
WARNING 2017-03-13 23:22:04,336 Not Found: /test/profile.png
WARNING 2017-03-13 23:22:04,349 Not Found: /test/cabin.png
WARNING 2017-03-13 23:22:04,349 Not Found: /test/cabin.png
WARNING 2017-03-13 23:22:04,364 Not Found: /test/cake.png
WARNING 2017-03-13 23:22:04,364 Not Found: /test/cake.png
WARNING 2017-03-13 23:22:04,371 Not Found: /test/game.png
WARNING 2017-03-13 23:22:04,371 Not Found: /test/game.png
WARNING 2017-03-13 23:22:04,374 Not Found: /test/circus.png
WARNING 2017-03-13 23:22:04,374 Not Found: /test/circus.png
WARNING 2017-03-13 23:22:04,670 Not Found: /test/user.png
WARNING 2017-03-13 23:22:04,670 Not Found: /test/user.png
WARNING 2017-03-13 23:22:16,049 Not Found: /test/profile.png
WARNING 2017-03-13 23:22:16,049 Not Found: /test/profile.png
WARNING 2017-03-13 23:22:16,064 Not Found: /test/cabin.png
WARNING 2017-03-13 23:22:16,064 Not Found: /test/cabin.png
WARNING 2017-03-13 23:22:16,070 Not Found: /test/cake.png
WARNING 2017-03-13 23:22:16,074 Not Found: /test/game.png
WARNING 2017-03-13 23:22:16,074 Not Found: /test/game.png
WARNING 2017-03-13 23:22:16,070 Not Found: /test/cake.png
WARNING 2017-03-13 23:22:16,082 Not Found: /test/circus.png
WARNING 2017-03-13 23:22:16,082 Not Found: /test/circus.png
WARNING 2017-03-13 23:22:16,380 Not Found: /test/user.png
WARNING 2017-03-13 23:22:16,380 Not Found: /test/user.png
WARNING 2017-03-13 23:22:25,924 Not Found: /test/profile.png
WARNING 2017-03-13 23:22:25,924 Not Found: /test/profile.png
WARNING 2017-03-13 23:22:25,937 Not Found: /test/cabin.png
WARNING 2017-03-13 23:22:25,937 Not Found: /test/cabin.png
WARNING 2017-03-13 23:22:25,951 Not Found: /test/game.png
WARNING 2017-03-13 23:22:25,952 Not Found: /test/circus.png
WARNING 2017-03-13 23:22:25,952 Not Found: /test/circus.png
WARNING 2017-03-13 23:22:25,951 Not Found: /test/game.png
WARNING 2017-03-13 23:22:25,956 Not Found: /test/cake.png
WARNING 2017-03-13 23:22:25,956 Not Found: /test/cake.png
WARNING 2017-03-13 23:22:26,256 Not Found: /test/user.png
WARNING 2017-03-13 23:22:26,256 Not Found: /test/user.png
WARNING 2017-03-13 23:23:14,583 Not Found: /test/profile.png
WARNING 2017-03-13 23:23:14,583 Not Found: /test/profile.png
WARNING 2017-03-13 23:23:14,604 Not Found: /test/cabin.png
WARNING 2017-03-13 23:23:14,604 Not Found: /test/cabin.png
WARNING 2017-03-13 23:23:14,616 Not Found: /test/cake.png
WARNING 2017-03-13 23:23:14,616 Not Found: /test/cake.png
WARNING 2017-03-13 23:23:14,618 Not Found: /test/game.png
WARNING 2017-03-13 23:23:14,619 Not Found: /test/circus.png
WARNING 2017-03-13 23:23:14,619 Not Found: /test/circus.png
WARNING 2017-03-13 23:23:14,618 Not Found: /test/game.png
WARNING 2017-03-13 23:23:14,925 Not Found: /test/user.png
WARNING 2017-03-13 23:23:14,925 Not Found: /test/user.png
WARNING 2017-03-13 23:27:06,251 Not Found: /test/profile.png
WARNING 2017-03-13 23:27:06,251 Not Found: /test/profile.png
WARNING 2017-03-13 23:27:06,262 Not Found: /test/cabin.png
WARNING 2017-03-13 23:27:06,262 Not Found: /test/cabin.png
WARNING 2017-03-13 23:27:06,274 Not Found: /test/cake.png
WARNING 2017-03-13 23:27:06,274 Not Found: /test/cake.png
WARNING 2017-03-13 23:27:06,280 Not Found: /test/game.png
WARNING 2017-03-13 23:27:06,280 Not Found: /test/game.png
WARNING 2017-03-13 23:27:06,282 Not Found: /test/circus.png
WARNING 2017-03-13 23:27:06,282 Not Found: /test/circus.png
WARNING 2017-03-13 23:27:06,580 Not Found: /test/user.png
WARNING 2017-03-13 23:27:06,580 Not Found: /test/user.png
WARNING 2017-03-13 23:27:21,100 Not Found: /test/profile.png
WARNING 2017-03-13 23:27:21,100 Not Found: /test/profile.png
WARNING 2017-03-13 23:27:21,113 Not Found: /test/cabin.png
WARNING 2017-03-13 23:27:21,113 Not Found: /test/cabin.png
WARNING 2017-03-13 23:27:21,127 Not Found: /test/cake.png
WARNING 2017-03-13 23:27:21,130 Not Found: /test/game.png
WARNING 2017-03-13 23:27:21,127 Not Found: /test/cake.png
WARNING 2017-03-13 23:27:21,130 Not Found: /test/game.png
WARNING 2017-03-13 23:27:21,136 Not Found: /test/circus.png
WARNING 2017-03-13 23:27:21,136 Not Found: /test/circus.png
WARNING 2017-03-13 23:27:21,437 Not Found: /test/user.png
WARNING 2017-03-13 23:27:21,437 Not Found: /test/user.png
WARNING 2017-03-13 23:29:26,843 Not Found: /test/profile.png
WARNING 2017-03-13 23:29:26,843 Not Found: /test/profile.png
WARNING 2017-03-13 23:29:26,859 Not Found: /test/cabin.png
WARNING 2017-03-13 23:29:26,859 Not Found: /test/cabin.png
WARNING 2017-03-13 23:29:26,868 Not Found: /test/cake.png
WARNING 2017-03-13 23:29:26,868 Not Found: /test/cake.png
WARNING 2017-03-13 23:29:26,870 Not Found: /test/game.png
WARNING 2017-03-13 23:29:26,872 Not Found: /test/circus.png
WARNING 2017-03-13 23:29:26,870 Not Found: /test/game.png
WARNING 2017-03-13 23:29:26,872 Not Found: /test/circus.png
WARNING 2017-03-13 23:29:27,177 Not Found: /test/user.png
WARNING 2017-03-13 23:29:27,177 Not Found: /test/user.png
WARNING 2017-03-13 23:29:31,086 Not Found: /test/profile.png
WARNING 2017-03-13 23:29:31,086 Not Found: /test/profile.png
WARNING 2017-03-13 23:29:31,109 Not Found: /test/cabin.png
WARNING 2017-03-13 23:29:31,109 Not Found: /test/cabin.png
WARNING 2017-03-13 23:29:31,116 Not Found: /test/cake.png
WARNING 2017-03-13 23:29:31,116 Not Found: /test/cake.png
WARNING 2017-03-13 23:29:31,117 Not Found: /test/game.png
WARNING 2017-03-13 23:29:31,119 Not Found: /test/circus.png
WARNING 2017-03-13 23:29:31,117 Not Found: /test/game.png
WARNING 2017-03-13 23:29:31,119 Not Found: /test/circus.png
WARNING 2017-03-13 23:29:31,418 Not Found: /test/user.png
WARNING 2017-03-13 23:29:31,418 Not Found: /test/user.png
WARNING 2017-03-13 23:31:03,971 Not Found: /test/profile.png
WARNING 2017-03-13 23:31:03,971 Not Found: /test/profile.png
WARNING 2017-03-13 23:31:03,986 Not Found: /test/cabin.png
WARNING 2017-03-13 23:31:03,986 Not Found: /test/cabin.png
WARNING 2017-03-13 23:31:03,998 Not Found: /test/cake.png
WARNING 2017-03-13 23:31:03,998 Not Found: /test/cake.png
WARNING 2017-03-13 23:31:04,005 Not Found: /test/circus.png
WARNING 2017-03-13 23:31:04,006 Not Found: /test/game.png
WARNING 2017-03-13 23:31:04,005 Not Found: /test/circus.png
WARNING 2017-03-13 23:31:04,006 Not Found: /test/game.png
WARNING 2017-03-13 23:31:04,308 Not Found: /test/user.png
WARNING 2017-03-13 23:31:04,308 Not Found: /test/user.png
WARNING 2017-03-13 23:35:15,265 Not Found: /test/profile.png
WARNING 2017-03-13 23:35:15,265 Not Found: /test/profile.png
WARNING 2017-03-13 23:35:15,283 Not Found: /test/cabin.png
WARNING 2017-03-13 23:35:15,283 Not Found: /test/cabin.png
WARNING 2017-03-13 23:35:15,293 Not Found: /test/cake.png
WARNING 2017-03-13 23:35:15,293 Not Found: /test/cake.png
WARNING 2017-03-13 23:35:15,301 Not Found: /test/game.png
WARNING 2017-03-13 23:35:15,305 Not Found: /test/circus.png
WARNING 2017-03-13 23:35:15,301 Not Found: /test/game.png
WARNING 2017-03-13 23:35:15,305 Not Found: /test/circus.png
WARNING 2017-03-13 23:35:15,603 Not Found: /test/user.png
WARNING 2017-03-13 23:35:15,603 Not Found: /test/user.png
WARNING 2017-03-13 23:39:06,453 Not Found: /test/profile.png
WARNING 2017-03-13 23:39:06,453 Not Found: /test/profile.png
WARNING 2017-03-13 23:39:06,478 Not Found: /test/cabin.png
WARNING 2017-03-13 23:39:06,478 Not Found: /test/cabin.png
WARNING 2017-03-13 23:39:06,492 Not Found: /test/game.png
WARNING 2017-03-13 23:39:06,494 Not Found: /test/cake.png
WARNING 2017-03-13 23:39:06,495 Not Found: /test/circus.png
WARNING 2017-03-13 23:39:06,492 Not Found: /test/game.png
WARNING 2017-03-13 23:39:06,494 Not Found: /test/cake.png
WARNING 2017-03-13 23:39:06,495 Not Found: /test/circus.png
WARNING 2017-03-13 23:39:06,800 Not Found: /test/user.png
WARNING 2017-03-13 23:39:06,800 Not Found: /test/user.png
WARNING 2017-03-13 23:43:00,724 Not Found: /test/profile.png
WARNING 2017-03-13 23:43:00,724 Not Found: /test/profile.png
WARNING 2017-03-13 23:43:00,735 Not Found: /test/cabin.png
WARNING 2017-03-13 23:43:00,735 Not Found: /test/cabin.png
WARNING 2017-03-13 23:43:00,744 Not Found: /test/cake.png
WARNING 2017-03-13 23:43:00,744 Not Found: /test/cake.png
WARNING 2017-03-13 23:43:00,757 Not Found: /test/game.png
WARNING 2017-03-13 23:43:00,759 Not Found: /test/circus.png
WARNING 2017-03-13 23:43:00,757 Not Found: /test/game.png
WARNING 2017-03-13 23:43:00,759 Not Found: /test/circus.png
WARNING 2017-03-13 23:43:01,061 Not Found: /test/user.png
WARNING 2017-03-13 23:43:01,061 Not Found: /test/user.png
WARNING 2017-03-13 23:43:22,881 Not Found: /test/profile.png
WARNING 2017-03-13 23:43:22,881 Not Found: /test/profile.png
WARNING 2017-03-13 23:43:22,896 Not Found: /test/cabin.png
WARNING 2017-03-13 23:43:22,896 Not Found: /test/cabin.png
WARNING 2017-03-13 23:43:22,907 Not Found: /test/cake.png
WARNING 2017-03-13 23:43:22,907 Not Found: /test/cake.png
WARNING 2017-03-13 23:43:22,915 Not Found: /test/game.png
WARNING 2017-03-13 23:43:22,917 Not Found: /test/circus.png
WARNING 2017-03-13 23:43:22,915 Not Found: /test/game.png
WARNING 2017-03-13 23:43:22,917 Not Found: /test/circus.png
WARNING 2017-03-13 23:43:23,221 Not Found: /test/user.png
WARNING 2017-03-13 23:43:23,221 Not Found: /test/user.png
WARNING 2017-03-13 23:46:56,139 Not Found: /test/profile.png
WARNING 2017-03-13 23:46:56,139 Not Found: /test/profile.png
WARNING 2017-03-13 23:46:56,160 Not Found: /test/cabin.png
WARNING 2017-03-13 23:46:56,160 Not Found: /test/cabin.png
WARNING 2017-03-13 23:46:56,169 Not Found: /test/cake.png
WARNING 2017-03-13 23:46:56,171 Not Found: /test/game.png
WARNING 2017-03-13 23:46:56,173 Not Found: /test/circus.png
WARNING 2017-03-13 23:46:56,169 Not Found: /test/cake.png
WARNING 2017-03-13 23:46:56,171 Not Found: /test/game.png
WARNING 2017-03-13 23:46:56,173 Not Found: /test/circus.png
WARNING 2017-03-13 23:46:56,477 Not Found: /test/user.png
WARNING 2017-03-13 23:46:56,477 Not Found: /test/user.png
WARNING 2017-03-13 23:47:05,600 Not Found: /test/profile.png
WARNING 2017-03-13 23:47:05,600 Not Found: /test/profile.png
WARNING 2017-03-13 23:47:05,614 Not Found: /test/cabin.png
WARNING 2017-03-13 23:47:05,614 Not Found: /test/cabin.png
WARNING 2017-03-13 23:47:05,630 Not Found: /test/cake.png
WARNING 2017-03-13 23:47:05,630 Not Found: /test/cake.png
WARNING 2017-03-13 23:47:05,638 Not Found: /test/circus.png
WARNING 2017-03-13 23:47:05,638 Not Found: /test/circus.png
WARNING 2017-03-13 23:47:05,640 Not Found: /test/game.png
WARNING 2017-03-13 23:47:05,640 Not Found: /test/game.png
WARNING 2017-03-13 23:47:05,936 Not Found: /test/user.png
WARNING 2017-03-13 23:47:05,936 Not Found: /test/user.png
WARNING 2017-03-13 23:47:19,708 Not Found: /test/profile.png
WARNING 2017-03-13 23:47:19,708 Not Found: /test/profile.png
WARNING 2017-03-13 23:47:19,726 Not Found: /test/cabin.png
WARNING 2017-03-13 23:47:19,726 Not Found: /test/cabin.png
WARNING 2017-03-13 23:47:19,739 Not Found: /test/cake.png
WARNING 2017-03-13 23:47:19,739 Not Found: /test/cake.png
WARNING 2017-03-13 23:47:19,745 Not Found: /test/circus.png
WARNING 2017-03-13 23:47:19,746 Not Found: /test/game.png
WARNING 2017-03-13 23:47:19,745 Not Found: /test/circus.png
WARNING 2017-03-13 23:47:19,746 Not Found: /test/game.png
WARNING 2017-03-13 23:47:20,048 Not Found: /test/user.png
WARNING 2017-03-13 23:47:20,048 Not Found: /test/user.png
WARNING 2017-03-13 23:48:43,983 Not Found: /test/profile.png
WARNING 2017-03-13 23:48:43,983 Not Found: /test/profile.png
WARNING 2017-03-13 23:48:43,995 Not Found: /test/cabin.png
WARNING 2017-03-13 23:48:43,995 Not Found: /test/cabin.png
WARNING 2017-03-13 23:48:44,006 Not Found: /test/cake.png
WARNING 2017-03-13 23:48:44,006 Not Found: /test/cake.png
WARNING 2017-03-13 23:48:44,016 Not Found: /test/game.png
WARNING 2017-03-13 23:48:44,016 Not Found: /test/game.png
WARNING 2017-03-13 23:48:44,023 Not Found: /test/circus.png
WARNING 2017-03-13 23:48:44,023 Not Found: /test/circus.png
WARNING 2017-03-13 23:48:44,313 Not Found: /test/user.png
WARNING 2017-03-13 23:48:44,313 Not Found: /test/user.png
WARNING 2017-03-13 23:51:29,747 Not Found: /test/profile.png
WARNING 2017-03-13 23:51:29,747 Not Found: /test/profile.png
WARNING 2017-03-13 23:51:29,767 Not Found: /test/cabin.png
WARNING 2017-03-13 23:51:29,767 Not Found: /test/cabin.png
WARNING 2017-03-13 23:51:29,780 Not Found: /test/cake.png
WARNING 2017-03-13 23:51:29,782 Not Found: /test/game.png
WARNING 2017-03-13 23:51:29,780 Not Found: /test/cake.png
WARNING 2017-03-13 23:51:29,783 Not Found: /test/circus.png
WARNING 2017-03-13 23:51:29,783 Not Found: /test/circus.png
WARNING 2017-03-13 23:51:29,782 Not Found: /test/game.png
WARNING 2017-03-13 23:51:30,085 Not Found: /test/user.png
WARNING 2017-03-13 23:51:30,085 Not Found: /test/user.png
WARNING 2017-03-14 12:58:54,590 Not Found: /test/profile.png
WARNING 2017-03-14 12:58:54,590 Not Found: /test/profile.png
WARNING 2017-03-14 12:58:54,607 Not Found: /test/cabin.png
WARNING 2017-03-14 12:58:54,607 Not Found: /test/cabin.png
WARNING 2017-03-14 12:58:54,618 Not Found: /test/cake.png
WARNING 2017-03-14 12:58:54,618 Not Found: /test/cake.png
WARNING 2017-03-14 12:58:54,625 Not Found: /test/game.png
WARNING 2017-03-14 12:58:54,625 Not Found: /test/game.png
WARNING 2017-03-14 12:58:54,627 Not Found: /test/circus.png
WARNING 2017-03-14 12:58:54,627 Not Found: /test/circus.png
WARNING 2017-03-14 12:58:54,926 Not Found: /test/user.png
WARNING 2017-03-14 12:58:54,926 Not Found: /test/user.png
WARNING 2017-03-14 13:37:11,756 Not Found: /test/profile.png
WARNING 2017-03-14 13:37:11,756 Not Found: /test/profile.png
WARNING 2017-03-14 13:37:11,778 Not Found: /test/cabin.png
WARNING 2017-03-14 13:37:11,778 Not Found: /test/cabin.png
WARNING 2017-03-14 13:37:11,801 Not Found: /test/cake.png
WARNING 2017-03-14 13:37:11,801 Not Found: /test/cake.png
WARNING 2017-03-14 13:37:11,808 Not Found: /test/game.png
WARNING 2017-03-14 13:37:11,809 Not Found: /test/circus.png
WARNING 2017-03-14 13:37:11,808 Not Found: /test/game.png
WARNING 2017-03-14 13:37:11,809 Not Found: /test/circus.png
WARNING 2017-03-14 13:37:12,108 Not Found: /test/user.png
WARNING 2017-03-14 13:37:12,108 Not Found: /test/user.png
