WARNING 2017-03-08 09:21:26,085 Not Found: /favicon.ico
WARNING 2017-03-08 09:21:26,085 Not Found: /favicon.ico
WARNING 2017-03-08 09:32:30,109 Not Found: /test/profile.png
WARNING 2017-03-08 09:32:30,109 Not Found: /test/profile.png
WARNING 2017-03-08 09:32:30,122 Not Found: /test/cabin.png
WARNING 2017-03-08 09:32:30,122 Not Found: /test/cabin.png
WARNING 2017-03-08 09:32:30,151 Not Found: /test/cake.png
WARNING 2017-03-08 09:32:30,152 Not Found: /test/game.png
WARNING 2017-03-08 09:32:30,151 Not Found: /test/cake.png
WARNING 2017-03-08 09:32:30,152 Not Found: /test/game.png
WARNING 2017-03-08 09:32:30,458 Not Found: /test/circus.png
WARNING 2017-03-08 09:32:30,461 Not Found: /test/user.png
WARNING 2017-03-08 09:32:30,458 Not Found: /test/circus.png
WARNING 2017-03-08 09:32:30,461 Not Found: /test/user.png
WARNING 2017-03-08 09:34:56,121 Not Found: /test/profile.png
WARNING 2017-03-08 09:34:56,121 Not Found: /test/profile.png
WARNING 2017-03-08 09:34:56,140 Not Found: /test/cabin.png
WARNING 2017-03-08 09:34:56,141 Not Found: /test/cake.png
WARNING 2017-03-08 09:34:56,142 Not Found: /test/game.png
WARNING 2017-03-08 09:34:56,140 Not Found: /test/cabin.png
WARNING 2017-03-08 09:34:56,144 Not Found: /test/circus.png
WARNING 2017-03-08 09:34:56,141 Not Found: /test/cake.png
WARNING 2017-03-08 09:34:56,142 Not Found: /test/game.png
WARNING 2017-03-08 09:34:56,144 Not Found: /test/circus.png
WARNING 2017-03-08 09:34:56,446 Not Found: /test/user.png
WARNING 2017-03-08 09:34:56,446 Not Found: /test/user.png
WARNING 2017-03-08 09:37:47,118 Not Found: /test/profile.png
WARNING 2017-03-08 09:37:47,118 Not Found: /test/profile.png
WARNING 2017-03-08 09:37:47,132 Not Found: /test/cabin.png
WARNING 2017-03-08 09:37:47,132 Not Found: /test/cabin.png
WARNING 2017-03-08 09:37:47,142 Not Found: /test/cake.png
WARNING 2017-03-08 09:37:47,143 Not Found: /test/game.png
WARNING 2017-03-08 09:37:47,146 Not Found: /test/circus.png
WARNING 2017-03-08 09:37:47,142 Not Found: /test/cake.png
WARNING 2017-03-08 09:37:47,143 Not Found: /test/game.png
WARNING 2017-03-08 09:37:47,146 Not Found: /test/circus.png
WARNING 2017-03-08 09:37:47,451 Not Found: /test/user.png
WARNING 2017-03-08 09:37:47,451 Not Found: /test/user.png
WARNING 2017-03-08 09:37:52,916 Not Found: /test/profile.png
WARNING 2017-03-08 09:37:52,916 Not Found: /test/profile.png
WARNING 2017-03-08 09:37:52,927 Not Found: /test/cake.png
WARNING 2017-03-08 09:37:52,930 Not Found: /test/cabin.png
WARNING 2017-03-08 09:37:52,927 Not Found: /test/cake.png
WARNING 2017-03-08 09:37:52,930 Not Found: /test/cabin.png
WARNING 2017-03-08 09:37:52,936 Not Found: /test/game.png
WARNING 2017-03-08 09:37:52,938 Not Found: /test/circus.png
WARNING 2017-03-08 09:37:52,938 Not Found: /test/circus.png
WARNING 2017-03-08 09:37:52,936 Not Found: /test/game.png
WARNING 2017-03-08 09:37:53,235 Not Found: /test/user.png
WARNING 2017-03-08 09:37:53,235 Not Found: /test/user.png
WARNING 2017-03-08 10:12:46,439 Not Found: /test/profile.png
WARNING 2017-03-08 10:12:46,439 Not Found: /test/profile.png
WARNING 2017-03-08 10:12:46,461 Not Found: /test/cabin.png
WARNING 2017-03-08 10:12:46,463 Not Found: /test/game.png
WARNING 2017-03-08 10:12:46,465 Not Found: /test/cake.png
WARNING 2017-03-08 10:12:46,461 Not Found: /test/cabin.png
WARNING 2017-03-08 10:12:46,463 Not Found: /test/game.png
WARNING 2017-03-08 10:12:46,468 Not Found: /test/circus.png
WARNING 2017-03-08 10:12:46,465 Not Found: /test/cake.png
WARNING 2017-03-08 10:12:46,468 Not Found: /test/circus.png
WARNING 2017-03-08 10:12:46,771 Not Found: /test/user.png
WARNING 2017-03-08 10:12:46,771 Not Found: /test/user.png
WARNING 2017-03-08 10:12:55,095 Not Found: /test/profile.png
WARNING 2017-03-08 10:12:55,095 Not Found: /test/profile.png
WARNING 2017-03-08 10:12:55,110 Not Found: /test/cabin.png
WARNING 2017-03-08 10:12:55,110 Not Found: /test/cabin.png
WARNING 2017-03-08 10:12:55,122 Not Found: /test/cake.png
WARNING 2017-03-08 10:12:55,124 Not Found: /test/game.png
WARNING 2017-03-08 10:12:55,125 Not Found: /test/circus.png
WARNING 2017-03-08 10:12:55,122 Not Found: /test/cake.png
WARNING 2017-03-08 10:12:55,124 Not Found: /test/game.png
WARNING 2017-03-08 10:12:55,125 Not Found: /test/circus.png
WARNING 2017-03-08 10:12:55,429 Not Found: /test/user.png
WARNING 2017-03-08 10:12:55,429 Not Found: /test/user.png
WARNING 2017-03-08 10:56:39,252 Not Found: /test/profile.png
WARNING 2017-03-08 10:56:39,252 Not Found: /test/profile.png
WARNING 2017-03-08 10:56:39,270 Not Found: /test/cabin.png
WARNING 2017-03-08 10:56:39,271 Not Found: /test/cake.png
WARNING 2017-03-08 10:56:39,273 Not Found: /test/game.png
WARNING 2017-03-08 10:56:39,270 Not Found: /test/cabin.png
WARNING 2017-03-08 10:56:39,271 Not Found: /test/cake.png
WARNING 2017-03-08 10:56:39,273 Not Found: /test/game.png
WARNING 2017-03-08 10:56:39,280 Not Found: /test/circus.png
WARNING 2017-03-08 10:56:39,280 Not Found: /test/circus.png
WARNING 2017-03-08 10:56:39,578 Not Found: /test/user.png
WARNING 2017-03-08 10:56:39,578 Not Found: /test/user.png
WARNING 2017-03-08 11:12:33,150 Not Found: /test/profile.png
WARNING 2017-03-08 11:12:33,150 Not Found: /test/profile.png
WARNING 2017-03-08 11:12:33,162 Not Found: /test/cabin.png
WARNING 2017-03-08 11:12:33,162 Not Found: /test/cabin.png
WARNING 2017-03-08 11:12:33,173 Not Found: /test/cake.png
WARNING 2017-03-08 11:12:33,173 Not Found: /test/cake.png
WARNING 2017-03-08 11:12:33,182 Not Found: /test/game.png
WARNING 2017-03-08 11:12:33,184 Not Found: /test/circus.png
WARNING 2017-03-08 11:12:33,182 Not Found: /test/game.png
WARNING 2017-03-08 11:12:33,184 Not Found: /test/circus.png
WARNING 2017-03-08 11:12:33,479 Not Found: /test/user.png
WARNING 2017-03-08 11:12:33,479 Not Found: /test/user.png
WARNING 2017-03-08 11:20:53,761 Not Found: /test/profile.png
WARNING 2017-03-08 11:20:53,761 Not Found: /test/profile.png
WARNING 2017-03-08 11:20:53,777 Not Found: /test/cabin.png
WARNING 2017-03-08 11:20:53,777 Not Found: /test/cabin.png
WARNING 2017-03-08 11:20:53,784 Not Found: /test/cake.png
WARNING 2017-03-08 11:20:53,789 Not Found: /test/game.png
WARNING 2017-03-08 11:20:53,789 Not Found: /test/game.png
WARNING 2017-03-08 11:20:53,784 Not Found: /test/cake.png
WARNING 2017-03-08 11:20:53,802 Not Found: /test/circus.png
WARNING 2017-03-08 11:20:53,802 Not Found: /test/circus.png
WARNING 2017-03-08 11:20:54,093 Not Found: /test/user.png
WARNING 2017-03-08 11:20:54,093 Not Found: /test/user.png
WARNING 2017-03-08 14:13:21,058 Not Found: /test/profile.png
WARNING 2017-03-08 14:13:21,058 Not Found: /test/profile.png
WARNING 2017-03-08 14:13:21,071 Not Found: /test/cabin.png
WARNING 2017-03-08 14:13:21,071 Not Found: /test/cabin.png
WARNING 2017-03-08 14:13:21,085 Not Found: /test/cake.png
WARNING 2017-03-08 14:13:21,085 Not Found: /test/cake.png
WARNING 2017-03-08 14:13:21,093 Not Found: /test/game.png
WARNING 2017-03-08 14:13:21,093 Not Found: /test/game.png
WARNING 2017-03-08 14:13:21,095 Not Found: /test/circus.png
WARNING 2017-03-08 14:13:21,095 Not Found: /test/circus.png
WARNING 2017-03-08 14:13:21,395 Not Found: /test/user.png
WARNING 2017-03-08 14:13:21,395 Not Found: /test/user.png
WARNING 2017-03-10 16:02:54,895 Not Found: /scrape.php
WARNING 2017-03-10 16:02:54,895 Not Found: /scrape.php
WARNING 2017-03-10 16:03:01,707 Not Found: /announce.php
WARNING 2017-03-10 16:03:01,707 Not Found: /announce.php
WARNING 2017-03-10 16:03:01,783 Not Found: /announce.php
WARNING 2017-03-10 16:03:01,776 Not Found: /announce.php
WARNING 2017-03-10 16:03:01,785 Not Found: /announce.php
WARNING 2017-03-10 16:03:01,783 Not Found: /announce.php
WARNING 2017-03-10 16:03:01,776 Not Found: /announce.php
WARNING 2017-03-10 16:03:01,785 Not Found: /announce.php
WARNING 2017-03-10 16:03:04,635 Not Found: /announce.php
WARNING 2017-03-10 16:03:04,635 Not Found: /announce.php
WARNING 2017-03-10 16:03:04,646 Not Found: /announce.php
WARNING 2017-03-10 16:03:04,646 Not Found: /announce.php
WARNING 2017-03-10 16:03:05,630 Not Found: /announce.php
WARNING 2017-03-10 16:03:05,630 Not Found: /announce.php
WARNING 2017-03-10 16:03:05,660 Not Found: /announce.php
WARNING 2017-03-10 16:03:05,660 Not Found: /announce.php
WARNING 2017-03-10 16:05:01,616 Not Found: /announce.php
WARNING 2017-03-10 16:05:01,617 Not Found: /announce.php
WARNING 2017-03-10 16:05:01,640 Not Found: /announce.php
WARNING 2017-03-10 16:05:01,616 Not Found: /announce.php
WARNING 2017-03-10 16:05:01,617 Not Found: /announce.php
WARNING 2017-03-10 16:05:01,640 Not Found: /announce.php
WARNING 2017-03-10 16:05:04,630 Not Found: /announce.php
WARNING 2017-03-10 16:05:04,630 Not Found: /announce.php
WARNING 2017-03-10 16:05:13,613 Not Found: /announce.php
WARNING 2017-03-10 16:05:13,614 Not Found: /announce.php
WARNING 2017-03-10 16:05:13,615 Not Found: /announce.php
WARNING 2017-03-10 16:05:13,613 Not Found: /announce.php
WARNING 2017-03-10 16:05:13,614 Not Found: /announce.php
WARNING 2017-03-10 16:05:13,615 Not Found: /announce.php
WARNING 2017-03-10 16:05:52,589 Not Found: /announce.php
WARNING 2017-03-10 16:05:52,589 Not Found: /announce.php
WARNING 2017-03-10 16:07:22,580 Not Found: /announce.php
WARNING 2017-03-10 16:07:22,581 Not Found: /announce.php
WARNING 2017-03-10 16:07:22,582 Not Found: /announce.php
WARNING 2017-03-10 16:07:22,580 Not Found: /announce.php
WARNING 2017-03-10 16:07:22,581 Not Found: /announce.php
WARNING 2017-03-10 16:07:22,582 Not Found: /announce.php
WARNING 2017-03-10 16:07:31,591 Not Found: /announce.php
WARNING 2017-03-10 16:07:31,592 Not Found: /announce.php
WARNING 2017-03-10 16:07:31,593 Not Found: /announce.php
WARNING 2017-03-10 16:07:31,591 Not Found: /announce.php
WARNING 2017-03-10 16:07:31,592 Not Found: /announce.php
WARNING 2017-03-10 16:07:31,593 Not Found: /announce.php
WARNING 2017-03-10 16:08:13,602 Not Found: /announce.php
WARNING 2017-03-10 16:08:13,602 Not Found: /announce.php
WARNING 2017-03-10 16:09:43,635 Not Found: /announce.php
WARNING 2017-03-10 16:09:43,636 Not Found: /announce.php
WARNING 2017-03-10 16:09:43,637 Not Found: /announce.php
WARNING 2017-03-10 16:09:43,635 Not Found: /announce.php
WARNING 2017-03-10 16:09:43,636 Not Found: /announce.php
WARNING 2017-03-10 16:09:43,637 Not Found: /announce.php
WARNING 2017-03-10 16:09:52,633 Not Found: /announce.php
WARNING 2017-03-10 16:09:52,634 Not Found: /announce.php
WARNING 2017-03-10 16:09:52,635 Not Found: /announce.php
WARNING 2017-03-10 16:09:52,633 Not Found: /announce.php
WARNING 2017-03-10 16:09:52,634 Not Found: /announce.php
WARNING 2017-03-10 16:09:52,635 Not Found: /announce.php
WARNING 2017-03-10 16:10:31,602 Not Found: /announce.php
WARNING 2017-03-10 16:10:31,602 Not Found: /announce.php
WARNING 2017-03-10 16:11:52,628 Not Found: /announce.php
WARNING 2017-03-10 16:11:52,628 Not Found: /announce.php
WARNING 2017-03-10 16:12:01,631 Not Found: /announce.php
WARNING 2017-03-10 16:12:01,631 Not Found: /announce.php
WARNING 2017-03-10 16:12:01,632 Not Found: /announce.php
WARNING 2017-03-10 16:12:01,632 Not Found: /announce.php
WARNING 2017-03-10 16:12:01,631 Not Found: /announce.php
WARNING 2017-03-10 16:12:01,631 Not Found: /announce.php
WARNING 2017-03-10 16:12:13,590 Not Found: /announce.php
WARNING 2017-03-10 16:12:13,590 Not Found: /announce.php
WARNING 2017-03-13 09:34:33,618 Not Found: /test/profile.png
WARNING 2017-03-13 09:34:33,684 Not Found: /test/cake.png
WARNING 2017-03-13 09:34:33,586 Not Found: /test/cabin.png
WARNING 2017-03-13 09:34:33,685 Not Found: /test/game.png
WARNING 2017-03-13 09:34:33,618 Not Found: /test/profile.png
WARNING 2017-03-13 09:34:33,684 Not Found: /test/cake.png
WARNING 2017-03-13 09:34:33,586 Not Found: /test/cabin.png
WARNING 2017-03-13 09:34:33,685 Not Found: /test/game.png
WARNING 2017-03-13 09:34:33,928 Not Found: /test/circus.png
WARNING 2017-03-13 09:34:33,929 Not Found: /test/user.png
WARNING 2017-03-13 09:34:33,928 Not Found: /test/circus.png
WARNING 2017-03-13 09:34:33,929 Not Found: /test/user.png
WARNING 2017-03-13 09:34:34,270 Not Found: /favicon.ico
WARNING 2017-03-13 09:34:34,270 Not Found: /favicon.ico
WARNING 2017-03-13 09:34:47,766 Not Found: /test/profile.png
WARNING 2017-03-13 09:34:47,766 Not Found: /test/profile.png
WARNING 2017-03-13 09:34:47,779 Not Found: /test/cabin.png
WARNING 2017-03-13 09:34:47,779 Not Found: /test/cabin.png
WARNING 2017-03-13 09:34:47,828 Not Found: /test/cake.png
WARNING 2017-03-13 09:34:47,829 Not Found: /test/game.png
WARNING 2017-03-13 09:34:47,828 Not Found: /test/cake.png
WARNING 2017-03-13 09:34:47,831 Not Found: /test/circus.png
WARNING 2017-03-13 09:34:47,829 Not Found: /test/game.png
WARNING 2017-03-13 09:34:47,831 Not Found: /test/circus.png
WARNING 2017-03-13 09:34:48,137 Not Found: /test/user.png
WARNING 2017-03-13 09:34:48,137 Not Found: /test/user.png
WARNING 2017-03-13 09:59:11,353 Not Found: /test/profile.png
WARNING 2017-03-13 09:59:11,353 Not Found: /test/profile.png
WARNING 2017-03-13 09:59:11,368 Not Found: /test/cabin.png
WARNING 2017-03-13 09:59:11,368 Not Found: /test/cabin.png
WARNING 2017-03-13 09:59:11,382 Not Found: /test/cake.png
WARNING 2017-03-13 09:59:11,382 Not Found: /test/cake.png
WARNING 2017-03-13 09:59:11,384 Not Found: /test/game.png
WARNING 2017-03-13 09:59:11,384 Not Found: /test/game.png
WARNING 2017-03-13 09:59:11,391 Not Found: /test/circus.png
WARNING 2017-03-13 09:59:11,391 Not Found: /test/circus.png
WARNING 2017-03-13 09:59:11,692 Not Found: /test/user.png
WARNING 2017-03-13 09:59:11,692 Not Found: /test/user.png
WARNING 2017-03-13 09:59:23,101 Not Found: /test/profile.png
WARNING 2017-03-13 09:59:23,101 Not Found: /test/profile.png
WARNING 2017-03-13 09:59:23,114 Not Found: /test/cabin.png
WARNING 2017-03-13 09:59:23,114 Not Found: /test/cabin.png
WARNING 2017-03-13 09:59:23,125 Not Found: /test/cake.png
WARNING 2017-03-13 09:59:23,125 Not Found: /test/cake.png
WARNING 2017-03-13 09:59:23,132 Not Found: /test/game.png
WARNING 2017-03-13 09:59:23,134 Not Found: /test/circus.png
WARNING 2017-03-13 09:59:23,132 Not Found: /test/game.png
WARNING 2017-03-13 09:59:23,134 Not Found: /test/circus.png
WARNING 2017-03-13 09:59:23,438 Not Found: /test/user.png
WARNING 2017-03-13 09:59:23,438 Not Found: /test/user.png
WARNING 2017-03-14 16:22:53,422 Not Found: /favicon.ico
WARNING 2017-03-14 16:22:53,422 Not Found: /favicon.ico
