INFO 2016-11-11 16:07:31,974 
frontend.views.uav.frontend_my_uav_monitoring,Deluxe, Monitoring UAV Successed.{ID:1,uav_id:1,job_id:25,uav_job_detail_id:12}
ERROR 2016-11-11 16:08:11,875 
frontend.views.uav.frontend_my_uav_monitoring,Deluxe, Monitoring UAV Failed. {ID:1,uav_id:1}
Traceback (most recent call last):
  File "C:\uav\frontend\views\uav\frontend_my_uav_monitoring.py", line 41, in frontend_my_uav_monitoring
    job_detail = UAaV_Job_Detail.objects.get(job_id=job.id,uav_id=uav_id)
NameError: name 'UAaV_Job_Detail' is not defined

INFO 2016-11-11 16:08:33,876 
frontend.views.uav.frontend_my_uav_monitoring,Deluxe, Monitoring UAV Successed.{ID:1,uav_id:1,job_id:25,uav_job_detail_id:12}
INFO 2016-11-11 16:08:38,111 
frontend.views.uav.frontend_my_uav_monitoring,Deluxe, Monitoring UAV Successed.{ID:1,uav_id:1,job_id:25,uav_job_detail_id:12}
INFO 2016-11-11 16:08:39,393 
frontend.views.uav.frontend_my_uav_monitoring,Deluxe, Monitoring UAV Successed.{ID:1,uav_id:1,job_id:25,uav_job_detail_id:12}
INFO 2016-11-11 16:08:39,826 
frontend.views.uav.frontend_my_uav_monitoring,Deluxe, Monitoring UAV Successed.{ID:1,uav_id:1,job_id:25,uav_job_detail_id:12}
INFO 2016-11-11 16:08:41,616 
frontend.views.uav.frontend_my_uav_monitoring,Deluxe, Monitoring UAV Successed.{ID:1,uav_id:1,job_id:25,uav_job_detail_id:12}
INFO 2016-11-11 16:08:42,674 
frontend.views.uav.frontend_my_uav_monitoring,Deluxe, Monitoring UAV Successed.{ID:1,uav_id:1,job_id:25,uav_job_detail_id:12}
INFO 2016-11-11 16:13:43,221 
frontend.views.uav.frontend_my_uav_monitoring,Deluxe, Monitoring UAV Successed.{ID:1,uav_id:1,job_id:25,uav_job_detail_id:12}
