INFO 2016-12-09 14:32:44,534 
frontend.views.job.frontend_uav_job_detail,Deluxe, Check the UAVJOB **CONFIRM** Detail Successed.{ID:1,uav_id:1,job_id:36,uav_job_detail_id:14}
INFO 2016-12-09 14:32:46,707 
frontend.views.job.frontend_uav_job_detail,Deluxe, Check the UAVJOB Detail Successed.{ID:1,uav_id:1,job_id:36,uav_job_detail_id:14}
INFO 2016-12-09 14:32:56,809 
frontend.views.job.frontend_uav_job_detail,Deluxe, Check the UAVJOB Detail Successed.{ID:1,uav_id:1,job_id:36,uav_job_detail_id:14}
ERROR 2016-12-09 14:33:57,520 
frontend.views.job.frontend_uav_job_detail,Deluxe, UAVJOB Detail Failed. {ID:1,uav_job_detail_id:14}
Traceback (most recent call last):
  File "c:\uav\frontend\views\job\frontend_uav_job_detail.py", line 27, in frontend_uav_job_detail
    job_detail = UAV_Job_Detail.objects.get(id=uavjob_id)
  File "C:\Python34\lib\site-packages\django\db\models\manager.py", line 127, in manager_method
    return getattr(self.get_queryset(), name)(*args, **kwargs)
  File "C:\Python34\lib\site-packages\django\db\models\query.py", line 334, in get
    self.model._meta.object_name
model.models.DoesNotExist: UAV_Job_Detail matching query does not exist.

INFO 2016-12-09 14:35:11,966 
frontend.views.job.frontend_uav_job_detail,Deluxe, Check the UAVJOB **CONFIRM** Detail Successed.{ID:1,uav_id:4,job_id:36,uav_job_detail_id:15}
INFO 2016-12-09 14:35:13,751 
frontend.views.job.frontend_uav_job_detail,Deluxe, Check the UAVJOB Detail Successed.{ID:1,uav_id:4,job_id:36,uav_job_detail_id:15}
INFO 2016-12-09 14:35:17,684 
frontend.views.job.frontend_uav_job_detail,Deluxe, Check the UAVJOB Detail Successed.{ID:1,uav_id:4,job_id:36,uav_job_detail_id:15}
INFO 2016-12-09 14:36:48,146 
frontend.views.job.frontend_uav_job_detail,Deluxe, Check the UAVJOB Detail Successed.{ID:1,uav_id:4,job_id:36,uav_job_detail_id:15}
INFO 2016-12-09 16:19:21,165 
frontend.views.job.frontend_uav_job_detail,Deluxe, Check the UAVJOB Detail Successed.{ID:1,uav_id:4,job_id:36,uav_job_detail_id:15}
INFO 2016-12-09 16:20:22,704 
frontend.views.job.frontend_uav_job_detail,Deluxe, Check the UAVJOB Detail Successed.{ID:1,uav_id:4,job_id:36,uav_job_detail_id:15}
INFO 2016-12-09 16:20:25,611 
frontend.views.job.frontend_uav_job_detail,Deluxe, Check the UAVJOB Detail Successed.{ID:1,uav_id:4,job_id:36,uav_job_detail_id:15}
INFO 2016-12-09 16:20:31,585 
frontend.views.job.frontend_uav_job_detail,Deluxe, Check the UAVJOB Detail Successed.{ID:1,uav_id:4,job_id:36,uav_job_detail_id:15}
INFO 2016-12-09 16:20:33,635 
frontend.views.job.frontend_uav_job_detail,Deluxe, Check the UAVJOB Detail Successed.{ID:1,uav_id:4,job_id:36,uav_job_detail_id:15}
INFO 2016-12-09 16:22:55,271 
frontend.views.job.frontend_uav_job_detail,Deluxe, Check the UAVJOB Detail Successed.{ID:1,uav_id:4,job_id:36,uav_job_detail_id:15}
INFO 2016-12-09 16:22:58,792 
frontend.views.job.frontend_uav_job_detail,Deluxe, Check the UAVJOB Detail Successed.{ID:1,uav_id:4,job_id:36,uav_job_detail_id:15}
INFO 2016-12-09 16:23:05,140 
frontend.views.job.frontend_uav_job_detail,Deluxe, Check the UAVJOB Detail Successed.{ID:1,uav_id:4,job_id:36,uav_job_detail_id:15}
INFO 2016-12-09 16:28:05,328 
frontend.views.job.frontend_uav_job_detail,Deluxe, Check the UAVJOB Detail Successed.{ID:1,uav_id:4,job_id:36,uav_job_detail_id:15}
INFO 2016-12-09 16:31:12,257 
frontend.views.job.frontend_uav_job_detail,Deluxe, Check the UAVJOB Detail Successed.{ID:1,uav_id:4,job_id:36,uav_job_detail_id:15}
INFO 2016-12-09 16:32:45,288 
frontend.views.job.frontend_uav_job_detail,Deluxe, Check the UAVJOB Detail Successed.{ID:1,uav_id:4,job_id:36,uav_job_detail_id:15}
INFO 2016-12-09 16:32:47,285 
frontend.views.job.frontend_uav_job_detail,Deluxe, Check the UAVJOB Detail Successed.{ID:1,uav_id:4,job_id:36,uav_job_detail_id:15}
INFO 2016-12-09 16:32:49,190 
frontend.views.job.frontend_uav_job_detail,Deluxe, Check the UAVJOB Detail Successed.{ID:1,uav_id:4,job_id:36,uav_job_detail_id:15}
INFO 2016-12-09 16:35:37,426 
frontend.views.job.frontend_uav_job_detail,Deluxe, Check the UAVJOB Detail Successed.{ID:1,uav_id:4,job_id:36,uav_job_detail_id:15}
INFO 2016-12-09 16:36:22,649 
frontend.views.job.frontend_uav_job_detail,Deluxe, Check the UAVJOB Detail Successed.{ID:1,uav_id:4,job_id:36,uav_job_detail_id:15}
INFO 2016-12-09 16:36:44,446 
frontend.views.job.frontend_uav_job_detail,Deluxe, Check the UAVJOB Detail Successed.{ID:1,uav_id:4,job_id:36,uav_job_detail_id:15}
INFO 2016-12-09 16:37:38,529 
frontend.views.job.frontend_uav_job_detail,Deluxe, Check the UAVJOB Detail Successed.{ID:1,uav_id:4,job_id:36,uav_job_detail_id:15}
INFO 2016-12-09 16:38:19,690 
frontend.views.job.frontend_uav_job_detail,Deluxe, Check the UAVJOB Detail Successed.{ID:1,uav_id:4,job_id:36,uav_job_detail_id:15}
INFO 2016-12-09 16:38:23,231 
frontend.views.job.frontend_uav_job_detail,Deluxe, Check the UAVJOB Detail Successed.{ID:1,uav_id:4,job_id:36,uav_job_detail_id:15}
INFO 2016-12-09 16:38:48,048 
frontend.views.job.frontend_uav_job_detail,Deluxe, Check the UAVJOB Detail Successed.{ID:1,uav_id:4,job_id:36,uav_job_detail_id:15}
INFO 2016-12-09 16:38:52,218 
frontend.views.job.frontend_uav_job_detail,Deluxe, Check the UAVJOB Detail Successed.{ID:1,uav_id:4,job_id:36,uav_job_detail_id:15}
INFO 2016-12-09 16:38:54,523 
frontend.views.job.frontend_uav_job_detail,Deluxe, Check the UAVJOB Detail Successed.{ID:1,uav_id:4,job_id:36,uav_job_detail_id:15}
INFO 2016-12-09 16:38:58,196 
frontend.views.job.frontend_uav_job_detail,Deluxe, Check the UAVJOB Detail Successed.{ID:1,uav_id:4,job_id:36,uav_job_detail_id:15}
INFO 2016-12-09 16:39:55,573 
frontend.views.job.frontend_uav_job_detail,Deluxe, Check the UAVJOB Detail Successed.{ID:1,uav_id:4,job_id:36,uav_job_detail_id:15}
INFO 2016-12-09 16:41:10,280 
frontend.views.job.frontend_uav_job_detail,Deluxe, Check the UAVJOB Detail Successed.{ID:1,uav_id:4,job_id:36,uav_job_detail_id:15}
INFO 2016-12-09 16:42:22,535 
frontend.views.job.frontend_uav_job_detail,Deluxe, Check the UAVJOB Detail Successed.{ID:1,uav_id:4,job_id:36,uav_job_detail_id:15}
INFO 2016-12-09 16:42:23,988 
frontend.views.job.frontend_uav_job_detail,Deluxe, Check the UAVJOB Detail Successed.{ID:1,uav_id:4,job_id:36,uav_job_detail_id:15}
INFO 2016-12-09 16:42:25,421 
frontend.views.job.frontend_uav_job_detail,Deluxe, Check the UAVJOB Detail Successed.{ID:1,uav_id:4,job_id:36,uav_job_detail_id:15}
INFO 2016-12-09 16:42:26,313 
frontend.views.job.frontend_uav_job_detail,Deluxe, Check the UAVJOB Detail Successed.{ID:1,uav_id:4,job_id:36,uav_job_detail_id:15}
INFO 2016-12-09 16:42:27,130 
frontend.views.job.frontend_uav_job_detail,Deluxe, Check the UAVJOB Detail Successed.{ID:1,uav_id:4,job_id:36,uav_job_detail_id:15}
INFO 2016-12-09 16:42:27,990 
frontend.views.job.frontend_uav_job_detail,Deluxe, Check the UAVJOB Detail Successed.{ID:1,uav_id:4,job_id:36,uav_job_detail_id:15}
INFO 2016-12-09 16:42:39,206 
frontend.views.job.frontend_uav_job_detail,Deluxe, Check the UAVJOB Detail Successed.{ID:1,uav_id:4,job_id:36,uav_job_detail_id:15}
INFO 2016-12-09 16:42:43,219 
frontend.views.job.frontend_uav_job_detail,Deluxe, Check the UAVJOB Detail Successed.{ID:1,uav_id:4,job_id:36,uav_job_detail_id:15}
INFO 2016-12-09 16:42:44,971 
frontend.views.job.frontend_uav_job_detail,Deluxe, Check the UAVJOB Detail Successed.{ID:1,uav_id:4,job_id:36,uav_job_detail_id:15}
INFO 2016-12-09 16:42:46,804 
frontend.views.job.frontend_uav_job_detail,Deluxe, Check the UAVJOB Detail Successed.{ID:1,uav_id:4,job_id:36,uav_job_detail_id:15}
INFO 2016-12-09 16:46:24,581 
frontend.views.job.frontend_uav_job_detail,Deluxe, Check the UAVJOB Detail Successed.{ID:1,uav_id:4,job_id:36,uav_job_detail_id:15}
INFO 2016-12-09 16:47:46,423 
frontend.views.job.frontend_uav_job_detail,Deluxe, Check the UAVJOB Detail Successed.{ID:1,uav_id:4,job_id:36,uav_job_detail_id:15}
INFO 2016-12-09 16:47:56,696 
frontend.views.job.frontend_uav_job_detail,Deluxe, Check the UAVJOB Detail Successed.{ID:1,uav_id:4,job_id:36,uav_job_detail_id:15}
INFO 2016-12-09 16:48:19,619 
frontend.views.job.frontend_uav_job_detail,Deluxe, Check the UAVJOB Detail Successed.{ID:1,uav_id:4,job_id:36,uav_job_detail_id:15}
INFO 2016-12-09 16:48:26,622 
frontend.views.job.frontend_uav_job_detail,Deluxe, Check the UAVJOB Detail Successed.{ID:1,uav_id:4,job_id:36,uav_job_detail_id:15}
INFO 2016-12-09 16:49:13,550 
frontend.views.job.frontend_uav_job_detail,Deluxe, Check the UAVJOB Detail Successed.{ID:1,uav_id:4,job_id:36,uav_job_detail_id:15}
INFO 2016-12-09 16:49:28,163 
frontend.views.job.frontend_uav_job_detail,Deluxe, Check the UAVJOB Detail Successed.{ID:1,uav_id:4,job_id:36,uav_job_detail_id:15}
INFO 2016-12-09 16:49:30,686 
frontend.views.job.frontend_uav_job_detail,Deluxe, Check the UAVJOB Detail Successed.{ID:1,uav_id:4,job_id:36,uav_job_detail_id:15}
INFO 2016-12-09 16:49:46,472 
frontend.views.job.frontend_uav_job_detail,Deluxe, Check the UAVJOB Detail Successed.{ID:1,uav_id:4,job_id:36,uav_job_detail_id:15}
INFO 2016-12-09 16:50:09,750 
frontend.views.job.frontend_uav_job_detail,Deluxe, Check the UAVJOB Detail Successed.{ID:1,uav_id:4,job_id:36,uav_job_detail_id:15}
INFO 2016-12-09 16:50:22,308 
frontend.views.job.frontend_uav_job_detail,Deluxe, Check the UAVJOB Detail Successed.{ID:1,uav_id:4,job_id:36,uav_job_detail_id:15}
INFO 2016-12-09 16:50:34,588 
frontend.views.job.frontend_uav_job_detail,Deluxe, Check the UAVJOB Detail Successed.{ID:1,uav_id:4,job_id:36,uav_job_detail_id:15}
INFO 2016-12-09 16:51:08,439 
frontend.views.job.frontend_uav_job_detail,Deluxe, Check the UAVJOB Detail Successed.{ID:1,uav_id:4,job_id:36,uav_job_detail_id:15}
INFO 2016-12-09 16:51:10,701 
frontend.views.job.frontend_uav_job_detail,Deluxe, Check the UAVJOB Detail Successed.{ID:1,uav_id:4,job_id:36,uav_job_detail_id:15}
INFO 2016-12-09 16:51:29,603 
frontend.views.job.frontend_uav_job_detail,Deluxe, Check the UAVJOB Detail Successed.{ID:1,uav_id:4,job_id:36,uav_job_detail_id:15}
INFO 2016-12-09 16:51:42,164 
frontend.views.job.frontend_uav_job_detail,Deluxe, Check the UAVJOB Detail Successed.{ID:1,uav_id:4,job_id:36,uav_job_detail_id:15}
INFO 2016-12-09 16:51:59,347 
frontend.views.job.frontend_uav_job_detail,Deluxe, Check the UAVJOB Detail Successed.{ID:1,uav_id:4,job_id:36,uav_job_detail_id:15}
INFO 2016-12-09 16:52:13,406 
frontend.views.job.frontend_uav_job_detail,Deluxe, Check the UAVJOB Detail Successed.{ID:1,uav_id:4,job_id:36,uav_job_detail_id:15}
INFO 2016-12-09 16:52:34,870 
frontend.views.job.frontend_uav_job_detail,Deluxe, Check the UAVJOB Detail Successed.{ID:1,uav_id:4,job_id:36,uav_job_detail_id:15}
INFO 2016-12-09 16:52:59,618 
frontend.views.job.frontend_uav_job_detail,Deluxe, Check the UAVJOB Detail Successed.{ID:1,uav_id:4,job_id:36,uav_job_detail_id:15}
INFO 2016-12-09 16:53:12,824 
frontend.views.job.frontend_uav_job_detail,Deluxe, Check the UAVJOB Detail Successed.{ID:1,uav_id:4,job_id:36,uav_job_detail_id:15}
INFO 2016-12-09 16:53:26,262 
frontend.views.job.frontend_uav_job_detail,Deluxe, Check the UAVJOB Detail Successed.{ID:1,uav_id:4,job_id:36,uav_job_detail_id:15}
INFO 2016-12-09 16:53:43,586 
frontend.views.job.frontend_uav_job_detail,Deluxe, Check the UAVJOB Detail Successed.{ID:1,uav_id:4,job_id:36,uav_job_detail_id:15}
INFO 2016-12-09 16:53:51,170 
frontend.views.job.frontend_uav_job_detail,Deluxe, Check the UAVJOB Detail Successed.{ID:1,uav_id:4,job_id:36,uav_job_detail_id:15}
INFO 2016-12-09 16:54:02,421 
frontend.views.job.frontend_uav_job_detail,Deluxe, Check the UAVJOB Detail Successed.{ID:1,uav_id:4,job_id:36,uav_job_detail_id:15}
INFO 2016-12-09 16:54:17,336 
frontend.views.job.frontend_uav_job_detail,Deluxe, Check the UAVJOB Detail Successed.{ID:1,uav_id:4,job_id:36,uav_job_detail_id:15}
INFO 2016-12-09 16:54:22,789 
frontend.views.job.frontend_uav_job_detail,Deluxe, Check the UAVJOB Detail Successed.{ID:1,uav_id:4,job_id:36,uav_job_detail_id:15}
INFO 2016-12-09 16:54:24,132 
frontend.views.job.frontend_uav_job_detail,Deluxe, Check the UAVJOB Detail Successed.{ID:1,uav_id:4,job_id:36,uav_job_detail_id:15}
INFO 2016-12-09 16:54:49,574 
frontend.views.job.frontend_uav_job_detail,Deluxe, Check the UAVJOB Detail Successed.{ID:1,uav_id:4,job_id:36,uav_job_detail_id:15}
INFO 2016-12-09 16:54:57,877 
frontend.views.job.frontend_uav_job_detail,Deluxe, Check the UAVJOB Detail Successed.{ID:1,uav_id:4,job_id:36,uav_job_detail_id:15}
INFO 2016-12-09 16:55:30,665 
frontend.views.job.frontend_uav_job_detail,Deluxe, Check the UAVJOB Detail Successed.{ID:1,uav_id:4,job_id:36,uav_job_detail_id:15}
INFO 2016-12-09 16:56:14,671 
frontend.views.job.frontend_uav_job_detail,Deluxe, Check the UAVJOB Detail Successed.{ID:1,uav_id:4,job_id:36,uav_job_detail_id:15}
INFO 2016-12-09 16:56:35,200 
frontend.views.job.frontend_uav_job_detail,Deluxe, Check the UAVJOB Detail Successed.{ID:1,uav_id:4,job_id:36,uav_job_detail_id:15}
INFO 2016-12-09 16:56:44,409 
frontend.views.job.frontend_uav_job_detail,Deluxe, Check the UAVJOB Detail Successed.{ID:1,uav_id:4,job_id:36,uav_job_detail_id:15}
INFO 2016-12-09 16:56:55,473 
frontend.views.job.frontend_uav_job_detail,Deluxe, Check the UAVJOB Detail Successed.{ID:1,uav_id:4,job_id:36,uav_job_detail_id:15}
INFO 2016-12-09 17:00:11,233 
frontend.views.job.frontend_uav_job_detail,Deluxe, Check the UAVJOB Detail Successed.{ID:1,uav_id:4,job_id:36,uav_job_detail_id:15}
INFO 2016-12-09 17:02:10,818 
frontend.views.job.frontend_uav_job_detail,Deluxe, Check the UAVJOB Detail Successed.{ID:1,uav_id:4,job_id:36,uav_job_detail_id:15}
INFO 2016-12-09 17:03:16,007 
frontend.views.job.frontend_uav_job_detail,Deluxe, Check the UAVJOB Detail Successed.{ID:1,uav_id:4,job_id:36,uav_job_detail_id:15}
INFO 2016-12-09 17:03:17,412 
frontend.views.job.frontend_uav_job_detail,Deluxe, Check the UAVJOB Detail Successed.{ID:1,uav_id:4,job_id:36,uav_job_detail_id:15}
INFO 2016-12-09 17:03:18,252 
frontend.views.job.frontend_uav_job_detail,Deluxe, Check the UAVJOB Detail Successed.{ID:1,uav_id:4,job_id:36,uav_job_detail_id:15}
INFO 2016-12-09 17:03:19,226 
frontend.views.job.frontend_uav_job_detail,Deluxe, Check the UAVJOB Detail Successed.{ID:1,uav_id:4,job_id:36,uav_job_detail_id:15}
INFO 2016-12-09 17:03:20,328 
frontend.views.job.frontend_uav_job_detail,Deluxe, Check the UAVJOB Detail Successed.{ID:1,uav_id:4,job_id:36,uav_job_detail_id:15}
INFO 2016-12-09 17:03:21,520 
frontend.views.job.frontend_uav_job_detail,Deluxe, Check the UAVJOB Detail Successed.{ID:1,uav_id:4,job_id:36,uav_job_detail_id:15}
INFO 2016-12-09 17:03:22,685 
frontend.views.job.frontend_uav_job_detail,Deluxe, Check the UAVJOB Detail Successed.{ID:1,uav_id:4,job_id:36,uav_job_detail_id:15}
INFO 2016-12-09 17:03:32,419 
frontend.views.job.frontend_uav_job_detail,Deluxe, Check the UAVJOB Detail Successed.{ID:1,uav_id:4,job_id:36,uav_job_detail_id:15}
INFO 2016-12-09 17:03:33,261 
frontend.views.job.frontend_uav_job_detail,Deluxe, Check the UAVJOB Detail Successed.{ID:1,uav_id:4,job_id:36,uav_job_detail_id:15}
INFO 2016-12-09 17:03:33,935 
frontend.views.job.frontend_uav_job_detail,Deluxe, Check the UAVJOB Detail Successed.{ID:1,uav_id:4,job_id:36,uav_job_detail_id:15}
INFO 2016-12-09 17:03:34,556 
frontend.views.job.frontend_uav_job_detail,Deluxe, Check the UAVJOB Detail Successed.{ID:1,uav_id:4,job_id:36,uav_job_detail_id:15}
INFO 2016-12-09 17:03:35,154 
frontend.views.job.frontend_uav_job_detail,Deluxe, Check the UAVJOB Detail Successed.{ID:1,uav_id:4,job_id:36,uav_job_detail_id:15}
INFO 2016-12-09 17:03:36,131 
frontend.views.job.frontend_uav_job_detail,Deluxe, Check the UAVJOB Detail Successed.{ID:1,uav_id:4,job_id:36,uav_job_detail_id:15}
INFO 2016-12-09 17:03:36,466 
frontend.views.job.frontend_uav_job_detail,Deluxe, Check the UAVJOB Detail Successed.{ID:1,uav_id:4,job_id:36,uav_job_detail_id:15}
INFO 2016-12-09 17:03:37,237 
frontend.views.job.frontend_uav_job_detail,Deluxe, Check the UAVJOB Detail Successed.{ID:1,uav_id:4,job_id:36,uav_job_detail_id:15}
INFO 2016-12-09 17:03:38,274 
frontend.views.job.frontend_uav_job_detail,Deluxe, Check the UAVJOB Detail Successed.{ID:1,uav_id:4,job_id:36,uav_job_detail_id:15}
INFO 2016-12-09 17:03:38,625 
frontend.views.job.frontend_uav_job_detail,Deluxe, Check the UAVJOB Detail Successed.{ID:1,uav_id:4,job_id:36,uav_job_detail_id:15}
